"../../../Engine/Content/Functions/Engine_MaterialFunctions01/Shading/PowerToRoughness.uasset" 0
"../../../Engine/Content/Functions/Engine_MaterialFunctions01/Shading/ConvertFromDiffSpec.uasset" 1
"../../../Engine/Content/EngineMaterials/DefaultDiffuse.uasset" 2
"../../../Engine/Content/EngineMaterials/DefaultDeferredDecalMaterial.uasset" 3
"../../../Engine/Content/EngineMaterials/DefaultLightFunctionMaterial.uasset" 4
"../../../Engine/Content/Functions/Engine_MaterialFunctions02/Utility/BreakOutFloat2Components.uasset" 5
"../../../Engine/Content/EngineMaterials/DefaultPostProcessMaterial.uasset" 6
"../../../Engine/Content/EditorMaterials/Camera/CineMat.uasset" 7
"../../../Engine/Content/EditorMaterials/Camera/MI_CineMat_Rig.uasset" 8
"../../../Engine/Content/EditorMeshes/Camera/SM_CraneRig_Base.uasset" 9
"../../../Engine/Content/EditorMeshes/Camera/SM_CraneRig_Arm.uasset" 10
"../../../Engine/Content/EditorMeshes/Camera/SM_CraneRig_Mount.uasset" 11
"../../../Engine/Content/EditorMeshes/Camera/SM_CraneRig_Body.uasset" 12
"../../../Engine/Content/EditorMeshes/Camera/SM_RailRig_Track.uasset" 13
"../../../Engine/Content/EditorMeshes/Camera/SM_RailRig_Mount.uasset" 14
"../../../Engine/Content/EngineResources/AICON-Red.uasset" 15
"../../../Engine/Content/EngineResources/AICON-Green.uasset" 16
"../../../Engine/Content/EngineFonts/Roboto.uasset" 17
"../../../Engine/Content/EngineResources/DefaultTexture.uasset" 18
"../../../Engine/Content/Functions/Engine_MaterialFunctions01/Texturing/ScaleUVsByCenter.uasset" 19
"../../../Engine/Content/Functions/Engine_MaterialFunctions02/ScreenResolution.uasset" 20
"../../../Engine/Content/Functions/Engine_MaterialFunctions02/Texturing/ScreenAlignedUVs.uasset" 21
"../../../Engine/Content/EngineResources/WhiteSquareTexture.uasset" 22
"../../../Engine/Content/EngineMaterials/Widget3DPassThrough.uasset" 23
"../../../Engine/Content/EngineMaterials/Widget3DPassThrough_Translucent.uasset" 24
"../../../Engine/Content/EngineMaterials/Widget3DPassThrough_Translucent_OneSided.uasset" 25
"../../../Engine/Content/EngineMaterials/Widget3DPassThrough_Opaque.uasset" 26
"../../../Engine/Content/EngineMaterials/Widget3DPassThrough_Opaque_OneSided.uasset" 27
"../../../Engine/Content/EngineMaterials/Widget3DPassThrough_Masked.uasset" 28
"../../../Engine/Content/EngineMaterials/Widget3DPassThrough_Masked_OneSided.uasset" 29
"../../../Engine/Content/EditorResources/S_Actor.uasset" 30
"../../../Engine/Content/EditorMaterials/AssetViewer/EpicQuadPanorama_CC+EV1.uasset" 31
"../../../Engine/Content/EditorResources/RGBTable16x1_AssetViewer.uasset" 32
"../../../Engine/Content/Maps/Templates/Thumbnails/Default.uasset" 33
"../../../Engine/Content/Maps/Templates/Thumbnails/VR-Basic.uasset" 34
"../../../Engine/Content/EditorMaterials/ParticleSystems/PSysThumbnail_NoImage.uasset" 35
"../../../Engine/Content/EditorMaterials/ParticleSystems/PSysThumbnail_OOD.uasset" 36
"../../../Engine/Content/EditorLandscapeResources/DataLayer.uasset" 37
"../../../Engine/Content/EngineDamageTypes/DmgTypeBP_Environmental.uasset" 38
"../../../Engine/Content/EngineMeshes/Sphere.uasset" 39
"../../../Engine/Content/EngineFonts/RobotoDistanceField.uasset" 40
"../../../Engine/Content/EngineMaterials/DefaultTextMaterialOpaque.uasset" 41
"../../../Engine/Content/EditorResources/S_Trigger.uasset" 42
"../../../Engine/Content/EngineResources/GradientTexture0.uasset" 43
"../../../Engine/Content/EngineResources/Black.uasset" 44
"../../../Engine/Content/EditorMaterials/MatineeGroups/MAT_Groups_Float.uasset" 45
"../../../Engine/Content/EditorMaterials/MatineeGroups/MAT_Groups_Director.uasset" 46
"../../../Engine/Content/EditorMaterials/MatineeGroups/MAT_Groups_Event.uasset" 47
"../../../Engine/Content/EditorMaterials/MatineeGroups/MAT_Groups_Anim.uasset" 48
"../../../Engine/Content/EditorMaterials/MatineeGroups/MAT_Groups_Fade.uasset" 49
"../../../Engine/Content/EditorMaterials/MatineeGroups/MAT_Groups_Move.uasset" 50
"../../../Engine/Content/EditorMaterials/MatineeGroups/MAT_Groups_Slomo.uasset" 51
"../../../Engine/Content/EditorMaterials/MatineeGroups/MAT_ColorTrack.uasset" 52
"../../../Engine/Content/EditorMaterials/MAT_Groups_Toggle.uasset" 53
"../../../Engine/Content/EditorMaterials/MatineeGroups/MAT_Groups_AudioMaster.uasset" 54
"../../../Engine/Content/EditorMaterials/MatineeGroups/MAT_Groups_Sound.uasset" 55
"../../../Engine/Content/EditorMaterials/MatineeGroups/MAT_Groups_Vector.uasset" 56
"../../../Engine/Content/EditorMaterials/MAT_Groups_Visibility.uasset" 57
"../../../Engine/Content/EngineResources/DefaultTextureCube.uasset" 58
"../../../Engine/Content/Functions/Engine_MaterialFunctions01/Opacity/CameraDepthFade.uasset" 59
"../../../Engine/Content/EngineMaterials/T_Default_Material_Grid_M.uasset" 60
"../../../Engine/Content/EngineMaterials/T_Default_Material_Grid_N.uasset" 61
"../../../Engine/Content/EngineMaterials/DefaultMaterial.uasset" 62
"../../../Engine/Content/EngineMeshes/Cylinder.uasset" 63
"../../../Engine/Content/EngineTireTypes/DefaultTireType.uasset" 64
"../../../Engine/Content/VREditor/LaserPointer/VR_LaserPower_01.uasset" 65
"../../../Engine/Content/VREditor/TransformGizmo/TransformGizmoMaterial.uasset" 66
"../../../Engine/Content/VREditor/TransformGizmo/TranslucentTransformGizmoMaterial.uasset" 67
"../../../Engine/Content/VREditor/TransformGizmo/UniformScaleHandle.uasset" 68
"../../../Engine/Content/VREditor/TransformGizmo/TranslateHandleLong.uasset" 69
"../../../Engine/Content/VREditor/TransformGizmo/PlaneTranslationHandle.uasset" 70
"../../../Engine/Content/VREditor/TransformGizmo/RotationHandleFull.uasset" 71
"../../../Engine/Content/VREditor/TransformGizmo/StretchingHandle.uasset" 72
"../../../Engine/Content/VREditor/TransformGizmo/BoundingBoxCorner.uasset" 73
"../../../Engine/Content/VREditor/TransformGizmo/BoundingBoxEdge.uasset" 74
"../../../Engine/Content/VREditor/UI/SelectionBarMesh.uasset" 75
"../../../Engine/Content/VREditor/UI/CloseButtonMesh.uasset" 76
"../../../Engine/Content/VREditor/FloatingText/LineMaterial.uasset" 77
"../../../Engine/Content/VREditor/FloatingText/LineSegmentCylinder.uasset" 78
"../../../Engine/Content/VREditor/FloatingText/JointSphere.uasset" 79
"../../../Engine/Content/VREditor/Fonts/VRText_RobotoLarge.uasset" 80
"../../../Engine/Content/VREditor/Fonts/VRTextMaterial.uasset" 81
"../../../Engine/Content/VREditor/Fonts/TranslucentVRTextMaterial.uasset" 82
"../../../Engine/Content/VREditor/TransformGizmo/TranslationHandle.uasset" 83
"../../../Engine/Content/VREditor/TransformGizmo/RotationHandle.uasset" 84
"../../../Engine/Content/VREditor/Devices/Generic/GenericHMDMaterial.uasset" 85
"../../../Engine/Content/VREditor/Devices/Generic/GenericHMD.uasset" 86
"../../../Engine/Content/Functions/Engine_MaterialFunctions01/Gradient/RadialGradient.uasset" 87
"../../../Engine/Content/EditorLandscapeResources/FlattenHeightMat.uasset" 88
"../../../Engine/Content/VREditor/WorldMovementGrid/PlaneMesh.uasset" 89
"../../../Engine/Content/VREditor/WorldMovementGrid/SimpleGrid.uasset" 90
"../../../Engine/Content/VREditor/WorldMovementGrid/GridMaterial.uasset" 91
"../../../Engine/Content/VREditor/LaserPointer/LaserPointerMaterial.uasset" 92
"../../../Engine/Content/VREditor/LaserPointer/LaserPointerMaterialInst.uasset" 93
"../../../Engine/Content/VREditor/LaserPointer/TranslucentLaserPointerMaterialInst.uasset" 94
"../../../Engine/Content/VREditor/LaserPointer/LaserPointerMesh.uasset" 95
"../../../Engine/Content/Functions/Engine_MaterialFunctions01/Density/ExponentialDensity.uasset" 96
"../../../Engine/Content/VREditor/WorldMovementGrid/GridPostProcess.uasset" 97
"../../../Engine/Content/VREditor/Sounds/VR_teleport_Cue.uasset" 98
"../../../Engine/Content/VREditor/Sounds/VR_grab_Cue.uasset" 99
"../../../Engine/Content/Tutorial/ContentIntroCurve.uasset" 100
"../../../Engine/Plugins/2D/Paper2D/Content/PlaceholderTextures/DummySpriteTexture.uasset" 101
"../../../Engine/Plugins/2D/Paper2D/Content/DefaultSpriteMaterial.uasset" 102
"../../../Engine/Plugins/2D/Paper2D/Content/MaskedUnlitSpriteMaterial.uasset" 103
"../../../Engine/Plugins/2D/Paper2D/Content/OpaqueUnlitSpriteMaterial.uasset" 104
"../../../Engine/Plugins/2D/Paper2D/Content/DummySprite.uasset" 105
"../../../Engine/Plugins/2D/Paper2D/Content/DefaultPaperTerrainMaterial.uasset" 106
"../../../Engine/Content/EngineMaterials/RemoveSurfaceMaterial.uasset" 107
"../../../Engine/Content/EngineDebugMaterials/DebugMeshMaterial.uasset" 108
"../../../Engine/Content/EngineMaterials/InvalidLightmapSettings.uasset" 109
"../../../Engine/Content/EngineMaterials/M_InvalidLightmapSettings.uasset" 110
"../../../Engine/Content/EditorMaterials/GizmoMaterial.uasset" 111
"../../../Engine/Content/EngineMaterials/PhAT_JointLimitMaterial.uasset" 112
"../../../Engine/Content/EngineMaterials/Good64x64TilingNoiseHighFreq.uasset" 113
"../../../Engine/Content/EngineMaterials/DefaultBokeh.uasset" 114
"../../../Engine/Content/EngineMaterials/PreintegratedSkinBRDF.uasset" 115
"../../../Engine/Content/EngineMaterials/MiniFont.uasset" 116
"../../../Engine/Content/EngineMaterials/WeightMapPlaceholderTexture.uasset" 117
"../../../Engine/Content/EngineMaterials/DefaultWhiteGrid.uasset" 118
"../../../Engine/Content/EngineMaterials/DefaultPhysicalMaterial.uasset" 119
"../../../Engine/Content/EngineFonts/RobotoTiny.uasset" 120
"../../../Engine/Content/EditorSounds/Notifications/CompileSuccess.uasset" 121
"../../../Engine/Content/EditorSounds/Notifications/CompileStart_Cue.uasset" 122
"../../../Engine/Content/EditorSounds/Notifications/CompileSuccess_Cue.uasset" 123
"../../../Engine/Content/EditorSounds/Notifications/CompileFailed.uasset" 124
"../../../Engine/Content/EditorSounds/Notifications/CompileFailed_Cue.uasset" 125
"../../../Engine/Content/MobileResources/HUD/MobileHUDButtonFire.uasset" 126
"../../../Engine/Content/MobileResources/HUD/VirtualJoystick_Background.uasset" 127
"../../../Engine/Content/MobileResources/HUD/VirtualJoystick_Thumb.uasset" 128
"../../../Engine/Content/MobileResources/HUD/DefaultVirtualJoysticks.uasset" 129
"../../../Engine/Content/MobileResources/HUD/MobileHUDDirectionStick.uasset" 130
"../../../Engine/Content/MobileResources/HUD/T_Castle_ThumbstickOutter.uasset" 131
"../../../CameraControl/Content/aCupleOfImportantShit/Shapes/Shape_Plane.uasset" 132
"../../../Engine/Content/BasicShapes/Cone.uasset" 133
"../../../Engine/Content/BasicShapes/Cylinder.uasset" 134
"../../../Engine/Content/EditorMaterials/PreviewShadowIndicator.uasset" 135
"../../../Engine/Content/EditorMaterials/PreviewShadowIndicatorMaterial.uasset" 136
"../../../Engine/Content/EditorMeshes/ColorCalibrator/M_ChromeBall.uasset" 137
"../../../Engine/Content/EditorMeshes/ColorCalibrator/M_ClearCoat.uasset" 138
"../../../Engine/Content/EditorMeshes/ColorCalibrator/M_ClearCoatBlack.uasset" 139
"../../../Engine/Content/EditorMeshes/ColorCalibrator/T_ColorGrid.uasset" 140
"../../../Engine/Content/EditorMeshes/ColorCalibrator/M_ColorGrid.uasset" 141
"../../../Engine/Content/EditorMeshes/ColorCalibrator/M_GreyBall.uasset" 142
"../../../Engine/Content/EditorMeshes/ColorCalibrator/SM_ColorCalibrator.uasset" 143
"../../../Engine/Content/EditorResources/BSPVertex.uasset" 144
"../../../Engine/Content/EditorResources/EmptyActor.uasset" 145
"../../../Engine/Content/EditorResources/AudioIcons/S_AudioComponent.uasset" 146
"../../../Engine/Content/EditorResources/AudioIcons/S_AudioComponent_AutoActivate.uasset" 147
"../../../Engine/Content/EditorResources/LightIcons/S_LightError.uasset" 148
"../../../Engine/Content/EngineDebugMaterials/HeatmapGradient.uasset" 149
"../../../Engine/Content/EngineDebugMaterials/BoneWeightMaterial.uasset" 150
"../../../Engine/Content/EngineDebugMaterials/GeomMaterial.uasset" 151
"../../../Engine/Content/EngineMaterials/EditorBrushMaterial.uasset" 152
"../../../Engine/Content/EngineMeshes/Cube.uasset" 153
"../../../Engine/Content/MobileResources/T_MobileControls_texture.uasset" 154
"../../../Engine/Content/MobileResources/T_MobileMenu2.uasset" 155
"../../../Engine/Content/MobileResources/HUD/AnalogHat.uasset" 156
"../../../Engine/Content/MobileResources/HUD/LeftVirtualJoystickOnly.uasset" 157
"../../../Engine/Content/MobileResources/HUD/MobileHUDButton1_off.uasset" 158
"../../../Engine/Content/MobileResources/HUD/MobileHUDButton1_on.uasset" 159
"../../../Engine/Content/MobileResources/HUD/MobileHUDButton2_off.uasset" 160
"../../../Engine/Content/MobileResources/HUD/MobileHUDButton2_on.uasset" 161
"../../../Engine/Content/MobileResources/HUD/MobileHUDButton3.uasset" 162
"../../../Engine/Content/MobileResources/HUD/MobileHUDDirectionPad.uasset" 163
"../../../Engine/Content/MobileResources/HUD/MobileHUDDirectionPad2.uasset" 164
"../../../Engine/Content/MobileResources/HUD/MobileHUDDirectionPad3.uasset" 165
"../../../Engine/Content/MobileResources/HUD/T_Castle_ThumbstickInner.uasset" 166
"../../../Engine/Content/Tutorial/Basics/TutorialAssets/icon_tab_Levels_40x.uasset" 167
"../../../Engine/Content/Tutorial/BlueprintTutorials/TutorialAssets/BlueprintInterface_64x.uasset" 168
"../../../Engine/Content/Tutorial/BlueprintTutorials/TutorialAssets/BlueprintMacroLibrary_64x.uasset" 169
"../../../Engine/Content/Tutorial/BlueprintTutorials/TutorialAssets/Blueprint_64x.uasset" 170
"../../../Engine/Content/Tutorial/BlueprintTutorials/TutorialAssets/Tutorial_BP_Interface.uasset" 171
"../../../Engine/Content/Tutorial/Foliage/TutorialAssets/Foliage.uasset" 172
"../../../Engine/Content/Tutorial/Landscape/TutorialAssets/Landscape.uasset" 173
"../../../Engine/Content/Tutorial/Paper2D/TutorialAssets/Paper2DFlipbook_TutorialIcon.uasset" 174
"../../../Engine/Content/Tutorial/Paper2D/TutorialAssets/Paper2DSprite_TutorialIcon.uasset" 175
"../../../Engine/Content/Tutorial/SubEditors/TutorialAssets/icon_Editor_Preferences_General_40x.uasset" 176
"../../../Engine/Content/Tutorial/SubEditors/TutorialAssets/icon_ShowSkeletalMeshes_40x.uasset" 177
"../../../Engine/Content/Tutorial/SubEditors/TutorialAssets/TutorialMaterial.uasset" 178
"../../../Engine/Content/Tutorial/SubEditors/TutorialAssets/T_SmokeSubUV_8X8.uasset" 179
"../../../Engine/Content/Tutorial/SubEditors/TutorialAssets/T_soft_smoke.uasset" 180
"../../../Engine/Content/Tutorial/SubEditors/TutorialAssets/M_smoke_subUV_blackbody.uasset" 181
"../../../Engine/Content/Tutorial/SubEditors/TutorialAssets/TutorialParticleSystem.uasset" 182
"../../../Engine/Content/EngineMaterials/WorldGridMaterial.uasset" 183
"../../../Engine/Content/EditorMeshes/EditorCube.uasset" 184
"../../../Engine/Content/Tutorial/SubEditors/TutorialAssets/Tutorial_DM.uasset" 185
"../../../CameraControl/Content/aCupleOfImportantShit/Props/SM_Statue.uasset" 186
"../../../CameraControl/Content/AI_Stuff/AI/BT/NPC_BlackBoard.uasset" 187
"../../../Engine/Content/EditorBlueprintResources/StandardMacros.uasset" 188
"../../../CameraControl/Content/Art/Meshes/Characters/Bear/Curious/mrBear_Skeleton.uasset" 189
"../../../CameraControl/Content/Art/Meshes/Characters/Bear/Curious/talking.uasset" 190
"../../../CameraControl/Content/Art/Meshes/Characters/Bear/Curious/breathing_idle.uasset" 191
"../../../CameraControl/Content/Art/Meshes/Characters/Bear/Curious/swagger_walk_inPlace.uasset" 192
"../../../CameraControl/Content/Art/Meshes/Characters/Bear/Curious/MrBear_blending.uasset" 193
"../../../CameraControl/Content/Art/Meshes/Characters/Bear/Curious/MrBear_a_bp.uasset" 194
"../../../CameraControl/Content/Art/Meshes/Characters/Boy/Social/boy_Skeleton.uasset" 195
"../../../CameraControl/Content/Art/Meshes/Characters/Boy/Social/talking.uasset" 196
"../../../CameraControl/Content/Art/Meshes/Characters/Boy/Social/happy_idle.uasset" 197
"../../../CameraControl/Content/Art/Meshes/Characters/Boy/Social/walking_inPlace.uasset" 198
"../../../CameraControl/Content/Art/Meshes/Characters/Boy/Social/Boy_blend.uasset" 199
"../../../CameraControl/Content/AI_Stuff/AI/Personality_Enum.uasset" 200
"../../../CameraControl/Content/Art/Meshes/Characters/Boy/Social/Boy_AnimationBlueprint.uasset" 201
"../../../CameraControl/Content/Art/Meshes/Characters/Girl/explorer/girl_Skeleton.uasset" 202
"../../../CameraControl/Content/Art/Meshes/Characters/Girl/explorer/talking.uasset" 203
"../../../CameraControl/Content/Art/Meshes/Characters/Girl/explorer/female_walk_inPlace.uasset" 204
"../../../CameraControl/Content/Art/Meshes/Characters/Girl/explorer/happy_idle.uasset" 205
"../../../CameraControl/Content/Art/Meshes/Characters/Girl/explorer/Girl_anim_blendspace.uasset" 206
"../../../CameraControl/Content/Art/Meshes/Characters/Girl/explorer/Girl_anim_bp.uasset" 207
"../../../CameraControl/Content/Art/Meshes/Characters/MrGuau/naughty/mrGuau_Skeleton.uasset" 208
"../../../CameraControl/Content/Art/Meshes/Characters/MrGuau/naughty/talking.uasset" 209
"../../../CameraControl/Content/Art/Meshes/Characters/MrGuau/naughty/happy_idle.uasset" 210
"../../../CameraControl/Content/Art/Meshes/Characters/MrGuau/naughty/walking_inPlace.uasset" 211
"../../../CameraControl/Content/Art/Meshes/Characters/MrGuau/naughty/Blendspace_mrgua.uasset" 212
"../../../CameraControl/Content/Art/Meshes/Characters/MrGuau/naughty/MrGuau_a_bp.uasset" 213
"../../../CameraControl/Content/Art/Meshes/Characters/MrGuau/naughty/02_-_Default.uasset" 214
"../../../Engine/Content/BasicShapes/Sphere.uasset" 215
"../../../CameraControl/Content/AI_Stuff/AI/Node.uasset" 216
"../../../Engine/Content/BasicShapes/BasicShapeMaterial.uasset" 217
"../../../Engine/Content/BasicShapes/Cube.uasset" 218
"../../../CameraControl/Content/AI_Stuff/AI/SteleableObject.uasset" 219
"../../../CameraControl/Content/AI_Stuff/AI/NPC_Controller.uasset" 220
"../../../CameraControl/Content/AI_Stuff/AI/Prueba/Affinity_Struct.uasset" 221
"../../../CameraControl/Content/AI_Stuff/AI/NpcDataTable.uasset" 222
"../../../CameraControl/Content/AI_Stuff/Mesh/wire_006135058.uasset" 223
"../../../CameraControl/Content/AI_Stuff/Mesh/Cloud_Chat_Me.uasset" 224
"../../../CameraControl/Content/Art/Meshes/Characters/Bear/Curious/01_-_Default.uasset" 225
"../../../CameraControl/Content/Art/Meshes/Characters/Bear/Curious/02_-_Default.uasset" 226
"../../../CameraControl/Content/Art/Meshes/Characters/Bear/Curious/03_-_Default.uasset" 227
"../../../CameraControl/Content/Art/Meshes/Characters/Bear/Curious/07_-_Default.uasset" 228
"../../../CameraControl/Content/Art/Meshes/Characters/Bear/Curious/08_-_Default.uasset" 229
"../../../CameraControl/Content/Art/Meshes/Characters/Bear/Curious/mrBear_PhysicsAsset.uasset" 230
"../../../CameraControl/Content/Art/Meshes/Characters/Bear/Curious/mrBear.uasset" 231
"../../../CameraControl/Content/Art/Meshes/Characters/Boy/Social/01_-_Default.uasset" 232
"../../../CameraControl/Content/Art/Meshes/Characters/Boy/Social/02_-_Default.uasset" 233
"../../../CameraControl/Content/Art/Meshes/Characters/Boy/Social/03_-_Default.uasset" 234
"../../../CameraControl/Content/Art/Meshes/Characters/Boy/Social/07_-_Default.uasset" 235
"../../../CameraControl/Content/Art/Meshes/Characters/Boy/Social/09_-_Default.uasset" 236
"../../../CameraControl/Content/Art/Meshes/Characters/Boy/Social/boy_PhysicsAsset.uasset" 237
"../../../CameraControl/Content/Art/Meshes/Characters/Boy/Social/boy.uasset" 238
"../../../CameraControl/Content/Art/Meshes/Characters/Girl/explorer/01_-_Default.uasset" 239
"../../../CameraControl/Content/Art/Meshes/Characters/Girl/explorer/02_-_Default.uasset" 240
"../../../CameraControl/Content/Art/Meshes/Characters/Girl/explorer/03_-_Default.uasset" 241
"../../../CameraControl/Content/Art/Meshes/Characters/Girl/explorer/07_-_Default.uasset" 242
"../../../CameraControl/Content/Art/Meshes/Characters/Girl/explorer/08_-_Default.uasset" 243
"../../../CameraControl/Content/Art/Meshes/Characters/Girl/explorer/09_-_Default.uasset" 244
"../../../CameraControl/Content/Art/Meshes/Characters/Girl/explorer/girl_PhysicsAsset.uasset" 245
"../../../CameraControl/Content/Art/Meshes/Characters/Girl/explorer/girl.uasset" 246
"../../../CameraControl/Content/Art/Meshes/Characters/MrGuau/naughty/01_-_Default.uasset" 247
"../../../CameraControl/Content/Art/Meshes/Characters/MrGuau/naughty/03_-_Default.uasset" 248
"../../../CameraControl/Content/Art/Meshes/Characters/MrGuau/naughty/mrGuau_PhysicsAsset.uasset" 249
"../../../CameraControl/Content/Art/Meshes/Characters/MrGuau/naughty/mrGuau.uasset" 250
"../../../CameraControl/Content/AI_Stuff/AI/NPCS.uasset" 251
"../../../CameraControl/Content/AI_Stuff/NPC_Manager.uasset" 252
"../../../CameraControl/Content/AI_Stuff/AI/BT/Alarm.uasset" 253
"../../../CameraControl/Content/AI_Stuff/AI/BT/Chatting_action.uasset" 254
"../../../CameraControl/Content/AI_Stuff/AI/BT/ConversationCheck.uasset" 255
"../../../CameraControl/Content/AI_Stuff/AI/BT/DecreaseChatNecccesities.uasset" 256
"../../../CameraControl/Content/AI_Stuff/AI/StealingObject.uasset" 257
"../../../CameraControl/Content/AI_Stuff/AI/BT/GetObject_Criminal.uasset" 258
"../../../CameraControl/Content/AI_Stuff/AI/BT/haveAtarget.uasset" 259
"../../../CameraControl/Content/AI_Stuff/AI/BT/IncreaseChatNeccesities.uasset" 260
"../../../CameraControl/Content/AI_Stuff/AI/BT/Is_conversationPointDifferentToNULL.uasset" 261
"../../../CameraControl/Content/AI_Stuff/AI/BT/isCriminal.uasset" 262
"../../../CameraControl/Content/AI_Stuff/AI/BT/isNecessitiesFulfilled_Decorator.uasset" 263
"../../../CameraControl/Content/AI_Stuff/AI/BT/isThereSomethingInterestingNear.uasset" 264
"../../../CameraControl/Content/AI_Stuff/AI/BT/LookAround_Criminal.uasset" 265
"../../../CameraControl/Content/AI_Stuff/AI/BT/MoveToPersonalUse.uasset" 266
"../../../CameraControl/Content/AI_Stuff/AI/BT/Wander.uasset" 267
"../../../CameraControl/Content/AI_Stuff/AI/BT/NPC_Behavior_tree.uasset" 268
"../../../CameraControl/Content/Art/Meshes/Characters/updatedMeshesAndArt/clothes.uasset" 269
"../../../CameraControl/Content/Art/Meshes/Characters/updatedMeshesAndArt/hair.uasset" 270
"../../../CameraControl/Content/Art/Meshes/Characters/updatedMeshesAndArt/skin.uasset" 271
"../../../CameraControl/Content/Art/Meshes/Room/Material__2.uasset" 272
"../../../CameraControl/Content/Art/Meshes/Room/Material__4.uasset" 273
"../../../CameraControl/Content/Art/Meshes/Room/Material__7.uasset" 274
"../../../CameraControl/Content/Art/Meshes/Room/Material__8.uasset" 275
"../../../CameraControl/Content/Art/Meshes/Room/light.uasset" 276
"../../../CameraControl/Content/Art/Meshes/Room/Material__6.uasset" 277
"../../../CameraControl/Content/Art/Meshes/Room/light2.uasset" 278
"../../../CameraControl/Content/Art/Music/lookCameraEffect.uasset" 279
"../../../CameraControl/Content/Art/Music/oldEgyptMusic.uasset" 280
"../../../CameraControl/Content/Blueprints/Jaula/L1/01_-_Default.uasset" 281
"../../../CameraControl/Content/Blueprints/Jaula/L1/Jaula/jaulaMove_Skeleton.uasset" 282
"../../../CameraControl/Content/Blueprints/Jaula/L1/Jaula/jaulaMove_Anim.uasset" 283
"../../../CameraControl/Content/Blueprints/Jaula/L1/Jaula/JaulaAnimBP.uasset" 284
"../../../CameraControl/Content/Blueprints/Jaula/L1/Jaula/jaulaMove.uasset" 285
"../../../CameraControl/Content/Blueprints/Jaula/L1/Jaula/jaulaMove_Blueprint.uasset" 286
"../../../CameraControl/Content/Blueprints/Jaula/L1/Jaula/jaulaMove_PhysicsAsset.uasset" 287
"../../../CameraControl/Content/L1/L1Mat2.uasset" 288
"../../../CameraControl/Content/L1/L1Mat3.uasset" 289
"../../../CameraControl/Content/L1/sprite_sheet_by_yuumirin-davugql.uasset" 290
"../../../CameraControl/Content/L1/wallL1.uasset" 291
"../../../CameraControl/Content/L1/Audio/ascensorMusic__1_.uasset" 292
"../../../CameraControl/Content/aCupleOfImportantShit/Shapes/Shape_Cone.uasset" 293
"../../../CameraControl/Content/L1/Blueprints/stealableActor.uasset" 294
"../../../CameraControl/Content/L1/Decoracion/sky.uasset" 295
"../../../CameraControl/Content/L1/Materials/burds01_d_by_yuumirin-db3df1s.uasset" 296
"../../../CameraControl/Content/L1/Materials/burds01_m_by_yuumirin-db3df1k.uasset" 297
"../../../CameraControl/Content/L1/Materials/burds02_d_by_yuumirin-db3df1f.uasset" 298
"../../../CameraControl/Content/L1/Materials/burds02_m_by_yuumirin-db3df1b.uasset" 299
"../../../CameraControl/Content/L1/Materials/birdsMat.uasset" 300
"../../../CameraControl/Content/L1/Textures/facadeDiffuse.uasset" 301
"../../../CameraControl/Content/L1/Textures/facadeMask.uasset" 302
"../../../CameraControl/Content/L1/Materials/BuildingFondo.uasset" 303
"../../../CameraControl/Content/L1/Textures/TexturesCom_MarbleWhite0066_1_seamless_S.uasset" 304
"../../../CameraControl/Content/L1/Materials/Ground.uasset" 305
"../../../CameraControl/Content/L1/Materials/loading-sprite.uasset" 306
"../../../CameraControl/Content/L1/Materials/ObjectMaterialDefault.uasset" 307
"../../../CameraControl/Content/L1/Materials/TexturesCom_FloorsCheckerboard0017_1_seamless_S.uasset" 308
"../../../CameraControl/Content/L1/Materials/WallLouvre.uasset" 309
"../../../CameraControl/Content/L1/Props/apoyoFoco.uasset" 310
"../../../CameraControl/Content/L1/Props/infoCentral.uasset" 311
"../../../CameraControl/Content/L1/Props/roundWall.uasset" 312
"../../../CameraControl/Content/L1/Props/smallPared.uasset" 313
"../../../CameraControl/Content/L1/Props/wallJapan.uasset" 314
"../../../CameraControl/Content/L1/Props/_2GroundWalls001.uasset" 315
"../../../CameraControl/Content/L1/Props/_NEW2InfoCentral001.uasset" 316
"../../../CameraControl/Content/L1/Props/_ReposObject.uasset" 317
"../../../CameraControl/Content/L1/Props/_SmallParedOndulada.uasset" 318
"../../../CameraControl/Content/L1/Props/StealableObj/jarron3.uasset" 319
"../../../CameraControl/Content/L1/Props/StealableObj/jarron4.uasset" 320
"../../../CameraControl/Content/L1/Props/StealableObj/Material__5.uasset" 321
"../../../CameraControl/Content/L1/Props/StealableObj/Materials/piramidemat.uasset" 322
"../../../CameraControl/Content/L1/Props/StealableObj/ultimaImportacion/columna2_d_by_yuumirin-db18xki.uasset" 323
"../../../CameraControl/Content/L1/Props/StealableObj/ultimaImportacion/columna2_d_by_yuumirin-db18xki_Mat.uasset" 324
"../../../CameraControl/Content/L1/Props/StealableObj/ultimaImportacion/columna_2.uasset" 325
"../../../CameraControl/Content/L1/Props/StealableObj/ultimaImportacion/llavey_d_by_yuumirin-db194dp.uasset" 326
"../../../CameraControl/Content/L1/Props/StealableObj/ultimaImportacion/llaveb_d_by_yuumirin-db194dj_Mat3.uasset" 327
"../../../CameraControl/Content/L1/Textures/eiffeldiff.uasset" 328
"../../../CameraControl/Content/L1/Textures/facadeDiffuse_Mat.uasset" 329
"../../../CameraControl/Content/L1/Textures/jarron03_d_by_yuumirin-db69t0p.uasset" 330
"../../../CameraControl/Content/L1/Textures/jarron04_d_by_yuumirin-db69t0k.uasset" 331
"../../../CameraControl/Content/L1/Textures/maskEiffel.uasset" 332
"../../../CameraControl/Content/Lmenu/ScreenShot00000.uasset" 333
"../../../CameraControl/Content/Lmenu/fotoBillboard_Blueprint.uasset" 334
"../../../CameraControl/Content/Lmenu/ScreenShot00001.uasset" 335
"../../../CameraControl/Content/Lmenu/ScreenShot00002.uasset" 336
"../../../CameraControl/Content/Ltutorial/Box_Brush10_StaticMesh.uasset" 337
"../../../CameraControl/Content/Ltutorial/Props/Box_Brush4_StaticMesh.uasset" 338
"../../../CameraControl/Content/Ltutorial/Props/light.uasset" 339
"../../../CameraControl/Content/Ltutorial/Props/light2.uasset" 340
"../../../CameraControl/Content/Ltutorial/Props/subsala.uasset" 341
"../../../CameraControl/Content/Ltutorial/Props/MaterialProps/01_-_Default.uasset" 342
"../../../CameraControl/Content/Materials/Textures/T_Hologram_Line_02_M.uasset" 343
"../../../CameraControl/Content/Materials/Textures/T_Hologram_Line_M.uasset" 344
"../../../CameraControl/Content/Materials/M_Hologram.uasset" 345
"../../../CameraControl/Content/Materials/Textures/rainbow_glitter_hologram_bright.uasset" 346
"../../../CameraControl/Content/Materials/Textures/T_Hologram_SoftLine_01_M.uasset" 347
"../../../CameraControl/Content/Materials/M_Hologram_Demo_01.uasset" 348
"../../../CameraControl/Content/Blueprints/Timer.uasset" 349
"../../../CameraControl/Content/Art/Meshes/Characters/CamBot/CambotFBX_Skeleton.uasset" 350
"../../../CameraControl/Content/Art/Meshes/Characters/CamBot/CambotFBX_Anim.uasset" 351
"../../../CameraControl/Content/Art/Meshes/Characters/CamBot/NewAnimBlueprint.uasset" 352
"../../../CameraControl/Content/Art/Meshes/Characters/CamBot/cambotuw.uasset" 353
"../../../CameraControl/Content/Art/Meshes/Characters/CamBot/cambotuw_Mat.uasset" 354
"../../../Engine/Content/Functions/Engine_MaterialFunctions02/Utility/Sign.uasset" 355
"../../../Engine/Content/Functions/Engine_MaterialFunctions02/Utility/Round.uasset" 356
"../../../Engine/Content/Functions/Engine_MaterialFunctions02/ExampleContent/Textures/flipbook.uasset" 357
"../../../Engine/Content/Functions/Engine_MaterialFunctions02/Texturing/FlipBook.uasset" 358
"../../../CameraControl/Content/L1/Materials/particles.uasset" 359
"../../../CameraControl/Content/L1/Textures/circulosv2.uasset" 360
"../../../CameraControl/Content/L1/Materials/ChangeCamerMaterial.uasset" 361
"../../../CameraControl/Content/L1/Materials/MyTemporaryMaterial.uasset" 362
"../../../CameraControl/Content/aCupleOfImportantShit/Shapes/Shape_Sphere.uasset" 363
"../../../CameraControl/Content/Art/Meshes/Characters/CamBot/CambotFBX_PhysicsAsset.uasset" 364
"../../../CameraControl/Content/Art/Meshes/Characters/CamBot/CambotFBX.uasset" 365
"../../../CameraControl/Content/L1/Audio/Police_Scanner-ScanMan-1157209815.uasset" 366
"../../../CameraControl/Content/L1/Blueprints/circle-512__1_.uasset" 367
"../../../CameraControl/Content/L1/Blueprints/puntoCentroPantalla.uasset" 368
"../../../CameraControl/Content/UMG/fadeOut.uasset" 369
"../../../CameraControl/Content/L1/Blueprints/CameraPawn.uasset" 370
"../../../CameraControl/Content/L1/Textures/cloudDiff.uasset" 371
"../../../CameraControl/Content/L1/Textures/cloudMask.uasset" 372
"../../../CameraControl/Content/L1/Materials/CloudMaterial.uasset" 373
"../../../CameraControl/Content/L1/Props/Plane001.uasset" 374
"../../../CameraControl/Content/L1/Cloud_Blueprint.uasset" 375
"../../../CameraControl/Content/L1/Decoracion/forestDiff.uasset" 376
"../../../CameraControl/Content/L1/Decoracion/forrestMask.uasset" 377
"../../../CameraControl/Content/L1/Decoracion/ForestMat.uasset" 378
"../../../CameraControl/Content/L1/Decoracion/sky2.uasset" 379
"../../../CameraControl/Content/L1/Decoracion/sky_Mat.uasset" 380
"../../../CameraControl/Content/L1/L1Mat4.uasset" 381
"../../../CameraControl/Content/L1/Textures/TexturesCom_ConcreteBare0355_1_seamless_S.uasset" 382
"../../../CameraControl/Content/L1/Materials/ColumnMat.uasset" 383
"../../../CameraControl/Content/L1/Materials/Default.uasset" 384
"../../../CameraControl/Content/L1/Materials/eiffeldiff.uasset" 385
"../../../CameraControl/Content/L1/Materials/maskEiffel.uasset" 386
"../../../CameraControl/Content/L1/Materials/eiffeldiff_Mat.uasset" 387
"../../../CameraControl/Content/L1/Materials/31U58PICYGa_1024.uasset" 388
"../../../CameraControl/Content/L1/Materials/speakerMat.uasset" 389
"../../../CameraControl/Content/L1/Textures/TexturesCom_TilesOrnate0043_1_seamless_S.uasset" 390
"../../../CameraControl/Content/L1/Materials/Wall.uasset" 391
"../../../CameraControl/Content/L1/Props/StealableObj/Materials/jarron_01_by_yuumirin-db079dz.uasset" 392
"../../../CameraControl/Content/L1/Props/StealableObj/Materials/jarron01mat.uasset" 393
"../../../CameraControl/Content/L1/Props/StealableObj/ultimaImportacion/escarabajo_d_by_yuumirin-db193be__1_.uasset" 394
"../../../CameraControl/Content/L1/Props/StealableObj/ultimaImportacion/escarabajo_d_by_yuumirin-db193be__1__Mat.uasset" 395
"../../../CameraControl/Content/L1/Props/StealableObj/ultimaImportacion/espejo_d_by_yuumirin-db19do6.uasset" 396
"../../../CameraControl/Content/L1/Props/StealableObj/ultimaImportacion/espejo_d_by_yuumirin-db19do6_Mat.uasset" 397
"../../../CameraControl/Content/L1/Props/StealableObj/ultimaImportacion/jarron02_d_by_yuumirin-db15gud__1_.uasset" 398
"../../../CameraControl/Content/L1/Props/StealableObj/ultimaImportacion/jarron02_d_by_yuumirin-db15gud__1__Mat.uasset" 399
"../../../CameraControl/Content/L1/Props/StealableObj/ultimaImportacion/llaveb_d_by_yuumirin-db194dj_png.uasset" 400
"../../../CameraControl/Content/L1/Props/StealableObj/ultimaImportacion/llaveb_d_by_yuumirin-db194dj_Mat.uasset" 401
"../../../CameraControl/Content/L1/Props/StealableObj/ultimaImportacion/llaveg_d_by_yuumirin-db194dl_png.uasset" 402
"../../../CameraControl/Content/L1/Props/StealableObj/ultimaImportacion/llaveb_d_by_yuumirin-db194dj_Mat2.uasset" 403
"../../../CameraControl/Content/L1/Textures/cleopatra_d_by_yuumirin-db10ytt.uasset" 404
"../../../CameraControl/Content/L1/Textures/cleopatra_d_by_yuumirin-db10ytt_Mat.uasset" 405
"../../../CameraControl/Content/L1/Textures/desertdiff.uasset" 406
"../../../CameraControl/Content/L1/Textures/maskdesert.uasset" 407
"../../../CameraControl/Content/L1/Textures/desert.uasset" 408
"../../../CameraControl/Content/L1/Textures/estatua01_d_by_yuumirin-db69fg3.uasset" 409
"../../../CameraControl/Content/L1/Textures/estatua01_d_by_yuumirin-db69fg3_Mat.uasset" 410
"../../../CameraControl/Content/L1/Textures/estatua02_d_by_yuumirin-db69ffx.uasset" 411
"../../../CameraControl/Content/L1/Textures/estatua02_d_by_yuumirin-db69ffx_Mat.uasset" 412
"../../../CameraControl/Content/L1/Textures/estatua03_d_by_yuumirin-db69ffq.uasset" 413
"../../../CameraControl/Content/L1/Textures/estatua03_d_by_yuumirin-db69ffq_Mat.uasset" 414
"../../../CameraControl/Content/L1/Textures/pared_by_yuumirin-db0wuxk.uasset" 415
"../../../CameraControl/Content/L1/Textures/pared_by_yuumirin-db0wuxk_Mat.uasset" 416
"../../../CameraControl/Content/L1/Textures/paredConiRounded.uasset" 417
"../../../CameraControl/Content/L1/Textures/piramide_d_by_yuumirin-db0kui6.uasset" 418
"../../../CameraControl/Content/L1/Textures/piramide_d_by_yuumirin-db0kui6_Mat.uasset" 419
"../../../CameraControl/Content/L1/Textures/sarcofago_d_by_yuumirin-db10yto.uasset" 420
"../../../CameraControl/Content/L1/Textures/sarcofago_d_by_yuumirin-db10yto_Mat.uasset" 421
"../../../CameraControl/Content/L1/Textures/suelo_by_yuumirin-db0wuxi.uasset" 422
"../../../CameraControl/Content/L1/Textures/suelo_by_yuumirin-db0wuxi_Mat.uasset" 423
"../../../CameraControl/Content/Ltutorial/wallTuto2.uasset" 424
"../../../CameraControl/Content/Art/Music/NewEgyptMusic.uasset" 425
"../../../CameraControl/Content/L1/Audio/05_First_Delphic_Hymn_to_Apollo.uasset" 426
"../../../CameraControl/Content/L1/Audio/background.uasset" 427
"../../../CameraControl/Content/L1/circleRoof.uasset" 428
"../../../CameraControl/Content/L1/Decoracion/aroForest.uasset" 429
"../../../Engine/Plugins/2D/Paper2D/Content/TranslucentUnlitSpriteMaterial.uasset" 430
"../../../CameraControl/Content/L1/Materials/burds01_d_by_yuumirin-db3df1s_Sprite.uasset" 431
"../../../CameraControl/Content/L1/Materials/burds02_d_by_yuumirin-db3df1f_Sprite.uasset" 432
"../../../CameraControl/Content/L1/Materials/burds02_d_by_yuumirin-db3df.uasset" 433
"../../../CameraControl/Content/L1/Props/_2CentralPost001.uasset" 434
"../../../CameraControl/Content/L1/Props/_2TechoPiramide.uasset" 435
"../../../CameraControl/Content/L1/Props/_Colum.uasset" 436
"../../../CameraControl/Content/L1/Props/_Human.uasset" 437
"../../../CameraControl/Content/L1/Props/WorldGridMaterial.uasset" 438
"../../../CameraControl/Content/L1/Props/_miniWall.uasset" 439
"../../../CameraControl/Content/L1/Props/_NEWBigRoundedWall.uasset" 440
"../../../CameraControl/Content/L1/Props/estatua01.uasset" 441
"../../../CameraControl/Content/L1/Props/estatua02.uasset" 442
"../../../CameraControl/Content/L1/Props/estatua03.uasset" 443
"../../../CameraControl/Content/L1/Props/foco.uasset" 444
"../../../CameraControl/Content/L1/Props/guilleescritorio.uasset" 445
"../../../CameraControl/Content/L1/Props/pared.uasset" 446
"../../../CameraControl/Content/L1/Props/reposObj.uasset" 447
"../../../CameraControl/Content/L1/Props/soporte/beginning.uasset" 448
"../../../CameraControl/Content/L1/Props/soporte/end.uasset" 449
"../../../CameraControl/Content/L1/Props/soporte/medium.uasset" 450
"../../../CameraControl/Content/L1/Props/StealableObj/13_-_Default.uasset" 451
"../../../CameraControl/Content/L1/Props/StealableObj/cleopatra.uasset" 452
"../../../CameraControl/Content/L1/Props/StealableObj/Material__0.uasset" 453
"../../../CameraControl/Content/L1/Props/StealableObj/jarron01.uasset" 454
"../../../CameraControl/Content/L1/Props/StealableObj/piramide.uasset" 455
"../../../CameraControl/Content/L1/Props/StealableObj/sarcofago.uasset" 456
"../../../CameraControl/Content/L1/Props/StealableObj/ultimaImportacion/columna1_d_by_yuumirin-db18w8k.uasset" 457
"../../../CameraControl/Content/L1/Props/StealableObj/ultimaImportacion/columna1_d_by_yuumirin-db18w8k_Mat.uasset" 458
"../../../CameraControl/Content/L1/Props/StealableObj/ultimaImportacion/columna_1.uasset" 459
"../../../CameraControl/Content/L1/Props/StealableObj/ultimaImportacion/columna3_d_by_yuumirin-db190k8.uasset" 460
"../../../CameraControl/Content/L1/Props/StealableObj/ultimaImportacion/columna3_d_by_yuumirin-db190k8_Mat.uasset" 461
"../../../CameraControl/Content/L1/Props/StealableObj/ultimaImportacion/columna_3.uasset" 462
"../../../CameraControl/Content/L1/Props/StealableObj/ultimaImportacion/escarabajo.uasset" 463
"../../../CameraControl/Content/L1/Props/StealableObj/ultimaImportacion/01_-_Default.uasset" 464
"../../../CameraControl/Content/L1/Props/StealableObj/ultimaImportacion/espejo.uasset" 465
"../../../CameraControl/Content/L1/Props/StealableObj/ultimaImportacion/jarron02.uasset" 466
"../../../CameraControl/Content/L1/Props/StealableObj/ultimaImportacion/llave.uasset" 467
"../../../CameraControl/Content/L1/Props/StealableObj/ultimaImportacion/sarcofago2_d_by_yuumirin-db19b75.uasset" 468
"../../../CameraControl/Content/L1/Props/StealableObj/ultimaImportacion/sarcofago2_d_by_yuumirin-db19b75_Mat.uasset" 469
"../../../CameraControl/Content/L1/Props/StealableObj/ultimaImportacion/sarcofago_2.uasset" 470
"../../../CameraControl/Content/L1/Props/wallGreece.uasset" 471
"../../../CameraControl/Content/L1/skyPNG.uasset" 472
"../../../CameraControl/Content/L1/Material__27.uasset" 473
"../../../CameraControl/Content/L1/sky.uasset" 474
"../../../CameraControl/Content/Lmenu/MenuPanel/plane.uasset" 475
"../../../CameraControl/Content/L1/L1map.umap" 476
"../../../Engine/Content/EngineSky/C_Sky_Cloud_Color.uasset" 477
"../../../Engine/Content/EngineSky/C_Sky_Horizon_Color.uasset" 478
"../../../Engine/Content/EngineSky/C_Sky_Zenith_Color.uasset" 479
"../../../Engine/Content/EngineSky/T_Sky_Blue.uasset" 480
"../../../Engine/Content/EngineSky/T_Sky_Clouds_M.uasset" 481
"../../../Engine/Content/EngineSky/T_Sky_Stars.uasset" 482
"../../../Engine/Content/EngineSky/M_Sky_Panning_Clouds2.uasset" 483
"../../../Engine/Content/EngineSky/SM_SkySphere.uasset" 484
"../../../Engine/Content/EngineSky/BP_Sky_Sphere.uasset" 485
"../../../CameraControl/Content/Lmenu/MenuCamera.uasset" 486
"../../../CameraControl/Content/Lmenu/MenuPanel/menuPanelImage.uasset" 487
"../../../CameraControl/Content/Lmenu/MenuPanel/menuPanelImage_Mat.uasset" 488
"../../../CameraControl/Content/Lmenu/MenuPanel/tick.uasset" 489
"../../../CameraControl/Content/Lmenu/MenuPanel/tickmask.uasset" 490
"../../../CameraControl/Content/Lmenu/MenuPanel/tick_Mat.uasset" 491
"../../../CameraControl/Content/Lmenu/MenuPanel/MenuPanelBP.uasset" 492
"../../../CameraControl/Content/Lmenu/MenuPanel/menuArtGallery.uasset" 493
"../../../CameraControl/Content/Lmenu/MenuPanel/mpanel2.uasset" 494
"../../../CameraControl/Content/Lmenu/MenuPanel/menuJewelry.uasset" 495
"../../../CameraControl/Content/Lmenu/MenuPanel/mpanel3.uasset" 496
"../../../CameraControl/Content/Lmenu/starrysky.uasset" 497
"../../../CameraControl/Content/Lmenu/skmate.uasset" 498
"../../../CameraControl/Content/Lmenu/Lmenu.umap" 499
"../../../CameraControl/Content/L1/GoToMenuInput.uasset" 500
"../../../CameraControl/Content/Ltutorial/textoQueNoTraspasta.uasset" 501
"../../../CameraControl/Content/Ltutorial/messagePanel_Blueprint.uasset" 502
"../../../CameraControl/Content/Ltutorial/MovableActor.uasset" 503
"../../../CameraControl/Content/Ltutorial/statue.uasset" 504
"../../../CameraControl/Content/Ltutorial/wallTuto.uasset" 505
"../../../CameraControl/Content/Ltutorial/white.uasset" 506
"../../../Engine/Content/Functions/Engine_MaterialFunctions02/SplitComponents.uasset" 507
"../../../Engine/Content/Functions/Engine_MaterialFunctions02/Utility/VectorLength.uasset" 508
"../../../CameraControl/Content/Materials/MF_ConvolveTexture.uasset" 509
"../../../CameraControl/Content/Materials/MF_ExtractDepth.uasset" 510
"../../../CameraControl/Content/Materials/MF_SampleSceneTextureNeighbourUVs.uasset" 511
"../../../CameraControl/Content/Materials/PP_Outliner_M.uasset" 512
"../../../CameraControl/Content/Materials/PP_Outliner_Inst.uasset" 513
"../../../CameraControl/Content/Ltutorial/Box_Brush8_StaticMesh.uasset" 514
"../../../CameraControl/Content/Ltutorial/Ltutorial.umap" 515
"../../../Engine/Content/EngineMaterials/DefaultNormal.uasset" 516
"../../../Engine/Content/Maps/Entry.umap" 517
