Log file open, 05/18/17 22:51:40
LogInit:Display: Running engine for game: CameraControl
LogPlatformFile: Not using cached read wrapper
LogInit:Display: RandInit(734177441) SRandInit(734177441).
LogTaskGraph: Started task graph with 5 named threads and 8 total threads with 1 sets of task threads.
LogStats: Stats thread started at 0.068574
LogPluginManager: Loaded Plugin Paper2D, From P:/UNREAL/Epic Games/4.13/Engine/Plugins/2D/Paper2D/Paper2D.uplugin
LogPluginManager: Loaded Plugin LightPropagationVolume, From P:/UNREAL/Epic Games/4.13/Engine/Plugins/Blendables/LightPropagationVolume/LightPropagationVolume.uplugin
LogPluginManager: Loaded Plugin BlankPlugin, From P:/UNREAL/Epic Games/4.13/Engine/Plugins/Developer/BlankPlugin/BlankPlugin.uplugin
LogPluginManager: Loaded Plugin CodeLiteSourceCodeAccess, From P:/UNREAL/Epic Games/4.13/Engine/Plugins/Developer/CodeLiteSourceCodeAccess/CodeLiteSourceCodeAccess.uplugin
LogPluginManager: Loaded Plugin GitSourceControl, From P:/UNREAL/Epic Games/4.13/Engine/Plugins/Developer/GitSourceControl/GitSourceControl.uplugin
LogPluginManager: Loaded Plugin KDevelopSourceCodeAccess, From P:/UNREAL/Epic Games/4.13/Engine/Plugins/Developer/KDevelopSourceCodeAccess/KDevelopSourceCodeAccess.uplugin
LogPluginManager: Loaded Plugin NullSourceCodeAccess, From P:/UNREAL/Epic Games/4.13/Engine/Plugins/Developer/NullSourceCodeAccess/NullSourceCodeAccess.uplugin
LogPluginManager: Loaded Plugin OneSkyLocalizationService, From P:/UNREAL/Epic Games/4.13/Engine/Plugins/Developer/OneSkyLocalizationService/OneSkyLocalizationService.uplugin
LogPluginManager: Loaded Plugin PerforceSourceControl, From P:/UNREAL/Epic Games/4.13/Engine/Plugins/Developer/PerforceSourceControl/PerforceSourceControl.uplugin
LogPluginManager: Loaded Plugin SubversionSourceControl, From P:/UNREAL/Epic Games/4.13/Engine/Plugins/Developer/SubversionSourceControl/SubversionSourceControl.uplugin
LogPluginManager: Loaded Plugin UObjectPlugin, From P:/UNREAL/Epic Games/4.13/Engine/Plugins/Developer/UObjectPlugin/UObjectPlugin.uplugin
LogPluginManager: Loaded Plugin VisualStudioSourceCodeAccess, From P:/UNREAL/Epic Games/4.13/Engine/Plugins/Developer/VisualStudioSourceCodeAccess/VisualStudioSourceCodeAccess.uplugin
LogPluginManager: Loaded Plugin XCodeSourceCodeAccess, From P:/UNREAL/Epic Games/4.13/Engine/Plugins/Developer/XCodeSourceCodeAccess/XCodeSourceCodeAccess.uplugin
LogPluginManager: Loaded Plugin EpicSurvey, From P:/UNREAL/Epic Games/4.13/Engine/Plugins/Editor/EpicSurvey/EpicSurvey.uplugin
LogPluginManager: Loaded Plugin MacGraphicsSwitching, From P:/UNREAL/Epic Games/4.13/Engine/Plugins/Editor/MacGraphicsSwitching/MacGraphicsSwitching.uplugin
LogPluginManager: Loaded Plugin MobileLauncherProfileWizard, From P:/UNREAL/Epic Games/4.13/Engine/Plugins/Editor/MobileLauncherProfileWizard/MobileLauncherProfileWizard.uplugin
LogPluginManager: Loaded Plugin PluginBrowser, From P:/UNREAL/Epic Games/4.13/Engine/Plugins/Editor/PluginBrowser/PluginBrowser.uplugin
LogPluginManager: Loaded Plugin SpeedTreeImporter, From P:/UNREAL/Epic Games/4.13/Engine/Plugins/Editor/SpeedTreeImporter/SpeedTreeImporter.uplugin
LogPluginManager: Loaded Plugin SuperSearchEditor, From P:/UNREAL/Epic Games/4.13/Engine/Plugins/Editor/SuperSearchEditor/SuperSearchEditor.uplugin
LogPluginManager: Loaded Plugin AlembicImporter, From P:/UNREAL/Epic Games/4.13/Engine/Plugins/Experimental/AlembicImporter/AlembicImporter.uplugin
LogPluginManager: Loaded Plugin BlueprintStats, From P:/UNREAL/Epic Games/4.13/Engine/Plugins/Experimental/BlueprintStats/BlueprintStats.uplugin
LogPluginManager: Loaded Plugin CharacterAI, From P:/UNREAL/Epic Games/4.13/Engine/Plugins/Experimental/CharacterAI/CharacterAI.uplugin
LogPluginManager: Loaded Plugin CodeEditor, From P:/UNREAL/Epic Games/4.13/Engine/Plugins/Experimental/CodeEditor/CodeEditor.uplugin
LogPluginManager: Loaded Plugin CodeView, From P:/UNREAL/Epic Games/4.13/Engine/Plugins/Experimental/CodeView/CodeView.uplugin
LogPluginManager: Loaded Plugin HTML5Networking, From P:/UNREAL/Epic Games/4.13/Engine/Plugins/Experimental/HTML5Networking/HTML5Networking.uplugin
LogPluginManager: Loaded Plugin LiveEditor, From P:/UNREAL/Epic Games/4.13/Engine/Plugins/Experimental/LiveEditor/LiveEditor.uplugin
LogPluginManager: Loaded Plugin OSVR, From P:/UNREAL/Epic Games/4.13/Engine/Plugins/Experimental/OSVR/OSVR.uplugin
LogPluginManager: Loaded Plugin Phya, From P:/UNREAL/Epic Games/4.13/Engine/Plugins/Experimental/Phya/Phya.uplugin
LogPluginManager: Loaded Plugin SignificanceManager, From P:/UNREAL/Epic Games/4.13/Engine/Plugins/Experimental/SignificanceManager/SignificanceManager.uplugin
LogPluginManager: Loaded Plugin SimpleHMD, From P:/UNREAL/Epic Games/4.13/Engine/Plugins/Experimental/SimpleHMD/SimpleHMD.uplugin
LogPluginManager: Loaded Plugin StereoPanorama, From P:/UNREAL/Epic Games/4.13/Engine/Plugins/Experimental/StereoPanorama/StereoPanorama.uplugin
LogPluginManager: Loaded Plugin StructBox, From P:/UNREAL/Epic Games/4.13/Engine/Plugins/Experimental/StructBox/StructBox.uplugin
LogPluginManager: Loaded Plugin AndroidMedia, From P:/UNREAL/Epic Games/4.13/Engine/Plugins/Media/AndroidMedia/AndroidMedia.uplugin
LogPluginManager: Loaded Plugin AvfMedia, From P:/UNREAL/Epic Games/4.13/Engine/Plugins/Media/AvfMedia/AvfMedia.uplugin
LogPluginManager: Loaded Plugin MediaPlayerEditor, From P:/UNREAL/Epic Games/4.13/Engine/Plugins/Media/MediaPlayerEditor/MediaPlayerEditor.uplugin
LogPluginManager: Loaded Plugin WmfMedia, From P:/UNREAL/Epic Games/4.13/Engine/Plugins/Media/WmfMedia/WmfMedia.uplugin
LogPluginManager: Loaded Plugin MessagingDebugger, From P:/UNREAL/Epic Games/4.13/Engine/Plugins/Messaging/MessagingDebugger/MessagingDebugger.uplugin
LogPluginManager: Loaded Plugin TcpMessaging, From P:/UNREAL/Epic Games/4.13/Engine/Plugins/Messaging/TcpMessaging/TcpMessaging.uplugin
LogPluginManager: Loaded Plugin UdpMessaging, From P:/UNREAL/Epic Games/4.13/Engine/Plugins/Messaging/UdpMessaging/UdpMessaging.uplugin
LogPluginManager: Loaded Plugin LevelSequenceEditor, From P:/UNREAL/Epic Games/4.13/Engine/Plugins/MovieScene/LevelSequenceEditor/LevelSequenceEditor.uplugin
LogPluginManager: Loaded Plugin MatineeToLevelSequence, From P:/UNREAL/Epic Games/4.13/Engine/Plugins/MovieScene/MatineeToLevelSequence/MatineeToLevelSequence.uplugin
LogPluginManager: Loaded Plugin NetcodeUnitTest, From P:/UNREAL/Epic Games/4.13/Engine/Plugins/NetcodeUnitTest/NetcodeUnitTest/NetcodeUnitTest.uplugin
LogPluginManager: Loaded Plugin NUTUnrealEngine4, From P:/UNREAL/Epic Games/4.13/Engine/Plugins/NetcodeUnitTest/NUTUnrealEngine4/NUTUnrealEngine4.uplugin
LogPluginManager: Loaded Plugin OnlineSubsystemGooglePlay, From P:/UNREAL/Epic Games/4.13/Engine/Plugins/Online/Android/OnlineSubsystemGooglePlay/OnlineSubsystemGooglePlay.uplugin
LogPluginManager: Loaded Plugin OnlineSubsystemIOS, From P:/UNREAL/Epic Games/4.13/Engine/Plugins/Online/IOS/OnlineSubsystemIOS/OnlineSubsystemIOS.uplugin
LogPluginManager: Loaded Plugin OnlineFramework, From P:/UNREAL/Epic Games/4.13/Engine/Plugins/Online/OnlineFramework/OnlineFramework.uplugin
LogPluginManager: Loaded Plugin OnlineSubsystem, From P:/UNREAL/Epic Games/4.13/Engine/Plugins/Online/OnlineSubsystem/OnlineSubsystem.uplugin
LogPluginManager: Loaded Plugin OnlineSubsystemAmazon, From P:/UNREAL/Epic Games/4.13/Engine/Plugins/Online/OnlineSubsystemAmazon/OnlineSubsystemAmazon.uplugin
LogPluginManager: Loaded Plugin OnlineSubsystemFacebook, From P:/UNREAL/Epic Games/4.13/Engine/Plugins/Online/OnlineSubsystemFacebook/OnlineSubsystemFacebook.uplugin
LogPluginManager: Loaded Plugin OnlineSubsystemNull, From P:/UNREAL/Epic Games/4.13/Engine/Plugins/Online/OnlineSubsystemNull/OnlineSubsystemNull.uplugin
LogPluginManager: Loaded Plugin OnlineSubsystemOculus, From P:/UNREAL/Epic Games/4.13/Engine/Plugins/Online/OnlineSubsystemOculus/OnlineSubsystemOculus.uplugin
LogPluginManager: Loaded Plugin OnlineSubsystemSteam, From P:/UNREAL/Epic Games/4.13/Engine/Plugins/Online/OnlineSubsystemSteam/OnlineSubsystemSteam.uplugin
LogPluginManager: Loaded Plugin OnlineSubsystemUtils, From P:/UNREAL/Epic Games/4.13/Engine/Plugins/Online/OnlineSubsystemUtils/OnlineSubsystemUtils.uplugin
LogPluginManager: Loaded Plugin IOSTapJoy, From P:/UNREAL/Epic Games/4.13/Engine/Plugins/Runtime/Advertising/IOSTapJoy/IOSTapJoy.uplugin
LogPluginManager: Loaded Plugin AnalyticsBlueprintLibrary, From P:/UNREAL/Epic Games/4.13/Engine/Plugins/Runtime/Analytics/AnalyticsBlueprintLibrary/AnalyticsBlueprintLibrary.uplugin
LogPluginManager: Loaded Plugin AnalyticsMulticast, From P:/UNREAL/Epic Games/4.13/Engine/Plugins/Runtime/Analytics/AnalyticsMulticast/AnalyticsMulticast.uplugin
LogPluginManager: Loaded Plugin Apsalar, From P:/UNREAL/Epic Games/4.13/Engine/Plugins/Runtime/Analytics/Apsalar/Apsalar.uplugin
LogPluginManager: Loaded Plugin FileLogging, From P:/UNREAL/Epic Games/4.13/Engine/Plugins/Runtime/Analytics/FileLogging/FileLogging.uplugin
LogPluginManager: Loaded Plugin Flurry, From P:/UNREAL/Epic Games/4.13/Engine/Plugins/Runtime/Analytics/Flurry/Flurry.uplugin
LogPluginManager: Loaded Plugin AndroidDeviceProfileSelector, From P:/UNREAL/Epic Games/4.13/Engine/Plugins/Runtime/AndroidDeviceProfileSelector/AndroidDeviceProfileSelector.uplugin
LogPluginManager: Loaded Plugin AndroidMoviePlayer, From P:/UNREAL/Epic Games/4.13/Engine/Plugins/Runtime/AndroidMoviePlayer/AndroidMoviePlayer.uplugin
LogPluginManager: Loaded Plugin AppleMoviePlayer, From P:/UNREAL/Epic Games/4.13/Engine/Plugins/Runtime/AppleMoviePlayer/AppleMoviePlayer.uplugin
LogPluginManager: Loaded Plugin ArchVisCharacter, From P:/UNREAL/Epic Games/4.13/Engine/Plugins/Runtime/ArchVisCharacter/ArchVisCharacter.uplugin
LogPluginManager: Loaded Plugin CableComponent, From P:/UNREAL/Epic Games/4.13/Engine/Plugins/Runtime/CableComponent/CableComponent.uplugin
LogPluginManager: Loaded Plugin CustomMeshComponent, From P:/UNREAL/Epic Games/4.13/Engine/Plugins/Runtime/CustomMeshComponent/CustomMeshComponent.uplugin
LogPluginManager: Loaded Plugin ExampleDeviceProfileSelector, From P:/UNREAL/Epic Games/4.13/Engine/Plugins/Runtime/ExampleDeviceProfileSelector/ExampleDeviceProfileSelector.uplugin
LogPluginManager: Loaded Plugin GearVR, From P:/UNREAL/Epic Games/4.13/Engine/Plugins/Runtime/GearVR/GearVR.uplugin
LogPluginManager: Loaded Plugin GoogleVRController, From P:/UNREAL/Epic Games/4.13/Engine/Plugins/Runtime/GoogleVR/GoogleVRController/GoogleVRController.uplugin
LogPluginManager: Loaded Plugin GoogleVRHMD, From P:/UNREAL/Epic Games/4.13/Engine/Plugins/Runtime/GoogleVR/GoogleVRHMD/GoogleVRHMD.uplugin
LogPluginManager: Loaded Plugin IOSDeviceProfileSelector, From P:/UNREAL/Epic Games/4.13/Engine/Plugins/Runtime/IOSDeviceProfileSelector/IOSDeviceProfileSelector.uplugin
LogPluginManager: Loaded Plugin LeapMotion, From P:/UNREAL/Epic Games/4.13/Engine/Plugins/Runtime/LeapMotion/LeapMotion.uplugin
LogPluginManager: Loaded Plugin LinuxDeviceProfileSelector, From P:/UNREAL/Epic Games/4.13/Engine/Plugins/Runtime/LinuxDeviceProfileSelector/LinuxDeviceProfileSelector.uplugin
LogPluginManager: Loaded Plugin LiveEditorListenServer, From P:/UNREAL/Epic Games/4.13/Engine/Plugins/Runtime/LiveEditorListenServer/LiveEditorListenServer.uplugin
LogPluginManager: Loaded Plugin OculusAudio, From P:/UNREAL/Epic Games/4.13/Engine/Plugins/Runtime/OculusAudio/OculusAudio.uplugin
LogPluginManager: Loaded Plugin OculusInput, From P:/UNREAL/Epic Games/4.13/Engine/Plugins/Runtime/OculusInput/OculusInput.uplugin
LogPluginManager: Loaded Plugin OculusLibrary, From P:/UNREAL/Epic Games/4.13/Engine/Plugins/Runtime/OculusLibrary/OculusLibrary.uplugin
LogPluginManager: Loaded Plugin OculusRift, From P:/UNREAL/Epic Games/4.13/Engine/Plugins/Runtime/OculusRift/OculusRift.uplugin
LogPluginManager: Loaded Plugin Oodle, From P:/UNREAL/Epic Games/4.13/Engine/Plugins/Runtime/PacketHandlers/CompressionComponents/Oodle/Oodle.uplugin
LogPluginManager: Loaded Plugin ProceduralMeshComponent, From P:/UNREAL/Epic Games/4.13/Engine/Plugins/Runtime/ProceduralMeshComponent/ProceduralMeshComponent.uplugin
LogPluginManager: Loaded Plugin SoundMod, From P:/UNREAL/Epic Games/4.13/Engine/Plugins/Runtime/SoundMod/SoundMod.uplugin
LogPluginManager: Loaded Plugin SoundVisualizations, From P:/UNREAL/Epic Games/4.13/Engine/Plugins/Runtime/SoundVisualizations/SoundVisualizations.uplugin
LogPluginManager: Loaded Plugin SteamController, From P:/UNREAL/Epic Games/4.13/Engine/Plugins/Runtime/Steam/SteamController/SteamController.uplugin
LogPluginManager: Loaded Plugin SteamVR, From P:/UNREAL/Epic Games/4.13/Engine/Plugins/Runtime/Steam/SteamVR/SteamVR.uplugin
LogPluginManager: Loaded Plugin WebBrowserWidget, From P:/UNREAL/Epic Games/4.13/Engine/Plugins/Runtime/WebBrowserWidget/WebBrowserWidget.uplugin
LogPluginManager: Loaded Plugin WindowsDeviceProfileSelector, From P:/UNREAL/Epic Games/4.13/Engine/Plugins/Runtime/WindowsDeviceProfileSelector/WindowsDeviceProfileSelector.uplugin
LogPluginManager: Loaded Plugin WindowsMoviePlayer, From P:/UNREAL/Epic Games/4.13/Engine/Plugins/Runtime/WindowsMoviePlayer/WindowsMoviePlayer.uplugin
LogPluginManager: Loaded Plugin ScriptPlugin, From P:/UNREAL/Epic Games/4.13/Engine/Plugins/ScriptPlugin/ScriptPlugin.uplugin
LogPluginManager: Loaded Plugin SlateRemote, From P:/UNREAL/Epic Games/4.13/Engine/Plugins/Slate/SlateRemote/SlateRemote.uplugin
LogInit: Using libcurl 7.47.1
LogInit:  - built for x86_64-pc-win32
LogInit:  - supports SSL with WinSSL
LogInit:  - other features:
LogInit:      CURL_VERSION_SSL
LogInit:      CURL_VERSION_IPV6
LogInit:      CURL_VERSION_ASYNCHDNS
LogInit:      CURL_VERSION_LARGEFILE
LogInit:      CURL_VERSION_IDN
LogInit:  CurlRequestOptions (configurable via config and command line):
LogInit:  - bVerifyPeer = false  - Libcurl will NOT verify peer certificate
LogInit:  - bUseHttpProxy = false  - Libcurl will NOT use HTTP proxy
LogInit:  - bDontReuseConnections = false  - Libcurl will reuse connections
LogInit:  - CertBundlePath = nullptr  - Libcurl will use whatever was configured at build time.
LogInit: Build: ++UE4+Release-4.13-CL-3172292
LogInit: Engine Version: 4.13.2-3172292+++UE4+Release-4.13
LogInit: Compatible Engine Version: 4.13.0-3106830+++UE4+Release-4.13
LogInit: Net CL: 3172292
LogDevObjectVersion: Number of dev versions registered: 13
LogDevObjectVersion:   Dev-Blueprints (B0D832E4-1F89-4F0D-ACCF-7EB736FD4AA2): 5
LogDevObjectVersion:   Dev-Build (E1C64328-A22C-4D53-A36C-8E866417BD8C): 0
LogDevObjectVersion:   Dev-Core (375EC13C-06E4-48FB-B500-84F0262A717E): 1
LogDevObjectVersion:   Dev-Editor (E4B068ED-F494-42E9-A231-DA0B2E46BB41): 6
LogDevObjectVersion:   Dev-Framework (CFFC743F-43B0-4480-9391-14DF171D2073): 12
LogDevObjectVersion:   Dev-Mobile (B02B49B5-BB20-44E9-A304-32B752E40360): 0
LogDevObjectVersion:   Dev-Networking (A4E4105C-59A1-49B5-A7C5-40C4547EDFEE): 0
LogDevObjectVersion:   Dev-Online (39C831C9-5AE6-47DC-9A44-9C173E1C8E7C): 0
LogDevObjectVersion:   Dev-Physics (78F01B33-EBEA-4F98-B9B4-84EACCB95AA2): 0
LogDevObjectVersion:   Dev-Platform (6631380F-2D4D-43E0-8009-CF276956A95A): 0
LogDevObjectVersion:   Dev-Rendering (12F88B9F-8875-4AFC-A67C-D90C383ABD29): 4
LogDevObjectVersion:   Dev-Sequencer (7B5AE74C-D270-4C10-A958-57980B212A5A): 0
LogDevObjectVersion:   Dev-VR (D7296918-1DD6-4BDD-9DE2-64A83CC13884): 0
LogInit: Compiled (64-bit): Oct 24 2016 14:29:06
LogInit: Compiled with Visual C++: 19.00.23026.00
LogInit: Build Configuration: Development
LogInit: Branch Name: ++UE4+Release-4.13
LogInit: Command line: -EpicPortal 
LogInit: Base directory: P:/UNREAL/Epic Games/4.13/Engine/Binaries/Win64/
LogInit: Installed Engine Build: 1
LogInit: Presizing for max 8388607 objects, including 0 objects not considered by GC, pre-allocating 0 bytes for permanent pool.
LogInit: Object subsystem initialized
[2017.05.18-20.51.40:872][  0]LogConsoleManager:Display: Setting the console variable 'r.SeparateTranslucency' with 'SetByProjectSetting' was ignored as it is lower priority than the previous 'SetBySystemSettingsIni'
[2017.05.18-20.51.40:874][  0]LogConsoleManager:Display: Setting the console variable 'r.ScreenPercentage' with 'SetByScalability' was ignored as it is lower priority than the previous 'SetBySystemSettingsIni'
[2017.05.18-20.51.40:874][  0]LogConsoleManager:Display: Setting the console variable 'r.PostProcessAAQuality' with 'SetByScalability' was ignored as it is lower priority than the previous 'SetBySystemSettingsIni'
[2017.05.18-20.51.40:874][  0]LogConsoleManager:Display: Setting the console variable 'r.MotionBlurQuality' with 'SetByScalability' was ignored as it is lower priority than the previous 'SetBySystemSettingsIni'
[2017.05.18-20.51.40:874][  0]LogConsoleManager:Display: Setting the console variable 'r.AmbientOcclusionLevels' with 'SetByScalability' was ignored as it is lower priority than the previous 'SetBySystemSettingsIni'
[2017.05.18-20.51.40:874][  0]LogConsoleManager:Display: Setting the console variable 'r.DepthOfFieldQuality' with 'SetByScalability' was ignored as it is lower priority than the previous 'SetBySystemSettingsIni'
[2017.05.18-20.51.40:874][  0]LogConsoleManager:Display: Setting the console variable 'r.LensFlareQuality' with 'SetByScalability' was ignored as it is lower priority than the previous 'SetBySystemSettingsIni'
[2017.05.18-20.51.40:874][  0]LogConsoleManager:Display: Setting the console variable 'r.SceneColorFringeQuality' with 'SetByScalability' was ignored as it is lower priority than the previous 'SetBySystemSettingsIni'
[2017.05.18-20.51.40:874][  0]LogConsoleManager:Display: Setting the console variable 'r.EyeAdaptationQuality' with 'SetByScalability' was ignored as it is lower priority than the previous 'SetBySystemSettingsIni'
[2017.05.18-20.51.40:874][  0]LogConsoleManager:Display: Setting the console variable 'r.BloomQuality' with 'SetByScalability' was ignored as it is lower priority than the previous 'SetBySystemSettingsIni'
[2017.05.18-20.51.40:874][  0]LogConsoleManager:Display: Setting the console variable 'r.FastBlurThreshold' with 'SetByScalability' was ignored as it is lower priority than the previous 'SetBySystemSettingsIni'
[2017.05.18-20.51.40:874][  0]LogConsoleManager:Display: Setting the console variable 'r.MaxAnisotropy' with 'SetByScalability' was ignored as it is lower priority than the previous 'SetBySystemSettingsIni'
[2017.05.18-20.51.40:874][  0]LogConsoleManager:Display: Setting the console variable 'r.TranslucencyLightingVolumeDim' with 'SetByScalability' was ignored as it is lower priority than the previous 'SetBySystemSettingsIni'
[2017.05.18-20.51.40:874][  0]LogConsoleManager:Display: Setting the console variable 'r.SSR.Quality' with 'SetByScalability' was ignored as it is lower priority than the previous 'SetBySystemSettingsIni'
[2017.05.18-20.51.40:874][  0]LogConsoleManager:Display: Setting the console variable 'r.SceneColorFormat' with 'SetByScalability' was ignored as it is lower priority than the previous 'SetBySystemSettingsIni'
[2017.05.18-20.51.40:874][  0]LogConsoleManager:Display: Setting the console variable 'r.TranslucencyVolumeBlur' with 'SetByScalability' was ignored as it is lower priority than the previous 'SetBySystemSettingsIni'
[2017.05.18-20.51.40:874][  0]LogInit: Selected Device Profile: [Windows]
[2017.05.18-20.51.40:874][  0]LogInit: Applying CVar settings loaded from the selected device profile: [Windows]
[2017.05.18-20.51.40:881][  0]LogInit: Computer: MSI
[2017.05.18-20.51.40:881][  0]LogInit: User: jbethune
[2017.05.18-20.51.40:881][  0]LogInit: CPU Page size=65536, Cores=4
[2017.05.18-20.51.40:881][  0]LogInit: High frequency timer resolution =2.435773 MHz
[2017.05.18-20.51.40:881][  0]LogMemory: Memory total: Physical=7.9GB (8GB approx)
[2017.05.18-20.51.40:882][  0]LogMemory: Platform Memory Stats for Windows
[2017.05.18-20.51.40:882][  0]LogMemory: Process Physical Memory: 255.19 MB used, 255.19 MB peak
[2017.05.18-20.51.40:882][  0]LogMemory: Process Virtual Memory: 259.70 MB used, 259.70 MB peak
[2017.05.18-20.51.40:882][  0]LogMemory: Physical Memory: 3460.16 MB used, 8112.12 MB total
[2017.05.18-20.51.40:882][  0]LogMemory: Virtual Memory: 605.96 MB used, 134217728.00 MB total
[2017.05.18-20.51.40:908][  0]LogInit: Overriding culture en w/ editor configuration.
[2017.05.18-20.51.41:363][  0]LogD3D11RHI: D3D11 adapters:
[2017.05.18-20.51.42:382][  0]LogD3D11RHI:    0. 'NVIDIA GeForce GTX 860M   ' (Feature Level 11_0)
[2017.05.18-20.51.42:382][  0]LogD3D11RHI:       1991/0/2048 MB DedicatedVideo/DedicatedSystem/SharedSystem, Outputs:1, VendorId:0x10de
[2017.05.18-20.51.42:389][  0]LogD3D11RHI:    1. 'Intel(R) HD Graphics 4600' (Feature Level 11_0)
[2017.05.18-20.51.42:389][  0]LogD3D11RHI:       0/0/1792 MB DedicatedVideo/DedicatedSystem/SharedSystem, Outputs:0, VendorId:0x8086
[2017.05.18-20.51.42:390][  0]LogD3D11RHI:    2. 'Microsoft Basic Render Driver' (Feature Level 11_0)
[2017.05.18-20.51.42:390][  0]LogD3D11RHI:       0/0/256 MB DedicatedVideo/DedicatedSystem/SharedSystem, Outputs:0, VendorId:0x1414
[2017.05.18-20.51.42:390][  0]LogD3D11RHI: Chosen D3D11 Adapter: 0
[2017.05.18-20.51.42:395][  0]LogD3D11RHI: Creating new Direct3DDevice
[2017.05.18-20.51.42:395][  0]LogD3D11RHI:     GPU DeviceId: 0x1392 (for the marketing name, search the web for "GPU Device Id")
[2017.05.18-20.51.42:395][  0]LogWindows: EnumDisplayDevices:
[2017.05.18-20.51.42:395][  0]LogWindows:    0. 'Intel(R) HD Graphics 4600' (P:1 D:1)
[2017.05.18-20.51.42:395][  0]LogWindows:    1. 'Intel(R) HD Graphics 4600' (P:0 D:0)
[2017.05.18-20.51.42:395][  0]LogWindows:    2. 'Intel(R) HD Graphics 4600' (P:0 D:0)
[2017.05.18-20.51.42:396][  0]LogWindows: DebugString: PrimaryIsNotTheChoosenAdapter PrimaryIsNotTheChoosenAdapter PrimaryIsNotTheChoosenAdapter FoundDriverCount:0 
[2017.05.18-20.51.42:396][  0]LogD3D11RHI:     Adapter Name: NVIDIA GeForce GTX 860M   
[2017.05.18-20.51.42:396][  0]LogD3D11RHI:   Driver Version: Unknown (internal:Unknown, unified:Unknown)
[2017.05.18-20.51.42:396][  0]LogD3D11RHI:      Driver Date: Unknown
[2017.05.18-20.51.42:396][  0]LogRHI: Texture pool is 1361 MB (70% of 1945 MB)
[2017.05.18-20.51.42:407][  0]LogD3D11RHI: Async texture creation enabled
[2017.05.18-20.51.42:889][  0]LogD3D11RHI: GPU Timing Frequency: 1000.000000 (Debug: 2 2)
[2017.05.18-20.51.42:889][  0]LogShaderCompilers: Guid format shader working directory is -12 characters bigger than the processId version (C:/Users/jbethune/Downloads/MasterCamControl/MasterCamControl/Intermediate/Shaders/WorkingDirectory/5348/).
[2017.05.18-20.51.42:889][  0]LogShaderCompilers: Cleaned the shader compiler working directory 'C:/Users/jbethune/AppData/Local/Temp/UnrealShaderWorkingDir/DEA050A0470767BCAD786F85CA568A47/'.
[2017.05.18-20.51.42:889][  0]LogShaderCompilers:Display: Using Local Shader Compiler.
[2017.05.18-20.51.43:824][  0]LogTemp:Display: Loaded TP AllDesktopTargetPlatform
[2017.05.18-20.51.43:836][  0]LogTemp:Display: Loaded TP WindowsClientTargetPlatform
[2017.05.18-20.51.43:846][  0]LogTemp:Display: Loaded TP WindowsNoEditorTargetPlatform
[2017.05.18-20.51.43:853][  0]LogTemp:Display: Loaded TP WindowsServerTargetPlatform
[2017.05.18-20.51.43:862][  0]LogTemp:Display: Loaded TP WindowsTargetPlatform
[2017.05.18-20.51.43:872][  0]LogTemp:Display: Loaded TP AndroidTargetPlatform
[2017.05.18-20.51.43:878][  0]LogTemp:Display: Loaded TP Android_ASTCTargetPlatform
[2017.05.18-20.51.43:887][  0]LogTemp:Display: Loaded TP Android_ATCTargetPlatform
[2017.05.18-20.51.43:894][  0]LogTemp:Display: Loaded TP Android_DXTTargetPlatform
[2017.05.18-20.51.43:901][  0]LogTemp:Display: Loaded TP Android_ETC1TargetPlatform
[2017.05.18-20.51.43:907][  0]LogTemp:Display: Loaded TP Android_ETC2TargetPlatform
[2017.05.18-20.51.43:923][  0]LogTemp:Display: Loaded TP Android_MultiTargetPlatform
[2017.05.18-20.51.43:923][  0]LogTemp:Display: Loaded TP Android_PVRTCTargetPlatform
[2017.05.18-20.51.43:925][  0]LogTemp:Display: Loaded TP HTML5TargetPlatform
[2017.05.18-20.51.43:945][  0]LogTemp:Display: Loaded TP IOSTargetPlatform
[2017.05.18-20.51.43:952][  0]LogTemp:Display: Loaded TP TVOSTargetPlatform
[2017.05.18-20.51.43:959][  0]LogTemp:Display: Loaded TP LinuxClientTargetPlatform
[2017.05.18-20.51.43:966][  0]LogTemp:Display: Loaded TP LinuxNoEditorTargetPlatform
[2017.05.18-20.51.43:976][  0]LogTemp:Display: Loaded TP LinuxServerTargetPlatform
[2017.05.18-20.51.43:984][  0]LogTemp:Display: Loaded TP LinuxTargetPlatform
[2017.05.18-20.51.43:984][  0]LogTargetPlatformManager:Display: Building Assets For Windows
[2017.05.18-20.51.44:032][  0]LogDerivedDataCache:Display: Max Cache Size: 512 MB
[2017.05.18-20.51.44:122][  0]LogDerivedDataCache: Loaded boot cache 0.09s 87MB C:/Users/jbethune/AppData/Local/UnrealEngine/4.13/DerivedDataCache/Boot.ddc.
[2017.05.18-20.51.44:122][  0]LogDerivedDataCache:Display: Loaded Boot cache: C:/Users/jbethune/AppData/Local/UnrealEngine/4.13/DerivedDataCache/Boot.ddc
[2017.05.18-20.51.44:122][  0]LogDerivedDataCache: FDerivedDataBackendGraph:  Pak pak cache file C:/Users/jbethune/Downloads/MasterCamControl/MasterCamControl/DerivedDataCache/DDC.ddp not found, will not use a pak cache.
[2017.05.18-20.51.44:122][  0]LogDerivedDataCache: Unable to find inner node Pak for hierarchical cache Hierarchy.
[2017.05.18-20.51.44:122][  0]LogDerivedDataCache: FDerivedDataBackendGraph:  CompressedPak pak cache file C:/Users/jbethune/Downloads/MasterCamControl/MasterCamControl/DerivedDataCache/Compressed.ddp not found, will not use a pak cache.
[2017.05.18-20.51.44:122][  0]LogDerivedDataCache: Unable to find inner node CompressedPak for hierarchical cache Hierarchy.
[2017.05.18-20.51.44:145][  0]LogDerivedDataCache:Display: Pak cache opened for reading ../../../Engine/DerivedDataCache/Compressed.ddp.
[2017.05.18-20.51.44:157][  0]LogDerivedDataCache: Using Local data cache path C:/Users/jbethune/AppData/Local/UnrealEngine/Common/DerivedDataCache: Writable
[2017.05.18-20.51.44:418][  0]LogInit: Selected Device Profile: [Windows]
[2017.05.18-20.51.44:419][  0]LogContentStreaming: Texture pool size is 0.00 MB
[2017.05.18-20.51.44:591][  0]LogMeshUtilities: No automatic mesh reduction module available
[2017.05.18-20.51.44:591][  0]LogMeshUtilities: No automatic mesh merging module available
[2017.05.18-20.51.44:591][  0]LogMeshUtilities: No distributed automatic mesh merging module available
[2017.05.18-20.51.44:701][  0]LogMaterial: Uniform references updated for custom material expression Custom.
[2017.05.18-20.51.45:098][  0]LogNetVersion: GetLocalNetworkVersion: CL: 3106830, ProjectName: cameracontrol, ProjectVersion: , EngineNetworkVersion: 1, GameNetworkVersion: 0, NetworkChecksum: 646504735
[2017.05.18-20.51.45:136][  0]LogAssetRegistry: FAssetRegistry took 0.0216 seconds to start up
[2017.05.18-20.51.45:151][  0]LogPackageLocalizationCache: Processed 3 localized package path(s) for 1 prioritized culture(s) in 0.013105 seconds
[2017.05.18-20.51.45:157][  0]LogUObjectArray: 29778 objects as part of root set at end of initial load.
[2017.05.18-20.51.45:157][  0]LogUObjectAllocator: 6125456 out of 0 bytes used by permanent object pool.
[2017.05.18-20.51.45:157][  0]LogUObjectArray: CloseDisregardForGC: 0/0 objects in disregard for GC pool
[2017.05.18-20.51.45:160][  0]LogInit: WinSock: version 1.1 (2.2), MaxSocks=32767, MaxUdp=65467
[2017.05.18-20.51.45:364][  0]LogSlate: SlateFontCache - WITH_FREETYPE: 1, WITH_HARFBUZZ: 1
[2017.05.18-20.51.45:364][  0]LogSlate: SlateFontCache - WITH_FREETYPE: 1, WITH_HARFBUZZ: 1
[2017.05.18-20.51.45:976][  0]LogTcpMessaging: Initializing TcpMessaging bridge
[2017.05.18-20.51.45:993][  0]LogUdpMessaging: Initializing bridge on interface 0.0.0.0:0 to multicast group 230.0.0.1:6666.
[2017.05.18-20.51.46:412][  0]SourceControl: Info Source control is disabled
[2017.05.18-20.51.46:457][  0]SourceControl: Info Source control is disabled
[2017.05.18-20.51.46:463][  0]SourceControl: Info Source control is disabled
[2017.05.18-20.51.46:470][  0]SourceControl: Info Source control is disabled
[2017.05.18-20.51.46:727][  0]LogEngine: Initializing Engine...
[2017.05.18-20.51.47:176][  0]LogAIModule: Creating AISystem for world Untitled
[2017.05.18-20.51.47:181][  0]LogInit: XAudio2 using 'Altavoces (Realtek High Definition Audio)' : 2 channels at 48 kHz using 32 bits per sample (channel mask 0x3)
[2017.05.18-20.51.47:207][  0]LogInit: FAudioDevice initialized.
[2017.05.18-20.51.47:271][  0]LogDerivedDataCache: Saved boot cache 0.06s 87MB C:/Users/jbethune/AppData/Local/UnrealEngine/4.13/DerivedDataCache/Boot.ddc.
[2017.05.18-20.51.47:285][  0]LogInit: Texture streaming: Enabled
[2017.05.18-20.51.47:301][  0]LogInit: Transaction tracking system initialized
[2017.05.18-20.51.47:313][  0]BlueprintLog: New page: Editor Load
[2017.05.18-20.51.47:359][  0]LocalizationService: Info Localization service is disabled
[2017.05.18-20.51.47:974][  0]LogConsoleResponse:Display: 
[2017.05.18-20.51.48:080][  0]LogCook:Display: Max memory allowance for cook 16384mb min free memory 0mb
[2017.05.18-20.51.48:080][  0]LogCook:Display: Mobile HDR setting 1
[2017.05.18-20.51.48:169][  0]LogFileCache: Scanning file cache for directory 'C:/Users/jbethune/Downloads/MasterCamControl/MasterCamControl/Content/' took 0.02s
[2017.05.18-20.51.48:169][  0]SourceControl: Info Source control is disabled
[2017.05.18-20.51.48:169][  0]Cmd: MAP LOAD FILE="C:/Users/jbethune/Downloads/MasterCamControl/MasterCamControl/Content/Lmenu/Lmenu.umap" TEMPLATE=0 SHOWPROGRESS=1 FEATURELEVEL=3
[2017.05.18-20.51.48:169][  0]LightingResults: New page: Lighting Build
[2017.05.18-20.51.48:170][  0]MapCheck: New page: Map Check
[2017.05.18-20.51.48:171][  0]LightingResults: New page: Lighting Build
[2017.05.18-20.51.48:826][  0]LogBlueprint:Warning: [Compiler PersistentLevel.Lmenu] Warning InputAction Event references unknown Action 'changeCamera' for  K2Node_InputAction_151
[2017.05.18-20.51.48:829][  0]LogBlueprint:Warning: [Compiler PersistentLevel.Lmenu] Warning [0008.61] Compile of PersistentLevel.Lmenu successful, but with 1 Warning(s) [in 6 ms] (/Game/Lmenu/Lmenu.Lmenu:PersistentLevel.Lmenu)
[2017.05.18-20.51.48:829][  0]LogBlueprint:Warning: [Compiler PersistentLevel.Lmenu] Warning [0008.61] Compile of PersistentLevel.Lmenu successful, but with 2 Warning(s) [in 0 ms] (/Game/Lmenu/Lmenu.Lmenu:PersistentLevel.Lmenu)
[2017.05.18-20.51.48:829][  0]LogBlueprint:Warning: [Compiler PersistentLevel.Lmenu] Warning [0008.61] Compile of PersistentLevel.Lmenu successful, but with 3 Warning(s) [in 0 ms] (/Game/Lmenu/Lmenu.Lmenu:PersistentLevel.Lmenu)
[2017.05.18-20.51.48:834][  0]LogBlueprint:Warning: [Compiler PersistentLevel.Lmenu] Warning InputAction Event references unknown Action 'changeCamera' for  K2Node_InputAction_151
[2017.05.18-20.51.48:837][  0]LogBlueprint:Warning: [Compiler PersistentLevel.Lmenu] Warning [0008.61] Compile of PersistentLevel.Lmenu successful, but with 1 Warning(s) [in 6 ms] (/Game/Lmenu/Lmenu.Lmenu:PersistentLevel.Lmenu)
[2017.05.18-20.51.48:837][  0]LogBlueprint:Warning: [Compiler PersistentLevel.Lmenu] Warning [0008.61] Compile of PersistentLevel.Lmenu successful, but with 2 Warning(s) [in 0 ms] (/Game/Lmenu/Lmenu.Lmenu:PersistentLevel.Lmenu)
[2017.05.18-20.51.48:837][  0]LogBlueprint:Warning: [Compiler PersistentLevel.Lmenu] Warning [0008.61] Compile of PersistentLevel.Lmenu successful, but with 3 Warning(s) [in 0 ms] (/Game/Lmenu/Lmenu.Lmenu:PersistentLevel.Lmenu)
[2017.05.18-20.51.49:268][  0]LogAIModule: Creating AISystem for world Lmenu
[2017.05.18-20.51.49:286][  0]LogEditorServer: Finished looking for orphan Actors (0.000 secs)
[2017.05.18-20.51.49:286][  0]Cmd: MAP CHECKDEP NOCLEARLOG
[2017.05.18-20.51.49:333][  0]MapCheck: Info Map check complete: 0 Error(s), 0 Warning(s), took 46.852ms to complete.
[2017.05.18-20.51.49:333][  0]LogFileHelpers: Loading map 'Lmenu' took 1.164
[2017.05.18-20.51.49:444][  0]LogCollectionManager: Loaded 0 collections in 0.000746 seconds
[2017.05.18-20.51.49:483][  0]LogFileCache: Scanning file cache for directory 'C:/Users/jbethune/Downloads/MasterCamControl/MasterCamControl/Saved/Collections/' took 0.01s
[2017.05.18-20.51.49:483][  0]LogFileCache: Scanning file cache for directory 'C:/Users/jbethune/Downloads/MasterCamControl/MasterCamControl/Content/Developers/jbethune/Collections/' took 0.01s
[2017.05.18-20.51.49:483][  0]LogFileCache: Scanning file cache for directory 'C:/Users/jbethune/Downloads/MasterCamControl/MasterCamControl/Content/Collections/' took 0.01s
[2017.05.18-20.51.49:483][  0]LogCollectionManager: Rebuilt the GUID cache for 0 collections in 0.000002 seconds
[2017.05.18-20.51.49:493][  0]LogContentBrowser: Native class hierarchy populated in 0.0097 seconds. Added 2139 classes and 412 folders.
[2017.05.18-20.51.49:496][  0]LogStats: UGameplayTagsManager::ConstructGameplayTagTree: Construct from data asset -  0.000 s
[2017.05.18-20.51.49:496][  0]LogStats: UGameplayTagsManager::ConstructGameplayTagTree: GameplayTagTreeChangedEvent.Broadcast -  0.000 s
[2017.05.18-20.51.49:497][  0]LogContentBrowser: Native class hierarchy updated for 'GameplayTags' in 0.0007 seconds. Added 12 classes and 0 folders.
[2017.05.18-20.51.49:500][  0]LogContentBrowser: Native class hierarchy updated for 'WidgetCarousel' in 0.0005 seconds. Added 0 classes and 0 folders.
[2017.05.18-20.51.49:535][  0]LogContentBrowser: Native class hierarchy updated for 'AddContentDialog' in 0.0004 seconds. Added 0 classes and 0 folders.
[2017.05.18-20.51.49:541][  0]LogContentBrowser: Native class hierarchy updated for 'SceneOutliner' in 0.0004 seconds. Added 1 classes and 2 folders.
[2017.05.18-20.51.49:599][  0]LogCrashTracker: Crashtracker disabled due to settings.
[2017.05.18-20.51.49:603][  0]LogUObjectGlobals:Warning: Failed to find object 'Class None.'
[2017.05.18-20.51.49:633][  0]LogContentBrowser: Native class hierarchy updated for 'HierarchicalLODOutliner' in 0.0004 seconds. Added 1 classes and 2 folders.
[2017.05.18-20.51.49:633][  0]LogLoad: (Engine Initialization) Total time: 9.41 seconds
[2017.05.18-20.51.49:633][  0]LogLoad: (Engine Initialization) Total Blueprint compile time: 0.35 seconds
[2017.05.18-20.51.49:633][  0]LogExternalProfiler: Found external profiler: VSPerf
[2017.05.18-20.51.49:633][  0]LogExternalProfiler: Using external profiler: VSPerf
[2017.05.18-20.51.49:650][  0]LogWindowsTextInputMethodSystem:Display: IME system now deactivated.
[2017.05.18-20.51.49:651][  0]LogOcInput: OculusInput pre-init called
[2017.05.18-20.51.49:670][  0]LogContentStreaming: Texture pool size now 400 MB
[2017.05.18-20.51.49:848][  0]LogRenderer: Reallocating scene render targets to support 1416x584 (Frame:2).
[2017.05.18-20.51.49:933][  1]LogAssetRegistry: Asset discovery search completed in 4.8192 seconds
[2017.05.18-20.51.49:933][  1]LogCollectionManager: Rebuilt the object cache for 0 collections in 0.000000 seconds (found 0 objects)
[2017.05.18-20.51.49:933][  1]LogCollectionManager: Fixed up redirectors for 0 collections in 0.000027 seconds (updated 0 objects)
[2017.05.18-20.53.07:734][628]LogLinker:Warning: Asset 'C:/Users/jbethune/Downloads/MasterCamControl/MasterCamControl/Content/Materials/PP_Outliner_M.uasset' has been saved with empty engine version. The asset will be loaded but may be incompatible.
[2017.05.18-20.53.07:736][628]LogLinker:Warning: Asset 'C:/Users/jbethune/Downloads/MasterCamControl/MasterCamControl/Content/Materials/MF_ConvolveTexture.uasset' has been saved with empty engine version. The asset will be loaded but may be incompatible.
[2017.05.18-20.53.07:738][628]LogLinker:Warning: Asset 'C:/Users/jbethune/Downloads/MasterCamControl/MasterCamControl/Content/Materials/MF_ExtractDepth.uasset' has been saved with empty engine version. The asset will be loaded but may be incompatible.
[2017.05.18-20.53.07:739][628]LogLinker:Warning: Asset 'C:/Users/jbethune/Downloads/MasterCamControl/MasterCamControl/Content/Materials/MF_SampleSceneTextureNeighbourUVs.uasset' has been saved with empty engine version. The asset will be loaded but may be incompatible.
[2017.05.18-20.53.07:743][628]LogLinker:Warning: Can't find file '/Game/L1/Props/estatua01_PhysicsAsset'
[2017.05.18-20.53.07:743][628]LogLinker:Warning: Can't find file for asset '/Game/L1/Props/estatua01_PhysicsAsset' while loading C:/Users/jbethune/Downloads/MasterCamControl/MasterCamControl/Content/L1/Props/estatua01.uasset.
[2017.05.18-20.53.07:743][628]LoadErrors:Error: Error /Game/L1/Props/estatua01 : Can't find file for asset. /Game/L1/Props/estatua01_PhysicsAsset
[2017.05.18-20.53.07:744][628]LogLinker:Warning: Can't find file '/Game/L1/Props/estatua01_Skeleton'
[2017.05.18-20.53.07:744][628]LogLinker:Warning: Can't find file for asset '/Game/L1/Props/estatua01_Skeleton' while loading C:/Users/jbethune/Downloads/MasterCamControl/MasterCamControl/Content/L1/Props/estatua01.uasset.
[2017.05.18-20.53.07:744][628]LoadErrors:Error: Error /Game/L1/Props/estatua01 : Can't find file for asset. /Game/L1/Props/estatua01_Skeleton
[2017.05.18-20.53.07:744][628]LogLinker:Warning: Can't find file '/Game/L1/Props/estatua01_PhysicsAsset'
[2017.05.18-20.53.07:744][628]LogLinker:Warning: Can't find file for asset '/Game/L1/Props/estatua01_PhysicsAsset' while loading C:/Users/jbethune/Downloads/MasterCamControl/MasterCamControl/Content/L1/Props/estatua01.uasset.
[2017.05.18-20.53.07:744][628]LogLinker:Warning: Can't find file '/Game/L1/Props/estatua01_Skeleton'
[2017.05.18-20.53.07:744][628]LogLinker:Warning: Can't find file for asset '/Game/L1/Props/estatua01_Skeleton' while loading C:/Users/jbethune/Downloads/MasterCamControl/MasterCamControl/Content/L1/Props/estatua01.uasset.
[2017.05.18-20.53.07:745][628]LogLinker:Warning: Can't find file '/Game/L1/Props/estatua02_PhysicsAsset'
[2017.05.18-20.53.07:745][628]LogLinker:Warning: Can't find file for asset '/Game/L1/Props/estatua02_PhysicsAsset' while loading C:/Users/jbethune/Downloads/MasterCamControl/MasterCamControl/Content/L1/Props/estatua02.uasset.
[2017.05.18-20.53.07:745][628]LoadErrors:Error: Error /Game/L1/Props/estatua02 : Can't find file for asset. /Game/L1/Props/estatua02_PhysicsAsset
[2017.05.18-20.53.07:745][628]LogLinker:Warning: Can't find file '/Game/L1/Props/estatua02_Skeleton'
[2017.05.18-20.53.07:746][628]LogLinker:Warning: Can't find file for asset '/Game/L1/Props/estatua02_Skeleton' while loading C:/Users/jbethune/Downloads/MasterCamControl/MasterCamControl/Content/L1/Props/estatua02.uasset.
[2017.05.18-20.53.07:746][628]LoadErrors:Error: Error /Game/L1/Props/estatua02 : Can't find file for asset. /Game/L1/Props/estatua02_Skeleton
[2017.05.18-20.53.07:746][628]LogLinker:Warning: Can't find file '/Game/L1/Props/estatua02_PhysicsAsset'
[2017.05.18-20.53.07:746][628]LogLinker:Warning: Can't find file for asset '/Game/L1/Props/estatua02_PhysicsAsset' while loading C:/Users/jbethune/Downloads/MasterCamControl/MasterCamControl/Content/L1/Props/estatua02.uasset.
[2017.05.18-20.53.07:746][628]LogLinker:Warning: Can't find file '/Game/L1/Props/estatua02_Skeleton'
[2017.05.18-20.53.07:746][628]LogLinker:Warning: Can't find file for asset '/Game/L1/Props/estatua02_Skeleton' while loading C:/Users/jbethune/Downloads/MasterCamControl/MasterCamControl/Content/L1/Props/estatua02.uasset.
[2017.05.18-20.53.07:747][628]LogLinker:Warning: Can't find file '/Game/L1/Props/estatua03_PhysicsAsset'
[2017.05.18-20.53.07:747][628]LogLinker:Warning: Can't find file for asset '/Game/L1/Props/estatua03_PhysicsAsset' while loading C:/Users/jbethune/Downloads/MasterCamControl/MasterCamControl/Content/L1/Props/estatua03.uasset.
[2017.05.18-20.53.07:747][628]LoadErrors:Error: Error /Game/L1/Props/estatua03 : Can't find file for asset. /Game/L1/Props/estatua03_PhysicsAsset
[2017.05.18-20.53.07:747][628]LogLinker:Warning: Can't find file '/Game/L1/Props/estatua03_Skeleton'
[2017.05.18-20.53.07:747][628]LogLinker:Warning: Can't find file for asset '/Game/L1/Props/estatua03_Skeleton' while loading C:/Users/jbethune/Downloads/MasterCamControl/MasterCamControl/Content/L1/Props/estatua03.uasset.
[2017.05.18-20.53.07:747][628]LoadErrors:Error: Error /Game/L1/Props/estatua03 : Can't find file for asset. /Game/L1/Props/estatua03_Skeleton
[2017.05.18-20.53.07:748][628]LogLinker:Warning: Can't find file '/Game/L1/Props/estatua03_PhysicsAsset'
[2017.05.18-20.53.07:748][628]LogLinker:Warning: Can't find file for asset '/Game/L1/Props/estatua03_PhysicsAsset' while loading C:/Users/jbethune/Downloads/MasterCamControl/MasterCamControl/Content/L1/Props/estatua03.uasset.
[2017.05.18-20.53.07:748][628]LogLinker:Warning: Can't find file '/Game/L1/Props/estatua03_Skeleton'
[2017.05.18-20.53.07:748][628]LogLinker:Warning: Can't find file for asset '/Game/L1/Props/estatua03_Skeleton' while loading C:/Users/jbethune/Downloads/MasterCamControl/MasterCamControl/Content/L1/Props/estatua03.uasset.
[2017.05.18-20.53.07:887][628]LogLinker:Warning: Can't find file '/Game/L1/Props/estatua03_Skeleton'
[2017.05.18-20.53.07:888][628]LoadErrors: Info Failed to load /Game/L1/Props/estatua03_Skeleton.estatua03_Skeleton Referenced by estatua03
[2017.05.18-20.53.07:888][628]LogLinker:Warning: Can't find file for asset '/Game/L1/Props/estatua03_Skeleton' while loading NULL.
[2017.05.18-20.53.07:889][628]LogLinker:Warning: Can't find file '/Game/L1/Props/estatua03_PhysicsAsset'
[2017.05.18-20.53.07:889][628]LoadErrors: Info Failed to load /Game/L1/Props/estatua03_PhysicsAsset.estatua03_PhysicsAsset Referenced by estatua03
[2017.05.18-20.53.07:889][628]LogLinker:Warning: Can't find file for asset '/Game/L1/Props/estatua03_PhysicsAsset' while loading NULL.
[2017.05.18-20.53.07:891][628]LogLinker:Warning: Can't find file '/Game/L1/Props/estatua02_Skeleton'
[2017.05.18-20.53.07:891][628]LoadErrors: Info Failed to load /Game/L1/Props/estatua02_Skeleton.estatua02_Skeleton Referenced by estatua02
[2017.05.18-20.53.07:891][628]LogLinker:Warning: Can't find file for asset '/Game/L1/Props/estatua02_Skeleton' while loading NULL.
[2017.05.18-20.53.07:892][628]LogLinker:Warning: Can't find file '/Game/L1/Props/estatua02_PhysicsAsset'
[2017.05.18-20.53.07:892][628]LoadErrors: Info Failed to load /Game/L1/Props/estatua02_PhysicsAsset.estatua02_PhysicsAsset Referenced by estatua02
[2017.05.18-20.53.07:892][628]LogLinker:Warning: Can't find file for asset '/Game/L1/Props/estatua02_PhysicsAsset' while loading NULL.
[2017.05.18-20.53.07:894][628]LogLinker:Warning: Can't find file '/Game/L1/Props/estatua01_Skeleton'
[2017.05.18-20.53.07:894][628]LoadErrors: Info Failed to load /Game/L1/Props/estatua01_Skeleton.estatua01_Skeleton Referenced by estatua01
[2017.05.18-20.53.07:895][628]LogLinker:Warning: Can't find file for asset '/Game/L1/Props/estatua01_Skeleton' while loading NULL.
[2017.05.18-20.53.07:895][628]LogLinker:Warning: Can't find file '/Game/L1/Props/estatua01_PhysicsAsset'
[2017.05.18-20.53.07:895][628]LoadErrors: Info Failed to load /Game/L1/Props/estatua01_PhysicsAsset.estatua01_PhysicsAsset Referenced by estatua01
[2017.05.18-20.53.07:895][628]LogLinker:Warning: Can't find file for asset '/Game/L1/Props/estatua01_PhysicsAsset' while loading NULL.
[2017.05.18-20.53.08:386][628]LogAIModule: Creating AISystem for world L1map
[2017.05.18-20.53.08:411][628]LogAnimation:Warning: AnimBP MrBear_a_bp_old_C is incompatible with skeleton boy_Skeleton, removing AnimBP from actor.
[2017.05.18-20.53.08:412][628]LogAnimation:Warning: AnimBP MrGuau_a_bp_C is incompatible with skeleton girl_Skeleton, removing AnimBP from actor.
[2017.05.18-20.53.08:413][628]LogAnimation:Warning: AnimBP MrGuau_a_bp_C is incompatible with skeleton boy_Skeleton, removing AnimBP from actor.
[2017.05.18-20.53.08:483][628]Cmd: MAP LOAD FILE="C:/Users/jbethune/Downloads/MasterCamControl/MasterCamControl/Content/L1/L1map.umap" TEMPLATE=0 SHOWPROGRESS=1 FEATURELEVEL=3
[2017.05.18-20.53.08:484][628]LightingResults: New page: Lighting Build
[2017.05.18-20.53.08:484][628]LoadErrors: New page: Loading map: L1map.umap
[2017.05.18-20.53.08:485][628]MapCheck: New page: Map Check
[2017.05.18-20.53.08:485][628]LightingResults: New page: Lighting Build
[2017.05.18-20.53.08:526][628]LogAnimation:Warning: AnimBP Girl_anim_bp_C is incompatible with skeleton mrGuau_Skeleton, removing AnimBP from actor.
[2017.05.18-20.53.08:527][628]LogAnimation:Warning: AnimBP Girl_anim_bp_C is incompatible with skeleton bear_Skeleton, removing AnimBP from actor.
[2017.05.18-20.53.08:528][628]LogAnimation:Warning: AnimBP Boy_AnimationBlueprint_C is incompatible with skeleton girl_Skeleton, removing AnimBP from actor.
[2017.05.18-20.53.08:608][628]LogEditorServer: Finished looking for orphan Actors (0.000 secs)
[2017.05.18-20.53.08:621][628]Cmd: MAP CHECKDEP NOCLEARLOG
[2017.05.18-20.53.08:689][628]MapCheck: Info Map check complete: 0 Error(s), 0 Warning(s), took 67.477ms to complete.
[2017.05.18-20.53.08:690][628]LogFileHelpers: Loading map 'L1map' took 0.208
[2017.05.18-21.19.07:579][687]LogAnimation:Warning: SkeletalMesh estatua03 has no skeleton. This needs to fixed before an animation can be set
[2017.05.18-21.19.07:580][687]LogAnimation:Warning: SkeletalMesh estatua02 has no skeleton. This needs to fixed before an animation can be set
[2017.05.18-21.19.07:580][687]LogAnimation:Warning: SkeletalMesh estatua01 has no skeleton. This needs to fixed before an animation can be set
[2017.05.18-21.19.07:779][694]LogAnimation:Warning: SkeletalMesh estatua03 has no skeleton. This needs to fixed before an animation can be set
[2017.05.18-21.19.07:779][694]LogAnimation:Warning: SkeletalMesh estatua02 has no skeleton. This needs to fixed before an animation can be set
[2017.05.18-21.19.07:796][695]LogAnimation:Warning: SkeletalMesh estatua01 has no skeleton. This needs to fixed before an animation can be set
[2017.05.18-21.19.07:878][700]LogAnimation:Warning: SkeletalMesh estatua03 has no skeleton. This needs to fixed before an animation can be set
[2017.05.18-21.19.07:878][700]LogAnimation:Warning: SkeletalMesh estatua02 has no skeleton. This needs to fixed before an animation can be set
[2017.05.18-21.19.07:895][701]LogAnimation:Warning: SkeletalMesh estatua01 has no skeleton. This needs to fixed before an animation can be set
[2017.05.18-21.19.07:978][706]LogAnimation:Warning: SkeletalMesh estatua03 has no skeleton. This needs to fixed before an animation can be set
[2017.05.18-21.19.07:978][706]LogAnimation:Warning: SkeletalMesh estatua02 has no skeleton. This needs to fixed before an animation can be set
[2017.05.18-21.19.07:994][707]LogAnimation:Warning: SkeletalMesh estatua01 has no skeleton. This needs to fixed before an animation can be set
[2017.05.18-21.19.08:078][712]LogAnimation:Warning: SkeletalMesh estatua03 has no skeleton. This needs to fixed before an animation can be set
[2017.05.18-21.19.08:079][712]LogAnimation:Warning: SkeletalMesh estatua02 has no skeleton. This needs to fixed before an animation can be set
[2017.05.18-21.19.08:100][713]LogAnimation:Warning: SkeletalMesh estatua01 has no skeleton. This needs to fixed before an animation can be set
[2017.05.18-21.19.08:185][718]LogAnimation:Warning: SkeletalMesh estatua03 has no skeleton. This needs to fixed before an animation can be set
[2017.05.18-21.19.08:185][718]LogAnimation:Warning: SkeletalMesh estatua02 has no skeleton. This needs to fixed before an animation can be set
[2017.05.18-21.19.08:201][719]LogAnimation:Warning: SkeletalMesh estatua01 has no skeleton. This needs to fixed before an animation can be set
[2017.05.18-21.19.08:284][724]LogAnimation:Warning: SkeletalMesh estatua03 has no skeleton. This needs to fixed before an animation can be set
[2017.05.18-21.19.08:285][724]LogAnimation:Warning: SkeletalMesh estatua02 has no skeleton. This needs to fixed before an animation can be set
[2017.05.18-21.19.08:301][725]LogAnimation:Warning: SkeletalMesh estatua01 has no skeleton. This needs to fixed before an animation can be set
[2017.05.18-21.19.08:384][730]LogAnimation:Warning: SkeletalMesh estatua03 has no skeleton. This needs to fixed before an animation can be set
[2017.05.18-21.19.08:384][730]LogAnimation:Warning: SkeletalMesh estatua02 has no skeleton. This needs to fixed before an animation can be set
[2017.05.18-21.19.08:401][731]LogAnimation:Warning: SkeletalMesh estatua01 has no skeleton. This needs to fixed before an animation can be set
[2017.05.18-21.19.08:484][736]LogAnimation:Warning: SkeletalMesh estatua03 has no skeleton. This needs to fixed before an animation can be set
[2017.05.18-21.19.08:484][736]LogAnimation:Warning: SkeletalMesh estatua02 has no skeleton. This needs to fixed before an animation can be set
[2017.05.18-21.19.08:501][737]LogAnimation:Warning: SkeletalMesh estatua01 has no skeleton. This needs to fixed before an animation can be set
[2017.05.18-21.19.08:584][742]LogAnimation:Warning: SkeletalMesh estatua03 has no skeleton. This needs to fixed before an animation can be set
[2017.05.18-21.19.08:584][742]LogAnimation:Warning: SkeletalMesh estatua02 has no skeleton. This needs to fixed before an animation can be set
[2017.05.18-21.19.08:601][743]LogAnimation:Warning: SkeletalMesh estatua01 has no skeleton. This needs to fixed before an animation can be set
[2017.05.18-21.19.08:684][748]LogAnimation:Warning: SkeletalMesh estatua03 has no skeleton. This needs to fixed before an animation can be set
[2017.05.18-21.19.08:684][748]LogAnimation:Warning: SkeletalMesh estatua02 has no skeleton. This needs to fixed before an animation can be set
[2017.05.18-21.19.08:700][749]LogAnimation:Warning: SkeletalMesh estatua01 has no skeleton. This needs to fixed before an animation can be set
[2017.05.18-21.19.08:784][754]LogAnimation:Warning: SkeletalMesh estatua03 has no skeleton. This needs to fixed before an animation can be set
[2017.05.18-21.19.08:784][754]LogAnimation:Warning: SkeletalMesh estatua02 has no skeleton. This needs to fixed before an animation can be set
[2017.05.18-21.19.08:800][755]LogAnimation:Warning: SkeletalMesh estatua01 has no skeleton. This needs to fixed before an animation can be set
[2017.05.18-21.19.08:884][760]LogAnimation:Warning: SkeletalMesh estatua03 has no skeleton. This needs to fixed before an animation can be set
[2017.05.18-21.19.08:884][760]LogAnimation:Warning: SkeletalMesh estatua02 has no skeleton. This needs to fixed before an animation can be set
[2017.05.18-21.19.08:900][761]LogAnimation:Warning: SkeletalMesh estatua01 has no skeleton. This needs to fixed before an animation can be set
[2017.05.18-21.19.08:984][766]LogAnimation:Warning: SkeletalMesh estatua03 has no skeleton. This needs to fixed before an animation can be set
[2017.05.18-21.19.08:984][766]LogAnimation:Warning: SkeletalMesh estatua02 has no skeleton. This needs to fixed before an animation can be set
[2017.05.18-21.19.09:000][767]LogAnimation:Warning: SkeletalMesh estatua01 has no skeleton. This needs to fixed before an animation can be set
[2017.05.18-21.19.09:086][772]LogAnimation:Warning: SkeletalMesh estatua03 has no skeleton. This needs to fixed before an animation can be set
[2017.05.18-21.19.09:086][772]LogAnimation:Warning: SkeletalMesh estatua02 has no skeleton. This needs to fixed before an animation can be set
[2017.05.18-21.19.09:101][773]LogAnimation:Warning: SkeletalMesh estatua01 has no skeleton. This needs to fixed before an animation can be set
[2017.05.18-21.19.09:184][778]LogAnimation:Warning: SkeletalMesh estatua03 has no skeleton. This needs to fixed before an animation can be set
[2017.05.18-21.19.09:184][778]LogAnimation:Warning: SkeletalMesh estatua02 has no skeleton. This needs to fixed before an animation can be set
[2017.05.18-21.19.09:201][779]LogAnimation:Warning: SkeletalMesh estatua01 has no skeleton. This needs to fixed before an animation can be set
[2017.05.18-21.19.09:289][784]LogAnimation:Warning: SkeletalMesh estatua03 has no skeleton. This needs to fixed before an animation can be set
[2017.05.18-21.19.09:290][784]LogAnimation:Warning: SkeletalMesh estatua02 has no skeleton. This needs to fixed before an animation can be set
[2017.05.18-21.19.09:307][785]LogAnimation:Warning: SkeletalMesh estatua01 has no skeleton. This needs to fixed before an animation can be set
[2017.05.18-21.19.09:401][790]LogAnimation:Warning: SkeletalMesh estatua03 has no skeleton. This needs to fixed before an animation can be set
[2017.05.18-21.19.09:401][790]LogAnimation:Warning: SkeletalMesh estatua02 has no skeleton. This needs to fixed before an animation can be set
[2017.05.18-21.19.09:422][791]LogAnimation:Warning: SkeletalMesh estatua01 has no skeleton. This needs to fixed before an animation can be set
[2017.05.18-21.19.09:506][796]LogAnimation:Warning: SkeletalMesh estatua03 has no skeleton. This needs to fixed before an animation can be set
[2017.05.18-21.19.09:506][796]LogAnimation:Warning: SkeletalMesh estatua02 has no skeleton. This needs to fixed before an animation can be set
[2017.05.18-21.19.09:523][797]LogAnimation:Warning: SkeletalMesh estatua01 has no skeleton. This needs to fixed before an animation can be set
[2017.05.18-21.19.09:607][802]LogAnimation:Warning: SkeletalMesh estatua03 has no skeleton. This needs to fixed before an animation can be set
[2017.05.18-21.19.09:607][802]LogAnimation:Warning: SkeletalMesh estatua02 has no skeleton. This needs to fixed before an animation can be set
[2017.05.18-21.19.09:624][803]LogAnimation:Warning: SkeletalMesh estatua01 has no skeleton. This needs to fixed before an animation can be set
[2017.05.18-21.19.09:773][812]LogAnimation:Warning: SkeletalMesh estatua03 has no skeleton. This needs to fixed before an animation can be set
[2017.05.18-21.19.09:773][812]LogAnimation:Warning: SkeletalMesh estatua02 has no skeleton. This needs to fixed before an animation can be set
[2017.05.18-21.19.09:790][813]LogAnimation:Warning: SkeletalMesh estatua01 has no skeleton. This needs to fixed before an animation can be set
[2017.05.18-21.19.12:243][957]LogAnimation:Warning: SkeletalMesh estatua03 has no skeleton. This needs to fixed before an animation can be set
[2017.05.18-21.19.12:255][958]LogAnimation:Warning: SkeletalMesh estatua02 has no skeleton. This needs to fixed before an animation can be set
[2017.05.18-21.19.12:256][958]LogAnimation:Warning: SkeletalMesh estatua01 has no skeleton. This needs to fixed before an animation can be set
[2017.05.18-21.19.12:356][964]LogAnimation:Warning: SkeletalMesh estatua03 has no skeleton. This needs to fixed before an animation can be set
[2017.05.18-21.19.12:356][964]LogAnimation:Warning: SkeletalMesh estatua02 has no skeleton. This needs to fixed before an animation can be set
[2017.05.18-21.19.12:373][965]LogAnimation:Warning: SkeletalMesh estatua01 has no skeleton. This needs to fixed before an animation can be set
[2017.05.18-21.19.12:456][970]LogAnimation:Warning: SkeletalMesh estatua03 has no skeleton. This needs to fixed before an animation can be set
[2017.05.18-21.19.12:456][970]LogAnimation:Warning: SkeletalMesh estatua02 has no skeleton. This needs to fixed before an animation can be set
[2017.05.18-21.19.12:473][971]LogAnimation:Warning: SkeletalMesh estatua01 has no skeleton. This needs to fixed before an animation can be set
[2017.05.18-21.19.12:556][976]LogAnimation:Warning: SkeletalMesh estatua03 has no skeleton. This needs to fixed before an animation can be set
[2017.05.18-21.19.12:556][976]LogAnimation:Warning: SkeletalMesh estatua02 has no skeleton. This needs to fixed before an animation can be set
[2017.05.18-21.19.12:572][977]LogAnimation:Warning: SkeletalMesh estatua01 has no skeleton. This needs to fixed before an animation can be set
[2017.05.18-21.19.12:656][982]LogAnimation:Warning: SkeletalMesh estatua03 has no skeleton. This needs to fixed before an animation can be set
[2017.05.18-21.19.12:657][982]LogAnimation:Warning: SkeletalMesh estatua02 has no skeleton. This needs to fixed before an animation can be set
[2017.05.18-21.19.12:672][983]LogAnimation:Warning: SkeletalMesh estatua01 has no skeleton. This needs to fixed before an animation can be set
[2017.05.18-21.19.12:756][988]LogAnimation:Warning: SkeletalMesh estatua03 has no skeleton. This needs to fixed before an animation can be set
[2017.05.18-21.19.12:756][988]LogAnimation:Warning: SkeletalMesh estatua02 has no skeleton. This needs to fixed before an animation can be set
[2017.05.18-21.19.12:772][989]LogAnimation:Warning: SkeletalMesh estatua01 has no skeleton. This needs to fixed before an animation can be set
[2017.05.18-21.19.12:856][994]LogAnimation:Warning: SkeletalMesh estatua03 has no skeleton. This needs to fixed before an animation can be set
[2017.05.18-21.19.12:856][994]LogAnimation:Warning: SkeletalMesh estatua02 has no skeleton. This needs to fixed before an animation can be set
[2017.05.18-21.19.12:872][995]LogAnimation:Warning: SkeletalMesh estatua01 has no skeleton. This needs to fixed before an animation can be set
[2017.05.18-21.19.12:957][  0]LogAnimation:Warning: SkeletalMesh estatua03 has no skeleton. This needs to fixed before an animation can be set
[2017.05.18-21.19.12:957][  0]LogAnimation:Warning: SkeletalMesh estatua02 has no skeleton. This needs to fixed before an animation can be set
[2017.05.18-21.19.12:975][  1]LogAnimation:Warning: SkeletalMesh estatua01 has no skeleton. This needs to fixed before an animation can be set
[2017.05.18-21.19.13:072][  6]LogAnimation:Warning: SkeletalMesh estatua03 has no skeleton. This needs to fixed before an animation can be set
[2017.05.18-21.19.13:072][  6]LogAnimation:Warning: SkeletalMesh estatua02 has no skeleton. This needs to fixed before an animation can be set
[2017.05.18-21.19.13:089][  7]LogAnimation:Warning: SkeletalMesh estatua01 has no skeleton. This needs to fixed before an animation can be set
[2017.05.18-21.19.13:171][ 12]LogAnimation:Warning: SkeletalMesh estatua03 has no skeleton. This needs to fixed before an animation can be set
[2017.05.18-21.19.13:172][ 12]LogAnimation:Warning: SkeletalMesh estatua02 has no skeleton. This needs to fixed before an animation can be set
[2017.05.18-21.19.13:187][ 13]LogAnimation:Warning: SkeletalMesh estatua01 has no skeleton. This needs to fixed before an animation can be set
[2017.05.18-21.19.13:271][ 18]LogAnimation:Warning: SkeletalMesh estatua03 has no skeleton. This needs to fixed before an animation can be set
[2017.05.18-21.19.13:271][ 18]LogAnimation:Warning: SkeletalMesh estatua02 has no skeleton. This needs to fixed before an animation can be set
[2017.05.18-21.19.13:288][ 19]LogAnimation:Warning: SkeletalMesh estatua01 has no skeleton. This needs to fixed before an animation can be set
[2017.05.18-21.19.13:371][ 24]LogAnimation:Warning: SkeletalMesh estatua03 has no skeleton. This needs to fixed before an animation can be set
[2017.05.18-21.19.13:371][ 24]LogAnimation:Warning: SkeletalMesh estatua02 has no skeleton. This needs to fixed before an animation can be set
[2017.05.18-21.19.13:387][ 25]LogAnimation:Warning: SkeletalMesh estatua01 has no skeleton. This needs to fixed before an animation can be set
[2017.05.18-21.19.13:471][ 30]LogAnimation:Warning: SkeletalMesh estatua03 has no skeleton. This needs to fixed before an animation can be set
[2017.05.18-21.19.13:471][ 30]LogAnimation:Warning: SkeletalMesh estatua02 has no skeleton. This needs to fixed before an animation can be set
[2017.05.18-21.19.13:487][ 31]LogAnimation:Warning: SkeletalMesh estatua01 has no skeleton. This needs to fixed before an animation can be set
[2017.05.18-21.19.13:571][ 36]LogAnimation:Warning: SkeletalMesh estatua03 has no skeleton. This needs to fixed before an animation can be set
[2017.05.18-21.19.13:571][ 36]LogAnimation:Warning: SkeletalMesh estatua02 has no skeleton. This needs to fixed before an animation can be set
[2017.05.18-21.19.13:587][ 37]LogAnimation:Warning: SkeletalMesh estatua01 has no skeleton. This needs to fixed before an animation can be set
[2017.05.18-21.19.13:671][ 42]LogAnimation:Warning: SkeletalMesh estatua03 has no skeleton. This needs to fixed before an animation can be set
[2017.05.18-21.19.13:671][ 42]LogAnimation:Warning: SkeletalMesh estatua02 has no skeleton. This needs to fixed before an animation can be set
[2017.05.18-21.19.13:687][ 43]LogAnimation:Warning: SkeletalMesh estatua01 has no skeleton. This needs to fixed before an animation can be set
[2017.05.18-21.19.13:772][ 48]LogAnimation:Warning: SkeletalMesh estatua03 has no skeleton. This needs to fixed before an animation can be set
[2017.05.18-21.19.13:773][ 48]LogAnimation:Warning: SkeletalMesh estatua02 has no skeleton. This needs to fixed before an animation can be set
[2017.05.18-21.19.13:788][ 49]LogAnimation:Warning: SkeletalMesh estatua01 has no skeleton. This needs to fixed before an animation can be set
[2017.05.18-21.19.13:872][ 54]LogAnimation:Warning: SkeletalMesh estatua03 has no skeleton. This needs to fixed before an animation can be set
[2017.05.18-21.19.13:872][ 54]LogAnimation:Warning: SkeletalMesh estatua02 has no skeleton. This needs to fixed before an animation can be set
[2017.05.18-21.19.13:888][ 55]LogAnimation:Warning: SkeletalMesh estatua01 has no skeleton. This needs to fixed before an animation can be set
[2017.05.18-21.19.13:972][ 60]LogAnimation:Warning: SkeletalMesh estatua03 has no skeleton. This needs to fixed before an animation can be set
[2017.05.18-21.19.13:972][ 60]LogAnimation:Warning: SkeletalMesh estatua02 has no skeleton. This needs to fixed before an animation can be set
[2017.05.18-21.19.13:988][ 61]LogAnimation:Warning: SkeletalMesh estatua01 has no skeleton. This needs to fixed before an animation can be set
[2017.05.18-21.19.14:072][ 66]LogAnimation:Warning: SkeletalMesh estatua03 has no skeleton. This needs to fixed before an animation can be set
[2017.05.18-21.19.14:072][ 66]LogAnimation:Warning: SkeletalMesh estatua02 has no skeleton. This needs to fixed before an animation can be set
[2017.05.18-21.19.14:088][ 67]LogAnimation:Warning: SkeletalMesh estatua01 has no skeleton. This needs to fixed before an animation can be set
[2017.05.18-21.19.14:174][ 72]LogAnimation:Warning: SkeletalMesh estatua03 has no skeleton. This needs to fixed before an animation can be set
[2017.05.18-21.19.14:174][ 72]LogAnimation:Warning: SkeletalMesh estatua02 has no skeleton. This needs to fixed before an animation can be set
[2017.05.18-21.19.14:189][ 73]LogAnimation:Warning: SkeletalMesh estatua01 has no skeleton. This needs to fixed before an animation can be set
[2017.05.18-21.19.14:278][ 78]LogAnimation:Warning: SkeletalMesh estatua03 has no skeleton. This needs to fixed before an animation can be set
[2017.05.18-21.19.14:278][ 78]LogAnimation:Warning: SkeletalMesh estatua02 has no skeleton. This needs to fixed before an animation can be set
[2017.05.18-21.19.14:290][ 79]LogAnimation:Warning: SkeletalMesh estatua01 has no skeleton. This needs to fixed before an animation can be set
[2017.05.18-21.19.14:373][ 84]LogAnimation:Warning: SkeletalMesh estatua03 has no skeleton. This needs to fixed before an animation can be set
[2017.05.18-21.19.14:373][ 84]LogAnimation:Warning: SkeletalMesh estatua02 has no skeleton. This needs to fixed before an animation can be set
[2017.05.18-21.19.14:389][ 85]LogAnimation:Warning: SkeletalMesh estatua01 has no skeleton. This needs to fixed before an animation can be set
[2017.05.18-21.19.14:473][ 90]LogAnimation:Warning: SkeletalMesh estatua03 has no skeleton. This needs to fixed before an animation can be set
[2017.05.18-21.19.14:473][ 90]LogAnimation:Warning: SkeletalMesh estatua02 has no skeleton. This needs to fixed before an animation can be set
[2017.05.18-21.19.14:489][ 91]LogAnimation:Warning: SkeletalMesh estatua01 has no skeleton. This needs to fixed before an animation can be set
[2017.05.18-21.19.14:573][ 96]LogAnimation:Warning: SkeletalMesh estatua03 has no skeleton. This needs to fixed before an animation can be set
[2017.05.18-21.19.14:573][ 96]LogAnimation:Warning: SkeletalMesh estatua02 has no skeleton. This needs to fixed before an animation can be set
[2017.05.18-21.19.14:589][ 97]LogAnimation:Warning: SkeletalMesh estatua01 has no skeleton. This needs to fixed before an animation can be set
[2017.05.18-21.19.14:673][102]LogAnimation:Warning: SkeletalMesh estatua03 has no skeleton. This needs to fixed before an animation can be set
[2017.05.18-21.19.14:673][102]LogAnimation:Warning: SkeletalMesh estatua02 has no skeleton. This needs to fixed before an animation can be set
[2017.05.18-21.19.14:689][103]LogAnimation:Warning: SkeletalMesh estatua01 has no skeleton. This needs to fixed before an animation can be set
[2017.05.18-21.19.14:772][108]LogAnimation:Warning: SkeletalMesh estatua03 has no skeleton. This needs to fixed before an animation can be set
[2017.05.18-21.19.14:773][108]LogAnimation:Warning: SkeletalMesh estatua02 has no skeleton. This needs to fixed before an animation can be set
[2017.05.18-21.19.14:789][109]LogAnimation:Warning: SkeletalMesh estatua01 has no skeleton. This needs to fixed before an animation can be set
[2017.05.18-21.19.14:872][114]LogAnimation:Warning: SkeletalMesh estatua03 has no skeleton. This needs to fixed before an animation can be set
[2017.05.18-21.19.14:873][114]LogAnimation:Warning: SkeletalMesh estatua02 has no skeleton. This needs to fixed before an animation can be set
[2017.05.18-21.19.14:889][115]LogAnimation:Warning: SkeletalMesh estatua01 has no skeleton. This needs to fixed before an animation can be set
[2017.05.18-21.19.14:972][120]LogAnimation:Warning: SkeletalMesh estatua03 has no skeleton. This needs to fixed before an animation can be set
[2017.05.18-21.19.14:973][120]LogAnimation:Warning: SkeletalMesh estatua02 has no skeleton. This needs to fixed before an animation can be set
[2017.05.18-21.19.14:988][121]LogAnimation:Warning: SkeletalMesh estatua01 has no skeleton. This needs to fixed before an animation can be set
[2017.05.18-21.19.15:072][126]LogAnimation:Warning: SkeletalMesh estatua03 has no skeleton. This needs to fixed before an animation can be set
[2017.05.18-21.19.15:073][126]LogAnimation:Warning: SkeletalMesh estatua02 has no skeleton. This needs to fixed before an animation can be set
[2017.05.18-21.19.15:088][127]LogAnimation:Warning: SkeletalMesh estatua01 has no skeleton. This needs to fixed before an animation can be set
[2017.05.18-21.19.15:172][132]LogAnimation:Warning: SkeletalMesh estatua03 has no skeleton. This needs to fixed before an animation can be set
[2017.05.18-21.19.15:173][132]LogAnimation:Warning: SkeletalMesh estatua02 has no skeleton. This needs to fixed before an animation can be set
[2017.05.18-21.19.15:189][133]LogAnimation:Warning: SkeletalMesh estatua01 has no skeleton. This needs to fixed before an animation can be set
[2017.05.18-21.19.15:273][138]LogAnimation:Warning: SkeletalMesh estatua03 has no skeleton. This needs to fixed before an animation can be set
[2017.05.18-21.19.15:274][138]LogAnimation:Warning: SkeletalMesh estatua02 has no skeleton. This needs to fixed before an animation can be set
[2017.05.18-21.19.15:289][139]LogAnimation:Warning: SkeletalMesh estatua01 has no skeleton. This needs to fixed before an animation can be set
[2017.05.18-21.19.15:373][144]LogAnimation:Warning: SkeletalMesh estatua03 has no skeleton. This needs to fixed before an animation can be set
[2017.05.18-21.19.15:373][144]LogAnimation:Warning: SkeletalMesh estatua02 has no skeleton. This needs to fixed before an animation can be set
[2017.05.18-21.19.15:389][145]LogAnimation:Warning: SkeletalMesh estatua01 has no skeleton. This needs to fixed before an animation can be set
[2017.05.18-21.19.15:473][150]LogAnimation:Warning: SkeletalMesh estatua03 has no skeleton. This needs to fixed before an animation can be set
[2017.05.18-21.19.15:473][150]LogAnimation:Warning: SkeletalMesh estatua02 has no skeleton. This needs to fixed before an animation can be set
[2017.05.18-21.19.15:489][151]LogAnimation:Warning: SkeletalMesh estatua01 has no skeleton. This needs to fixed before an animation can be set
[2017.05.18-21.19.15:573][156]LogAnimation:Warning: SkeletalMesh estatua03 has no skeleton. This needs to fixed before an animation can be set
[2017.05.18-21.19.15:573][156]LogAnimation:Warning: SkeletalMesh estatua02 has no skeleton. This needs to fixed before an animation can be set
[2017.05.18-21.19.15:589][157]LogAnimation:Warning: SkeletalMesh estatua01 has no skeleton. This needs to fixed before an animation can be set
[2017.05.18-21.19.15:673][162]LogAnimation:Warning: SkeletalMesh estatua03 has no skeleton. This needs to fixed before an animation can be set
[2017.05.18-21.19.15:673][162]LogAnimation:Warning: SkeletalMesh estatua02 has no skeleton. This needs to fixed before an animation can be set
[2017.05.18-21.19.15:689][163]LogAnimation:Warning: SkeletalMesh estatua01 has no skeleton. This needs to fixed before an animation can be set
[2017.05.18-21.19.15:773][168]LogAnimation:Warning: SkeletalMesh estatua03 has no skeleton. This needs to fixed before an animation can be set
[2017.05.18-21.19.15:773][168]LogAnimation:Warning: SkeletalMesh estatua02 has no skeleton. This needs to fixed before an animation can be set
[2017.05.18-21.19.15:789][169]LogAnimation:Warning: SkeletalMesh estatua01 has no skeleton. This needs to fixed before an animation can be set
[2017.05.18-21.19.15:873][174]LogAnimation:Warning: SkeletalMesh estatua03 has no skeleton. This needs to fixed before an animation can be set
[2017.05.18-21.19.15:873][174]LogAnimation:Warning: SkeletalMesh estatua02 has no skeleton. This needs to fixed before an animation can be set
[2017.05.18-21.19.15:889][175]LogAnimation:Warning: SkeletalMesh estatua01 has no skeleton. This needs to fixed before an animation can be set
[2017.05.18-21.19.15:972][180]LogAnimation:Warning: SkeletalMesh estatua03 has no skeleton. This needs to fixed before an animation can be set
[2017.05.18-21.19.15:973][180]LogAnimation:Warning: SkeletalMesh estatua02 has no skeleton. This needs to fixed before an animation can be set
[2017.05.18-21.19.15:989][181]LogAnimation:Warning: SkeletalMesh estatua01 has no skeleton. This needs to fixed before an animation can be set
[2017.05.18-21.19.16:072][186]LogAnimation:Warning: SkeletalMesh estatua03 has no skeleton. This needs to fixed before an animation can be set
[2017.05.18-21.19.16:073][186]LogAnimation:Warning: SkeletalMesh estatua02 has no skeleton. This needs to fixed before an animation can be set
[2017.05.18-21.19.16:089][187]LogAnimation:Warning: SkeletalMesh estatua01 has no skeleton. This needs to fixed before an animation can be set
[2017.05.18-21.19.16:172][192]LogAnimation:Warning: SkeletalMesh estatua03 has no skeleton. This needs to fixed before an animation can be set
[2017.05.18-21.19.16:173][192]LogAnimation:Warning: SkeletalMesh estatua02 has no skeleton. This needs to fixed before an animation can be set
[2017.05.18-21.19.16:189][193]LogAnimation:Warning: SkeletalMesh estatua01 has no skeleton. This needs to fixed before an animation can be set
[2017.05.18-21.19.16:272][198]LogAnimation:Warning: SkeletalMesh estatua03 has no skeleton. This needs to fixed before an animation can be set
[2017.05.18-21.19.16:273][198]LogAnimation:Warning: SkeletalMesh estatua02 has no skeleton. This needs to fixed before an animation can be set
[2017.05.18-21.19.16:289][199]LogAnimation:Warning: SkeletalMesh estatua01 has no skeleton. This needs to fixed before an animation can be set
[2017.05.18-21.19.16:372][204]LogAnimation:Warning: SkeletalMesh estatua03 has no skeleton. This needs to fixed before an animation can be set
[2017.05.18-21.19.16:373][204]LogAnimation:Warning: SkeletalMesh estatua02 has no skeleton. This needs to fixed before an animation can be set
[2017.05.18-21.19.16:389][205]LogAnimation:Warning: SkeletalMesh estatua01 has no skeleton. This needs to fixed before an animation can be set
[2017.05.18-21.19.16:472][210]LogAnimation:Warning: SkeletalMesh estatua03 has no skeleton. This needs to fixed before an animation can be set
[2017.05.18-21.19.16:473][210]LogAnimation:Warning: SkeletalMesh estatua02 has no skeleton. This needs to fixed before an animation can be set
[2017.05.18-21.19.16:489][211]LogAnimation:Warning: SkeletalMesh estatua01 has no skeleton. This needs to fixed before an animation can be set
[2017.05.18-21.19.16:572][216]LogAnimation:Warning: SkeletalMesh estatua03 has no skeleton. This needs to fixed before an animation can be set
[2017.05.18-21.19.16:572][216]LogAnimation:Warning: SkeletalMesh estatua02 has no skeleton. This needs to fixed before an animation can be set
[2017.05.18-21.19.16:588][217]LogAnimation:Warning: SkeletalMesh estatua01 has no skeleton. This needs to fixed before an animation can be set
[2017.05.18-21.19.16:673][222]LogAnimation:Warning: SkeletalMesh estatua03 has no skeleton. This needs to fixed before an animation can be set
[2017.05.18-21.19.16:674][222]LogAnimation:Warning: SkeletalMesh estatua02 has no skeleton. This needs to fixed before an animation can be set
[2017.05.18-21.19.16:689][223]LogAnimation:Warning: SkeletalMesh estatua01 has no skeleton. This needs to fixed before an animation can be set
[2017.05.18-21.19.16:773][228]LogAnimation:Warning: SkeletalMesh estatua03 has no skeleton. This needs to fixed before an animation can be set
[2017.05.18-21.19.16:774][228]LogAnimation:Warning: SkeletalMesh estatua02 has no skeleton. This needs to fixed before an animation can be set
[2017.05.18-21.19.16:789][229]LogAnimation:Warning: SkeletalMesh estatua01 has no skeleton. This needs to fixed before an animation can be set
[2017.05.18-21.19.16:873][234]LogAnimation:Warning: SkeletalMesh estatua03 has no skeleton. This needs to fixed before an animation can be set
[2017.05.18-21.19.16:873][234]LogAnimation:Warning: SkeletalMesh estatua02 has no skeleton. This needs to fixed before an animation can be set
[2017.05.18-21.19.16:889][235]LogAnimation:Warning: SkeletalMesh estatua01 has no skeleton. This needs to fixed before an animation can be set
[2017.05.18-21.19.16:973][240]LogAnimation:Warning: SkeletalMesh estatua03 has no skeleton. This needs to fixed before an animation can be set
[2017.05.18-21.19.16:974][240]LogAnimation:Warning: SkeletalMesh estatua02 has no skeleton. This needs to fixed before an animation can be set
[2017.05.18-21.19.16:989][241]LogAnimation:Warning: SkeletalMesh estatua01 has no skeleton. This needs to fixed before an animation can be set
[2017.05.18-21.19.17:073][246]LogAnimation:Warning: SkeletalMesh estatua03 has no skeleton. This needs to fixed before an animation can be set
[2017.05.18-21.19.17:073][246]LogAnimation:Warning: SkeletalMesh estatua02 has no skeleton. This needs to fixed before an animation can be set
[2017.05.18-21.19.17:089][247]LogAnimation:Warning: SkeletalMesh estatua01 has no skeleton. This needs to fixed before an animation can be set
[2017.05.18-21.19.17:173][252]LogAnimation:Warning: SkeletalMesh estatua03 has no skeleton. This needs to fixed before an animation can be set
[2017.05.18-21.19.17:173][252]LogAnimation:Warning: SkeletalMesh estatua02 has no skeleton. This needs to fixed before an animation can be set
[2017.05.18-21.19.17:189][253]LogAnimation:Warning: SkeletalMesh estatua01 has no skeleton. This needs to fixed before an animation can be set
[2017.05.18-21.19.17:273][258]LogAnimation:Warning: SkeletalMesh estatua03 has no skeleton. This needs to fixed before an animation can be set
[2017.05.18-21.19.17:273][258]LogAnimation:Warning: SkeletalMesh estatua02 has no skeleton. This needs to fixed before an animation can be set
[2017.05.18-21.19.17:289][259]LogAnimation:Warning: SkeletalMesh estatua01 has no skeleton. This needs to fixed before an animation can be set
[2017.05.18-21.19.17:373][264]LogAnimation:Warning: SkeletalMesh estatua03 has no skeleton. This needs to fixed before an animation can be set
[2017.05.18-21.19.17:373][264]LogAnimation:Warning: SkeletalMesh estatua02 has no skeleton. This needs to fixed before an animation can be set
[2017.05.18-21.19.17:389][265]LogAnimation:Warning: SkeletalMesh estatua01 has no skeleton. This needs to fixed before an animation can be set
[2017.05.18-21.19.17:473][270]LogAnimation:Warning: SkeletalMesh estatua03 has no skeleton. This needs to fixed before an animation can be set
[2017.05.18-21.19.17:473][270]LogAnimation:Warning: SkeletalMesh estatua02 has no skeleton. This needs to fixed before an animation can be set
[2017.05.18-21.19.17:489][271]LogAnimation:Warning: SkeletalMesh estatua01 has no skeleton. This needs to fixed before an animation can be set
[2017.05.18-21.19.17:572][276]LogAnimation:Warning: SkeletalMesh estatua03 has no skeleton. This needs to fixed before an animation can be set
[2017.05.18-21.19.17:573][276]LogAnimation:Warning: SkeletalMesh estatua02 has no skeleton. This needs to fixed before an animation can be set
[2017.05.18-21.19.17:589][277]LogAnimation:Warning: SkeletalMesh estatua01 has no skeleton. This needs to fixed before an animation can be set
[2017.05.18-21.19.17:672][282]LogAnimation:Warning: SkeletalMesh estatua03 has no skeleton. This needs to fixed before an animation can be set
[2017.05.18-21.19.17:673][282]LogAnimation:Warning: SkeletalMesh estatua02 has no skeleton. This needs to fixed before an animation can be set
[2017.05.18-21.19.17:689][283]LogAnimation:Warning: SkeletalMesh estatua01 has no skeleton. This needs to fixed before an animation can be set
[2017.05.18-21.19.17:772][288]LogAnimation:Warning: SkeletalMesh estatua03 has no skeleton. This needs to fixed before an animation can be set
[2017.05.18-21.19.17:773][288]LogAnimation:Warning: SkeletalMesh estatua02 has no skeleton. This needs to fixed before an animation can be set
[2017.05.18-21.19.17:789][289]LogAnimation:Warning: SkeletalMesh estatua01 has no skeleton. This needs to fixed before an animation can be set
[2017.05.18-21.19.17:872][294]LogAnimation:Warning: SkeletalMesh estatua03 has no skeleton. This needs to fixed before an animation can be set
[2017.05.18-21.19.17:873][294]LogAnimation:Warning: SkeletalMesh estatua02 has no skeleton. This needs to fixed before an animation can be set
[2017.05.18-21.19.17:889][295]LogAnimation:Warning: SkeletalMesh estatua01 has no skeleton. This needs to fixed before an animation can be set
[2017.05.18-21.19.17:972][300]LogAnimation:Warning: SkeletalMesh estatua03 has no skeleton. This needs to fixed before an animation can be set
[2017.05.18-21.19.17:973][300]LogAnimation:Warning: SkeletalMesh estatua02 has no skeleton. This needs to fixed before an animation can be set
[2017.05.18-21.19.17:989][301]LogAnimation:Warning: SkeletalMesh estatua01 has no skeleton. This needs to fixed before an animation can be set
[2017.05.18-21.19.18:073][306]LogAnimation:Warning: SkeletalMesh estatua03 has no skeleton. This needs to fixed before an animation can be set
[2017.05.18-21.19.18:074][306]LogAnimation:Warning: SkeletalMesh estatua02 has no skeleton. This needs to fixed before an animation can be set
[2017.05.18-21.19.18:090][307]LogAnimation:Warning: SkeletalMesh estatua01 has no skeleton. This needs to fixed before an animation can be set
[2017.05.18-21.19.18:173][312]LogAnimation:Warning: SkeletalMesh estatua03 has no skeleton. This needs to fixed before an animation can be set
[2017.05.18-21.19.18:173][312]LogAnimation:Warning: SkeletalMesh estatua02 has no skeleton. This needs to fixed before an animation can be set
[2017.05.18-21.19.18:189][313]LogAnimation:Warning: SkeletalMesh estatua01 has no skeleton. This needs to fixed before an animation can be set
[2017.05.18-21.19.18:273][318]LogAnimation:Warning: SkeletalMesh estatua03 has no skeleton. This needs to fixed before an animation can be set
[2017.05.18-21.19.18:273][318]LogAnimation:Warning: SkeletalMesh estatua02 has no skeleton. This needs to fixed before an animation can be set
[2017.05.18-21.19.18:289][319]LogAnimation:Warning: SkeletalMesh estatua01 has no skeleton. This needs to fixed before an animation can be set
[2017.05.18-21.19.18:373][324]LogAnimation:Warning: SkeletalMesh estatua03 has no skeleton. This needs to fixed before an animation can be set
[2017.05.18-21.19.18:373][324]LogAnimation:Warning: SkeletalMesh estatua02 has no skeleton. This needs to fixed before an animation can be set
[2017.05.18-21.19.18:389][325]LogAnimation:Warning: SkeletalMesh estatua01 has no skeleton. This needs to fixed before an animation can be set
[2017.05.18-21.19.18:473][330]LogAnimation:Warning: SkeletalMesh estatua03 has no skeleton. This needs to fixed before an animation can be set
[2017.05.18-21.19.18:473][330]LogAnimation:Warning: SkeletalMesh estatua02 has no skeleton. This needs to fixed before an animation can be set
[2017.05.18-21.19.18:489][331]LogAnimation:Warning: SkeletalMesh estatua01 has no skeleton. This needs to fixed before an animation can be set
[2017.05.18-21.19.18:573][336]LogAnimation:Warning: SkeletalMesh estatua03 has no skeleton. This needs to fixed before an animation can be set
[2017.05.18-21.19.18:573][336]LogAnimation:Warning: SkeletalMesh estatua02 has no skeleton. This needs to fixed before an animation can be set
[2017.05.18-21.19.18:589][337]LogAnimation:Warning: SkeletalMesh estatua01 has no skeleton. This needs to fixed before an animation can be set
[2017.05.18-21.19.18:673][342]LogAnimation:Warning: SkeletalMesh estatua03 has no skeleton. This needs to fixed before an animation can be set
[2017.05.18-21.19.18:673][342]LogAnimation:Warning: SkeletalMesh estatua02 has no skeleton. This needs to fixed before an animation can be set
[2017.05.18-21.19.18:689][343]LogAnimation:Warning: SkeletalMesh estatua01 has no skeleton. This needs to fixed before an animation can be set
[2017.05.18-21.19.18:773][348]LogAnimation:Warning: SkeletalMesh estatua03 has no skeleton. This needs to fixed before an animation can be set
[2017.05.18-21.19.18:773][348]LogAnimation:Warning: SkeletalMesh estatua02 has no skeleton. This needs to fixed before an animation can be set
[2017.05.18-21.19.18:789][349]LogAnimation:Warning: SkeletalMesh estatua01 has no skeleton. This needs to fixed before an animation can be set
[2017.05.18-21.19.18:873][354]LogAnimation:Warning: SkeletalMesh estatua03 has no skeleton. This needs to fixed before an animation can be set
[2017.05.18-21.19.18:873][354]LogAnimation:Warning: SkeletalMesh estatua02 has no skeleton. This needs to fixed before an animation can be set
[2017.05.18-21.19.18:889][355]LogAnimation:Warning: SkeletalMesh estatua01 has no skeleton. This needs to fixed before an animation can be set
[2017.05.18-21.19.18:972][360]LogAnimation:Warning: SkeletalMesh estatua03 has no skeleton. This needs to fixed before an animation can be set
[2017.05.18-21.19.18:973][360]LogAnimation:Warning: SkeletalMesh estatua02 has no skeleton. This needs to fixed before an animation can be set
[2017.05.18-21.19.18:989][361]LogAnimation:Warning: SkeletalMesh estatua01 has no skeleton. This needs to fixed before an animation can be set
[2017.05.18-21.19.19:073][366]LogAnimation:Warning: SkeletalMesh estatua03 has no skeleton. This needs to fixed before an animation can be set
[2017.05.18-21.19.19:073][366]LogAnimation:Warning: SkeletalMesh estatua02 has no skeleton. This needs to fixed before an animation can be set
[2017.05.18-21.19.19:089][367]LogAnimation:Warning: SkeletalMesh estatua01 has no skeleton. This needs to fixed before an animation can be set
[2017.05.18-21.19.19:172][372]LogAnimation:Warning: SkeletalMesh estatua03 has no skeleton. This needs to fixed before an animation can be set
[2017.05.18-21.19.19:173][372]LogAnimation:Warning: SkeletalMesh estatua02 has no skeleton. This needs to fixed before an animation can be set
[2017.05.18-21.19.19:188][373]LogAnimation:Warning: SkeletalMesh estatua01 has no skeleton. This needs to fixed before an animation can be set
[2017.05.18-21.19.19:272][378]LogAnimation:Warning: SkeletalMesh estatua03 has no skeleton. This needs to fixed before an animation can be set
[2017.05.18-21.19.19:273][378]LogAnimation:Warning: SkeletalMesh estatua02 has no skeleton. This needs to fixed before an animation can be set
[2017.05.18-21.19.19:289][379]LogAnimation:Warning: SkeletalMesh estatua01 has no skeleton. This needs to fixed before an animation can be set
[2017.05.18-21.19.19:372][384]LogAnimation:Warning: SkeletalMesh estatua03 has no skeleton. This needs to fixed before an animation can be set
[2017.05.18-21.19.19:373][384]LogAnimation:Warning: SkeletalMesh estatua02 has no skeleton. This needs to fixed before an animation can be set
[2017.05.18-21.19.19:389][385]LogAnimation:Warning: SkeletalMesh estatua01 has no skeleton. This needs to fixed before an animation can be set
[2017.05.18-21.19.19:473][390]LogAnimation:Warning: SkeletalMesh estatua03 has no skeleton. This needs to fixed before an animation can be set
[2017.05.18-21.19.19:474][390]LogAnimation:Warning: SkeletalMesh estatua02 has no skeleton. This needs to fixed before an animation can be set
[2017.05.18-21.19.19:489][391]LogAnimation:Warning: SkeletalMesh estatua01 has no skeleton. This needs to fixed before an animation can be set
[2017.05.18-21.19.19:573][396]LogAnimation:Warning: SkeletalMesh estatua03 has no skeleton. This needs to fixed before an animation can be set
[2017.05.18-21.19.19:573][396]LogAnimation:Warning: SkeletalMesh estatua02 has no skeleton. This needs to fixed before an animation can be set
[2017.05.18-21.19.19:589][397]LogAnimation:Warning: SkeletalMesh estatua01 has no skeleton. This needs to fixed before an animation can be set
[2017.05.18-21.19.19:674][402]LogAnimation:Warning: SkeletalMesh estatua03 has no skeleton. This needs to fixed before an animation can be set
[2017.05.18-21.19.19:674][402]LogAnimation:Warning: SkeletalMesh estatua02 has no skeleton. This needs to fixed before an animation can be set
[2017.05.18-21.19.19:690][403]LogAnimation:Warning: SkeletalMesh estatua01 has no skeleton. This needs to fixed before an animation can be set
[2017.05.18-21.19.19:776][408]LogAnimation:Warning: SkeletalMesh estatua03 has no skeleton. This needs to fixed before an animation can be set
[2017.05.18-21.19.19:776][408]LogAnimation:Warning: SkeletalMesh estatua02 has no skeleton. This needs to fixed before an animation can be set
[2017.05.18-21.19.19:795][409]LogAnimation:Warning: SkeletalMesh estatua01 has no skeleton. This needs to fixed before an animation can be set
[2017.05.18-21.19.19:882][414]LogAnimation:Warning: SkeletalMesh estatua03 has no skeleton. This needs to fixed before an animation can be set
[2017.05.18-21.19.19:882][414]LogAnimation:Warning: SkeletalMesh estatua02 has no skeleton. This needs to fixed before an animation can be set
[2017.05.18-21.19.19:905][415]LogAnimation:Warning: SkeletalMesh estatua01 has no skeleton. This needs to fixed before an animation can be set
[2017.05.18-21.19.19:982][420]LogAnimation:Warning: SkeletalMesh estatua03 has no skeleton. This needs to fixed before an animation can be set
[2017.05.18-21.19.19:982][420]LogAnimation:Warning: SkeletalMesh estatua02 has no skeleton. This needs to fixed before an animation can be set
[2017.05.18-21.19.19:999][421]LogAnimation:Warning: SkeletalMesh estatua01 has no skeleton. This needs to fixed before an animation can be set
[2017.05.18-21.19.20:082][426]LogAnimation:Warning: SkeletalMesh estatua03 has no skeleton. This needs to fixed before an animation can be set
[2017.05.18-21.19.20:082][426]LogAnimation:Warning: SkeletalMesh estatua02 has no skeleton. This needs to fixed before an animation can be set
[2017.05.18-21.19.20:098][427]LogAnimation:Warning: SkeletalMesh estatua01 has no skeleton. This needs to fixed before an animation can be set
[2017.05.18-21.19.20:182][432]LogAnimation:Warning: SkeletalMesh estatua03 has no skeleton. This needs to fixed before an animation can be set
[2017.05.18-21.19.20:182][432]LogAnimation:Warning: SkeletalMesh estatua02 has no skeleton. This needs to fixed before an animation can be set
[2017.05.18-21.19.20:198][433]LogAnimation:Warning: SkeletalMesh estatua01 has no skeleton. This needs to fixed before an animation can be set
[2017.05.18-21.19.20:282][438]LogAnimation:Warning: SkeletalMesh estatua03 has no skeleton. This needs to fixed before an animation can be set
[2017.05.18-21.19.20:282][438]LogAnimation:Warning: SkeletalMesh estatua02 has no skeleton. This needs to fixed before an animation can be set
[2017.05.18-21.19.20:298][439]LogAnimation:Warning: SkeletalMesh estatua01 has no skeleton. This needs to fixed before an animation can be set
[2017.05.18-21.19.20:382][444]LogAnimation:Warning: SkeletalMesh estatua03 has no skeleton. This needs to fixed before an animation can be set
[2017.05.18-21.19.20:382][444]LogAnimation:Warning: SkeletalMesh estatua02 has no skeleton. This needs to fixed before an animation can be set
[2017.05.18-21.19.20:398][445]LogAnimation:Warning: SkeletalMesh estatua01 has no skeleton. This needs to fixed before an animation can be set
[2017.05.18-21.19.20:482][450]LogAnimation:Warning: SkeletalMesh estatua03 has no skeleton. This needs to fixed before an animation can be set
[2017.05.18-21.19.20:482][450]LogAnimation:Warning: SkeletalMesh estatua02 has no skeleton. This needs to fixed before an animation can be set
[2017.05.18-21.19.20:498][451]LogAnimation:Warning: SkeletalMesh estatua01 has no skeleton. This needs to fixed before an animation can be set
[2017.05.18-21.19.20:581][456]LogAnimation:Warning: SkeletalMesh estatua03 has no skeleton. This needs to fixed before an animation can be set
[2017.05.18-21.19.20:582][456]LogAnimation:Warning: SkeletalMesh estatua02 has no skeleton. This needs to fixed before an animation can be set
[2017.05.18-21.19.20:598][457]LogAnimation:Warning: SkeletalMesh estatua01 has no skeleton. This needs to fixed before an animation can be set
[2017.05.18-21.19.20:681][462]LogAnimation:Warning: SkeletalMesh estatua03 has no skeleton. This needs to fixed before an animation can be set
[2017.05.18-21.19.20:682][462]LogAnimation:Warning: SkeletalMesh estatua02 has no skeleton. This needs to fixed before an animation can be set
[2017.05.18-21.19.20:698][463]LogAnimation:Warning: SkeletalMesh estatua01 has no skeleton. This needs to fixed before an animation can be set
[2017.05.18-21.19.20:781][468]LogAnimation:Warning: SkeletalMesh estatua03 has no skeleton. This needs to fixed before an animation can be set
[2017.05.18-21.19.20:782][468]LogAnimation:Warning: SkeletalMesh estatua02 has no skeleton. This needs to fixed before an animation can be set
[2017.05.18-21.19.20:798][469]LogAnimation:Warning: SkeletalMesh estatua01 has no skeleton. This needs to fixed before an animation can be set
[2017.05.18-21.19.20:882][474]LogAnimation:Warning: SkeletalMesh estatua03 has no skeleton. This needs to fixed before an animation can be set
[2017.05.18-21.19.20:883][474]LogAnimation:Warning: SkeletalMesh estatua02 has no skeleton. This needs to fixed before an animation can be set
[2017.05.18-21.19.20:899][475]LogAnimation:Warning: SkeletalMesh estatua01 has no skeleton. This needs to fixed before an animation can be set
[2017.05.18-21.19.20:982][480]LogAnimation:Warning: SkeletalMesh estatua03 has no skeleton. This needs to fixed before an animation can be set
[2017.05.18-21.19.20:982][480]LogAnimation:Warning: SkeletalMesh estatua02 has no skeleton. This needs to fixed before an animation can be set
[2017.05.18-21.19.20:999][481]LogAnimation:Warning: SkeletalMesh estatua01 has no skeleton. This needs to fixed before an animation can be set
[2017.05.18-21.19.21:082][486]LogAnimation:Warning: SkeletalMesh estatua03 has no skeleton. This needs to fixed before an animation can be set
[2017.05.18-21.19.21:082][486]LogAnimation:Warning: SkeletalMesh estatua02 has no skeleton. This needs to fixed before an animation can be set
[2017.05.18-21.19.21:099][487]LogAnimation:Warning: SkeletalMesh estatua01 has no skeleton. This needs to fixed before an animation can be set
[2017.05.18-21.19.21:182][492]LogAnimation:Warning: SkeletalMesh estatua03 has no skeleton. This needs to fixed before an animation can be set
[2017.05.18-21.19.21:183][492]LogAnimation:Warning: SkeletalMesh estatua02 has no skeleton. This needs to fixed before an animation can be set
[2017.05.18-21.19.21:199][493]LogAnimation:Warning: SkeletalMesh estatua01 has no skeleton. This needs to fixed before an animation can be set
[2017.05.18-21.19.21:282][498]LogAnimation:Warning: SkeletalMesh estatua03 has no skeleton. This needs to fixed before an animation can be set
[2017.05.18-21.19.21:282][498]LogAnimation:Warning: SkeletalMesh estatua02 has no skeleton. This needs to fixed before an animation can be set
[2017.05.18-21.19.21:299][499]LogAnimation:Warning: SkeletalMesh estatua01 has no skeleton. This needs to fixed before an animation can be set
[2017.05.18-21.19.21:382][504]LogAnimation:Warning: SkeletalMesh estatua03 has no skeleton. This needs to fixed before an animation can be set
[2017.05.18-21.19.21:382][504]LogAnimation:Warning: SkeletalMesh estatua02 has no skeleton. This needs to fixed before an animation can be set
[2017.05.18-21.19.21:398][505]LogAnimation:Warning: SkeletalMesh estatua01 has no skeleton. This needs to fixed before an animation can be set
[2017.05.18-21.19.21:482][510]LogAnimation:Warning: SkeletalMesh estatua03 has no skeleton. This needs to fixed before an animation can be set
[2017.05.18-21.19.21:482][510]LogAnimation:Warning: SkeletalMesh estatua02 has no skeleton. This needs to fixed before an animation can be set
[2017.05.18-21.19.21:498][511]LogAnimation:Warning: SkeletalMesh estatua01 has no skeleton. This needs to fixed before an animation can be set
[2017.05.18-21.19.21:665][521]LogAnimation:Warning: SkeletalMesh estatua03 has no skeleton. This needs to fixed before an animation can be set
[2017.05.18-21.19.21:665][521]LogAnimation:Warning: SkeletalMesh estatua02 has no skeleton. This needs to fixed before an animation can be set
[2017.05.18-21.19.21:682][522]LogAnimation:Warning: SkeletalMesh estatua01 has no skeleton. This needs to fixed before an animation can be set
[2017.05.18-21.19.21:765][527]LogAnimation:Warning: SkeletalMesh estatua03 has no skeleton. This needs to fixed before an animation can be set
[2017.05.18-21.19.21:765][527]LogAnimation:Warning: SkeletalMesh estatua02 has no skeleton. This needs to fixed before an animation can be set
[2017.05.18-21.19.21:782][528]LogAnimation:Warning: SkeletalMesh estatua01 has no skeleton. This needs to fixed before an animation can be set
[2017.05.18-21.19.21:865][533]LogAnimation:Warning: SkeletalMesh estatua03 has no skeleton. This needs to fixed before an animation can be set
[2017.05.18-21.19.21:865][533]LogAnimation:Warning: SkeletalMesh estatua02 has no skeleton. This needs to fixed before an animation can be set
[2017.05.18-21.19.21:881][534]LogAnimation:Warning: SkeletalMesh estatua01 has no skeleton. This needs to fixed before an animation can be set
[2017.05.18-21.19.21:965][539]LogAnimation:Warning: SkeletalMesh estatua03 has no skeleton. This needs to fixed before an animation can be set
[2017.05.18-21.19.21:965][539]LogAnimation:Warning: SkeletalMesh estatua02 has no skeleton. This needs to fixed before an animation can be set
[2017.05.18-21.19.21:982][540]LogAnimation:Warning: SkeletalMesh estatua01 has no skeleton. This needs to fixed before an animation can be set
[2017.05.18-21.19.22:065][545]LogAnimation:Warning: SkeletalMesh estatua03 has no skeleton. This needs to fixed before an animation can be set
[2017.05.18-21.19.22:065][545]LogAnimation:Warning: SkeletalMesh estatua02 has no skeleton. This needs to fixed before an animation can be set
[2017.05.18-21.19.22:081][546]LogAnimation:Warning: SkeletalMesh estatua01 has no skeleton. This needs to fixed before an animation can be set
[2017.05.18-21.19.22:165][551]LogAnimation:Warning: SkeletalMesh estatua03 has no skeleton. This needs to fixed before an animation can be set
[2017.05.18-21.19.22:165][551]LogAnimation:Warning: SkeletalMesh estatua02 has no skeleton. This needs to fixed before an animation can be set
[2017.05.18-21.19.22:181][552]LogAnimation:Warning: SkeletalMesh estatua01 has no skeleton. This needs to fixed before an animation can be set
[2017.05.18-21.19.22:266][557]LogAnimation:Warning: SkeletalMesh estatua03 has no skeleton. This needs to fixed before an animation can be set
[2017.05.18-21.19.22:266][557]LogAnimation:Warning: SkeletalMesh estatua02 has no skeleton. This needs to fixed before an animation can be set
[2017.05.18-21.19.22:282][558]LogAnimation:Warning: SkeletalMesh estatua01 has no skeleton. This needs to fixed before an animation can be set
[2017.05.18-21.19.22:366][563]LogAnimation:Warning: SkeletalMesh estatua03 has no skeleton. This needs to fixed before an animation can be set
[2017.05.18-21.19.22:366][563]LogAnimation:Warning: SkeletalMesh estatua02 has no skeleton. This needs to fixed before an animation can be set
[2017.05.18-21.19.22