Log file open, 05/18/17 17:47:57
LogInit:Display: Running engine for game: CameraControl
LogPlatformFile: Not using cached read wrapper
LogInit:Display: RandInit(-395488625) SRandInit(-395488625).
LogTaskGraph: Started task graph with 5 named threads and 8 total threads with 1 sets of task threads.
LogStats: Stats thread started at 0.078090
LogPluginManager: Loaded Plugin Paper2D, From P:/UNREAL/Epic Games/4.13/Engine/Plugins/2D/Paper2D/Paper2D.uplugin
LogPluginManager: Loaded Plugin LightPropagationVolume, From P:/UNREAL/Epic Games/4.13/Engine/Plugins/Blendables/LightPropagationVolume/LightPropagationVolume.uplugin
LogPluginManager: Loaded Plugin BlankPlugin, From P:/UNREAL/Epic Games/4.13/Engine/Plugins/Developer/BlankPlugin/BlankPlugin.uplugin
LogPluginManager: Loaded Plugin CodeLiteSourceCodeAccess, From P:/UNREAL/Epic Games/4.13/Engine/Plugins/Developer/CodeLiteSourceCodeAccess/CodeLiteSourceCodeAccess.uplugin
LogPluginManager: Loaded Plugin GitSourceControl, From P:/UNREAL/Epic Games/4.13/Engine/Plugins/Developer/GitSourceControl/GitSourceControl.uplugin
LogPluginManager: Loaded Plugin KDevelopSourceCodeAccess, From P:/UNREAL/Epic Games/4.13/Engine/Plugins/Developer/KDevelopSourceCodeAccess/KDevelopSourceCodeAccess.uplugin
LogPluginManager: Loaded Plugin NullSourceCodeAccess, From P:/UNREAL/Epic Games/4.13/Engine/Plugins/Developer/NullSourceCodeAccess/NullSourceCodeAccess.uplugin
LogPluginManager: Loaded Plugin OneSkyLocalizationService, From P:/UNREAL/Epic Games/4.13/Engine/Plugins/Developer/OneSkyLocalizationService/OneSkyLocalizationService.uplugin
LogPluginManager: Loaded Plugin PerforceSourceControl, From P:/UNREAL/Epic Games/4.13/Engine/Plugins/Developer/PerforceSourceControl/PerforceSourceControl.uplugin
LogPluginManager: Loaded Plugin SubversionSourceControl, From P:/UNREAL/Epic Games/4.13/Engine/Plugins/Developer/SubversionSourceControl/SubversionSourceControl.uplugin
LogPluginManager: Loaded Plugin UObjectPlugin, From P:/UNREAL/Epic Games/4.13/Engine/Plugins/Developer/UObjectPlugin/UObjectPlugin.uplugin
LogPluginManager: Loaded Plugin VisualStudioSourceCodeAccess, From P:/UNREAL/Epic Games/4.13/Engine/Plugins/Developer/VisualStudioSourceCodeAccess/VisualStudioSourceCodeAccess.uplugin
LogPluginManager: Loaded Plugin XCodeSourceCodeAccess, From P:/UNREAL/Epic Games/4.13/Engine/Plugins/Developer/XCodeSourceCodeAccess/XCodeSourceCodeAccess.uplugin
LogPluginManager: Loaded Plugin EpicSurvey, From P:/UNREAL/Epic Games/4.13/Engine/Plugins/Editor/EpicSurvey/EpicSurvey.uplugin
LogPluginManager: Loaded Plugin MacGraphicsSwitching, From P:/UNREAL/Epic Games/4.13/Engine/Plugins/Editor/MacGraphicsSwitching/MacGraphicsSwitching.uplugin
LogPluginManager: Loaded Plugin MobileLauncherProfileWizard, From P:/UNREAL/Epic Games/4.13/Engine/Plugins/Editor/MobileLauncherProfileWizard/MobileLauncherProfileWizard.uplugin
LogPluginManager: Loaded Plugin PluginBrowser, From P:/UNREAL/Epic Games/4.13/Engine/Plugins/Editor/PluginBrowser/PluginBrowser.uplugin
LogPluginManager: Loaded Plugin SpeedTreeImporter, From P:/UNREAL/Epic Games/4.13/Engine/Plugins/Editor/SpeedTreeImporter/SpeedTreeImporter.uplugin
LogPluginManager: Loaded Plugin SuperSearchEditor, From P:/UNREAL/Epic Games/4.13/Engine/Plugins/Editor/SuperSearchEditor/SuperSearchEditor.uplugin
LogPluginManager: Loaded Plugin AlembicImporter, From P:/UNREAL/Epic Games/4.13/Engine/Plugins/Experimental/AlembicImporter/AlembicImporter.uplugin
LogPluginManager: Loaded Plugin BlueprintStats, From P:/UNREAL/Epic Games/4.13/Engine/Plugins/Experimental/BlueprintStats/BlueprintStats.uplugin
LogPluginManager: Loaded Plugin CharacterAI, From P:/UNREAL/Epic Games/4.13/Engine/Plugins/Experimental/CharacterAI/CharacterAI.uplugin
LogPluginManager: Loaded Plugin CodeEditor, From P:/UNREAL/Epic Games/4.13/Engine/Plugins/Experimental/CodeEditor/CodeEditor.uplugin
LogPluginManager: Loaded Plugin CodeView, From P:/UNREAL/Epic Games/4.13/Engine/Plugins/Experimental/CodeView/CodeView.uplugin
LogPluginManager: Loaded Plugin HTML5Networking, From P:/UNREAL/Epic Games/4.13/Engine/Plugins/Experimental/HTML5Networking/HTML5Networking.uplugin
LogPluginManager: Loaded Plugin LiveEditor, From P:/UNREAL/Epic Games/4.13/Engine/Plugins/Experimental/LiveEditor/LiveEditor.uplugin
LogPluginManager: Loaded Plugin OSVR, From P:/UNREAL/Epic Games/4.13/Engine/Plugins/Experimental/OSVR/OSVR.uplugin
LogPluginManager: Loaded Plugin Phya, From P:/UNREAL/Epic Games/4.13/Engine/Plugins/Experimental/Phya/Phya.uplugin
LogPluginManager: Loaded Plugin SignificanceManager, From P:/UNREAL/Epic Games/4.13/Engine/Plugins/Experimental/SignificanceManager/SignificanceManager.uplugin
LogPluginManager: Loaded Plugin SimpleHMD, From P:/UNREAL/Epic Games/4.13/Engine/Plugins/Experimental/SimpleHMD/SimpleHMD.uplugin
LogPluginManager: Loaded Plugin StereoPanorama, From P:/UNREAL/Epic Games/4.13/Engine/Plugins/Experimental/StereoPanorama/StereoPanorama.uplugin
LogPluginManager: Loaded Plugin StructBox, From P:/UNREAL/Epic Games/4.13/Engine/Plugins/Experimental/StructBox/StructBox.uplugin
LogPluginManager: Loaded Plugin AndroidMedia, From P:/UNREAL/Epic Games/4.13/Engine/Plugins/Media/AndroidMedia/AndroidMedia.uplugin
LogPluginManager: Loaded Plugin AvfMedia, From P:/UNREAL/Epic Games/4.13/Engine/Plugins/Media/AvfMedia/AvfMedia.uplugin
LogPluginManager: Loaded Plugin MediaPlayerEditor, From P:/UNREAL/Epic Games/4.13/Engine/Plugins/Media/MediaPlayerEditor/MediaPlayerEditor.uplugin
LogPluginManager: Loaded Plugin WmfMedia, From P:/UNREAL/Epic Games/4.13/Engine/Plugins/Media/WmfMedia/WmfMedia.uplugin
LogPluginManager: Loaded Plugin MessagingDebugger, From P:/UNREAL/Epic Games/4.13/Engine/Plugins/Messaging/MessagingDebugger/MessagingDebugger.uplugin
LogPluginManager: Loaded Plugin TcpMessaging, From P:/UNREAL/Epic Games/4.13/Engine/Plugins/Messaging/TcpMessaging/TcpMessaging.uplugin
LogPluginManager: Loaded Plugin UdpMessaging, From P:/UNREAL/Epic Games/4.13/Engine/Plugins/Messaging/UdpMessaging/UdpMessaging.uplugin
LogPluginManager: Loaded Plugin LevelSequenceEditor, From P:/UNREAL/Epic Games/4.13/Engine/Plugins/MovieScene/LevelSequenceEditor/LevelSequenceEditor.uplugin
LogPluginManager: Loaded Plugin MatineeToLevelSequence, From P:/UNREAL/Epic Games/4.13/Engine/Plugins/MovieScene/MatineeToLevelSequence/MatineeToLevelSequence.uplugin
LogPluginManager: Loaded Plugin NetcodeUnitTest, From P:/UNREAL/Epic Games/4.13/Engine/Plugins/NetcodeUnitTest/NetcodeUnitTest/NetcodeUnitTest.uplugin
LogPluginManager: Loaded Plugin NUTUnrealEngine4, From P:/UNREAL/Epic Games/4.13/Engine/Plugins/NetcodeUnitTest/NUTUnrealEngine4/NUTUnrealEngine4.uplugin
LogPluginManager: Loaded Plugin OnlineSubsystemGooglePlay, From P:/UNREAL/Epic Games/4.13/Engine/Plugins/Online/Android/OnlineSubsystemGooglePlay/OnlineSubsystemGooglePlay.uplugin
LogPluginManager: Loaded Plugin OnlineSubsystemIOS, From P:/UNREAL/Epic Games/4.13/Engine/Plugins/Online/IOS/OnlineSubsystemIOS/OnlineSubsystemIOS.uplugin
LogPluginManager: Loaded Plugin OnlineFramework, From P:/UNREAL/Epic Games/4.13/Engine/Plugins/Online/OnlineFramework/OnlineFramework.uplugin
LogPluginManager: Loaded Plugin OnlineSubsystem, From P:/UNREAL/Epic Games/4.13/Engine/Plugins/Online/OnlineSubsystem/OnlineSubsystem.uplugin
LogPluginManager: Loaded Plugin OnlineSubsystemAmazon, From P:/UNREAL/Epic Games/4.13/Engine/Plugins/Online/OnlineSubsystemAmazon/OnlineSubsystemAmazon.uplugin
LogPluginManager: Loaded Plugin OnlineSubsystemFacebook, From P:/UNREAL/Epic Games/4.13/Engine/Plugins/Online/OnlineSubsystemFacebook/OnlineSubsystemFacebook.uplugin
LogPluginManager: Loaded Plugin OnlineSubsystemNull, From P:/UNREAL/Epic Games/4.13/Engine/Plugins/Online/OnlineSubsystemNull/OnlineSubsystemNull.uplugin
LogPluginManager: Loaded Plugin OnlineSubsystemOculus, From P:/UNREAL/Epic Games/4.13/Engine/Plugins/Online/OnlineSubsystemOculus/OnlineSubsystemOculus.uplugin
LogPluginManager: Loaded Plugin OnlineSubsystemSteam, From P:/UNREAL/Epic Games/4.13/Engine/Plugins/Online/OnlineSubsystemSteam/OnlineSubsystemSteam.uplugin
LogPluginManager: Loaded Plugin OnlineSubsystemUtils, From P:/UNREAL/Epic Games/4.13/Engine/Plugins/Online/OnlineSubsystemUtils/OnlineSubsystemUtils.uplugin
LogPluginManager: Loaded Plugin IOSTapJoy, From P:/UNREAL/Epic Games/4.13/Engine/Plugins/Runtime/Advertising/IOSTapJoy/IOSTapJoy.uplugin
LogPluginManager: Loaded Plugin AnalyticsBlueprintLibrary, From P:/UNREAL/Epic Games/4.13/Engine/Plugins/Runtime/Analytics/AnalyticsBlueprintLibrary/AnalyticsBlueprintLibrary.uplugin
LogPluginManager: Loaded Plugin AnalyticsMulticast, From P:/UNREAL/Epic Games/4.13/Engine/Plugins/Runtime/Analytics/AnalyticsMulticast/AnalyticsMulticast.uplugin
LogPluginManager: Loaded Plugin Apsalar, From P:/UNREAL/Epic Games/4.13/Engine/Plugins/Runtime/Analytics/Apsalar/Apsalar.uplugin
LogPluginManager: Loaded Plugin FileLogging, From P:/UNREAL/Epic Games/4.13/Engine/Plugins/Runtime/Analytics/FileLogging/FileLogging.uplugin
LogPluginManager: Loaded Plugin Flurry, From P:/UNREAL/Epic Games/4.13/Engine/Plugins/Runtime/Analytics/Flurry/Flurry.uplugin
LogPluginManager: Loaded Plugin AndroidDeviceProfileSelector, From P:/UNREAL/Epic Games/4.13/Engine/Plugins/Runtime/AndroidDeviceProfileSelector/AndroidDeviceProfileSelector.uplugin
LogPluginManager: Loaded Plugin AndroidMoviePlayer, From P:/UNREAL/Epic Games/4.13/Engine/Plugins/Runtime/AndroidMoviePlayer/AndroidMoviePlayer.uplugin
LogPluginManager: Loaded Plugin AppleMoviePlayer, From P:/UNREAL/Epic Games/4.13/Engine/Plugins/Runtime/AppleMoviePlayer/AppleMoviePlayer.uplugin
LogPluginManager: Loaded Plugin ArchVisCharacter, From P:/UNREAL/Epic Games/4.13/Engine/Plugins/Runtime/ArchVisCharacter/ArchVisCharacter.uplugin
LogPluginManager: Loaded Plugin CableComponent, From P:/UNREAL/Epic Games/4.13/Engine/Plugins/Runtime/CableComponent/CableComponent.uplugin
LogPluginManager: Loaded Plugin CustomMeshComponent, From P:/UNREAL/Epic Games/4.13/Engine/Plugins/Runtime/CustomMeshComponent/CustomMeshComponent.uplugin
LogPluginManager: Loaded Plugin ExampleDeviceProfileSelector, From P:/UNREAL/Epic Games/4.13/Engine/Plugins/Runtime/ExampleDeviceProfileSelector/ExampleDeviceProfileSelector.uplugin
LogPluginManager: Loaded Plugin GearVR, From P:/UNREAL/Epic Games/4.13/Engine/Plugins/Runtime/GearVR/GearVR.uplugin
LogPluginManager: Loaded Plugin GoogleVRController, From P:/UNREAL/Epic Games/4.13/Engine/Plugins/Runtime/GoogleVR/GoogleVRController/GoogleVRController.uplugin
LogPluginManager: Loaded Plugin GoogleVRHMD, From P:/UNREAL/Epic Games/4.13/Engine/Plugins/Runtime/GoogleVR/GoogleVRHMD/GoogleVRHMD.uplugin
LogPluginManager: Loaded Plugin IOSDeviceProfileSelector, From P:/UNREAL/Epic Games/4.13/Engine/Plugins/Runtime/IOSDeviceProfileSelector/IOSDeviceProfileSelector.uplugin
LogPluginManager: Loaded Plugin LeapMotion, From P:/UNREAL/Epic Games/4.13/Engine/Plugins/Runtime/LeapMotion/LeapMotion.uplugin
LogPluginManager: Loaded Plugin LinuxDeviceProfileSelector, From P:/UNREAL/Epic Games/4.13/Engine/Plugins/Runtime/LinuxDeviceProfileSelector/LinuxDeviceProfileSelector.uplugin
LogPluginManager: Loaded Plugin LiveEditorListenServer, From P:/UNREAL/Epic Games/4.13/Engine/Plugins/Runtime/LiveEditorListenServer/LiveEditorListenServer.uplugin
LogPluginManager: Loaded Plugin OculusAudio, From P:/UNREAL/Epic Games/4.13/Engine/Plugins/Runtime/OculusAudio/OculusAudio.uplugin
LogPluginManager: Loaded Plugin OculusInput, From P:/UNREAL/Epic Games/4.13/Engine/Plugins/Runtime/OculusInput/OculusInput.uplugin
LogPluginManager: Loaded Plugin OculusLibrary, From P:/UNREAL/Epic Games/4.13/Engine/Plugins/Runtime/OculusLibrary/OculusLibrary.uplugin
LogPluginManager: Loaded Plugin OculusRift, From P:/UNREAL/Epic Games/4.13/Engine/Plugins/Runtime/OculusRift/OculusRift.uplugin
LogPluginManager: Loaded Plugin Oodle, From P:/UNREAL/Epic Games/4.13/Engine/Plugins/Runtime/PacketHandlers/CompressionComponents/Oodle/Oodle.uplugin
LogPluginManager: Loaded Plugin ProceduralMeshComponent, From P:/UNREAL/Epic Games/4.13/Engine/Plugins/Runtime/ProceduralMeshComponent/ProceduralMeshComponent.uplugin
LogPluginManager: Loaded Plugin SoundMod, From P:/UNREAL/Epic Games/4.13/Engine/Plugins/Runtime/SoundMod/SoundMod.uplugin
LogPluginManager: Loaded Plugin SoundVisualizations, From P:/UNREAL/Epic Games/4.13/Engine/Plugins/Runtime/SoundVisualizations/SoundVisualizations.uplugin
LogPluginManager: Loaded Plugin SteamController, From P:/UNREAL/Epic Games/4.13/Engine/Plugins/Runtime/Steam/SteamController/SteamController.uplugin
LogPluginManager: Loaded Plugin SteamVR, From P:/UNREAL/Epic Games/4.13/Engine/Plugins/Runtime/Steam/SteamVR/SteamVR.uplugin
LogPluginManager: Loaded Plugin WebBrowserWidget, From P:/UNREAL/Epic Games/4.13/Engine/Plugins/Runtime/WebBrowserWidget/WebBrowserWidget.uplugin
LogPluginManager: Loaded Plugin WindowsDeviceProfileSelector, From P:/UNREAL/Epic Games/4.13/Engine/Plugins/Runtime/WindowsDeviceProfileSelector/WindowsDeviceProfileSelector.uplugin
LogPluginManager: Loaded Plugin WindowsMoviePlayer, From P:/UNREAL/Epic Games/4.13/Engine/Plugins/Runtime/WindowsMoviePlayer/WindowsMoviePlayer.uplugin
LogPluginManager: Loaded Plugin ScriptPlugin, From P:/UNREAL/Epic Games/4.13/Engine/Plugins/ScriptPlugin/ScriptPlugin.uplugin
LogPluginManager: Loaded Plugin SlateRemote, From P:/UNREAL/Epic Games/4.13/Engine/Plugins/Slate/SlateRemote/SlateRemote.uplugin
LogInit: Using libcurl 7.47.1
LogInit:  - built for x86_64-pc-win32
LogInit:  - supports SSL with WinSSL
LogInit:  - other features:
LogInit:      CURL_VERSION_SSL
LogInit:      CURL_VERSION_IPV6
LogInit:      CURL_VERSION_ASYNCHDNS
LogInit:      CURL_VERSION_LARGEFILE
LogInit:      CURL_VERSION_IDN
LogInit:  CurlRequestOptions (configurable via config and command line):
LogInit:  - bVerifyPeer = false  - Libcurl will NOT verify peer certificate
LogInit:  - bUseHttpProxy = false  - Libcurl will NOT use HTTP proxy
LogInit:  - bDontReuseConnections = false  - Libcurl will reuse connections
LogInit:  - CertBundlePath = nullptr  - Libcurl will use whatever was configured at build time.
LogInit: Build: ++UE4+Release-4.13-CL-3172292
LogInit: Engine Version: 4.13.2-3172292+++UE4+Release-4.13
LogInit: Compatible Engine Version: 4.13.0-3106830+++UE4+Release-4.13
LogInit: Net CL: 3172292
LogDevObjectVersion: Number of dev versions registered: 13
LogDevObjectVersion:   Dev-Blueprints (B0D832E4-1F89-4F0D-ACCF-7EB736FD4AA2): 5
LogDevObjectVersion:   Dev-Build (E1C64328-A22C-4D53-A36C-8E866417BD8C): 0
LogDevObjectVersion:   Dev-Core (375EC13C-06E4-48FB-B500-84F0262A717E): 1
LogDevObjectVersion:   Dev-Editor (E4B068ED-F494-42E9-A231-DA0B2E46BB41): 6
LogDevObjectVersion:   Dev-Framework (CFFC743F-43B0-4480-9391-14DF171D2073): 12
LogDevObjectVersion:   Dev-Mobile (B02B49B5-BB20-44E9-A304-32B752E40360): 0
LogDevObjectVersion:   Dev-Networking (A4E4105C-59A1-49B5-A7C5-40C4547EDFEE): 0
LogDevObjectVersion:   Dev-Online (39C831C9-5AE6-47DC-9A44-9C173E1C8E7C): 0
LogDevObjectVersion:   Dev-Physics (78F01B33-EBEA-4F98-B9B4-84EACCB95AA2): 0
LogDevObjectVersion:   Dev-Platform (6631380F-2D4D-43E0-8009-CF276956A95A): 0
LogDevObjectVersion:   Dev-Rendering (12F88B9F-8875-4AFC-A67C-D90C383ABD29): 4
LogDevObjectVersion:   Dev-Sequencer (7B5AE74C-D270-4C10-A958-57980B212A5A): 0
LogDevObjectVersion:   Dev-VR (D7296918-1DD6-4BDD-9DE2-64A83CC13884): 0
LogInit: Compiled (64-bit): Oct 24 2016 14:29:06
LogInit: Compiled with Visual C++: 19.00.23026.00
LogInit: Build Configuration: Development
LogInit: Branch Name: ++UE4+Release-4.13
LogInit: Command line: -EpicPortal 
LogInit: Base directory: P:/UNREAL/Epic Games/4.13/Engine/Binaries/Win64/
LogInit: Installed Engine Build: 1
LogInit: Presizing for max 8388607 objects, including 0 objects not considered by GC, pre-allocating 0 bytes for permanent pool.
LogInit: Object subsystem initialized
[2017.05.18-15.47.57:483][  0]LogConsoleManager:Display: Setting the console variable 'r.SeparateTranslucency' with 'SetByProjectSetting' was ignored as it is lower priority than the previous 'SetBySystemSettingsIni'
[2017.05.18-15.47.57:485][  0]LogConsoleManager:Display: Setting the console variable 'r.ScreenPercentage' with 'SetByScalability' was ignored as it is lower priority than the previous 'SetBySystemSettingsIni'
[2017.05.18-15.47.57:485][  0]LogConsoleManager:Display: Setting the console variable 'r.PostProcessAAQuality' with 'SetByScalability' was ignored as it is lower priority than the previous 'SetBySystemSettingsIni'
[2017.05.18-15.47.57:485][  0]LogConsoleManager:Display: Setting the console variable 'r.MotionBlurQuality' with 'SetByScalability' was ignored as it is lower priority than the previous 'SetBySystemSettingsIni'
[2017.05.18-15.47.57:485][  0]LogConsoleManager:Display: Setting the console variable 'r.AmbientOcclusionLevels' with 'SetByScalability' was ignored as it is lower priority than the previous 'SetBySystemSettingsIni'
[2017.05.18-15.47.57:485][  0]LogConsoleManager:Display: Setting the console variable 'r.DepthOfFieldQuality' with 'SetByScalability' was ignored as it is lower priority than the previous 'SetBySystemSettingsIni'
[2017.05.18-15.47.57:485][  0]LogConsoleManager:Display: Setting the console variable 'r.LensFlareQuality' with 'SetByScalability' was ignored as it is lower priority than the previous 'SetBySystemSettingsIni'
[2017.05.18-15.47.57:485][  0]LogConsoleManager:Display: Setting the console variable 'r.SceneColorFringeQuality' with 'SetByScalability' was ignored as it is lower priority than the previous 'SetBySystemSettingsIni'
[2017.05.18-15.47.57:485][  0]LogConsoleManager:Display: Setting the console variable 'r.EyeAdaptationQuality' with 'SetByScalability' was ignored as it is lower priority than the previous 'SetBySystemSettingsIni'
[2017.05.18-15.47.57:485][  0]LogConsoleManager:Display: Setting the console variable 'r.BloomQuality' with 'SetByScalability' was ignored as it is lower priority than the previous 'SetBySystemSettingsIni'
[2017.05.18-15.47.57:485][  0]LogConsoleManager:Display: Setting the console variable 'r.FastBlurThreshold' with 'SetByScalability' was ignored as it is lower priority than the previous 'SetBySystemSettingsIni'
[2017.05.18-15.47.57:485][  0]LogConsoleManager:Display: Setting the console variable 'r.MaxAnisotropy' with 'SetByScalability' was ignored as it is lower priority than the previous 'SetBySystemSettingsIni'
[2017.05.18-15.47.57:485][  0]LogConsoleManager:Display: Setting the console variable 'r.TranslucencyLightingVolumeDim' with 'SetByScalability' was ignored as it is lower priority than the previous 'SetBySystemSettingsIni'
[2017.05.18-15.47.57:485][  0]LogConsoleManager:Display: Setting the console variable 'r.SSR.Quality' with 'SetByScalability' was ignored as it is lower priority than the previous 'SetBySystemSettingsIni'
[2017.05.18-15.47.57:485][  0]LogConsoleManager:Display: Setting the console variable 'r.SceneColorFormat' with 'SetByScalability' was ignored as it is lower priority than the previous 'SetBySystemSettingsIni'
[2017.05.18-15.47.57:485][  0]LogConsoleManager:Display: Setting the console variable 'r.TranslucencyVolumeBlur' with 'SetByScalability' was ignored as it is lower priority than the previous 'SetBySystemSettingsIni'
[2017.05.18-15.47.57:485][  0]LogInit: Selected Device Profile: [Windows]
[2017.05.18-15.47.57:485][  0]LogInit: Applying CVar settings loaded from the selected device profile: [Windows]
[2017.05.18-15.47.57:492][  0]LogInit: Computer: MSI
[2017.05.18-15.47.57:492][  0]LogInit: User: jbethune
[2017.05.18-15.47.57:492][  0]LogInit: CPU Page size=65536, Cores=4
[2017.05.18-15.47.57:492][  0]LogInit: High frequency timer resolution =2.435774 MHz
[2017.05.18-15.47.57:493][  0]LogMemory: Memory total: Physical=7.9GB (8GB approx)
[2017.05.18-15.47.57:493][  0]LogMemory: Platform Memory Stats for Windows
[2017.05.18-15.47.57:493][  0]LogMemory: Process Physical Memory: 254.97 MB used, 254.97 MB peak
[2017.05.18-15.47.57:493][  0]LogMemory: Process Virtual Memory: 259.81 MB used, 259.81 MB peak
[2017.05.18-15.47.57:493][  0]LogMemory: Physical Memory: 4308.23 MB used, 8112.12 MB total
[2017.05.18-15.47.57:493][  0]LogMemory: Virtual Memory: 605.96 MB used, 134217728.00 MB total
[2017.05.18-15.47.57:520][  0]LogInit: Overriding culture en w/ editor configuration.
[2017.05.18-15.47.58:017][  0]LogD3D11RHI: D3D11 adapters:
[2017.05.18-15.47.59:036][  0]LogD3D11RHI:    0. 'NVIDIA GeForce GTX 860M   ' (Feature Level 11_0)
[2017.05.18-15.47.59:036][  0]LogD3D11RHI:       1991/0/2048 MB DedicatedVideo/DedicatedSystem/SharedSystem, Outputs:1, VendorId:0x10de
[2017.05.18-15.47.59:043][  0]LogD3D11RHI:    1. 'Intel(R) HD Graphics 4600' (Feature Level 11_0)
[2017.05.18-15.47.59:043][  0]LogD3D11RHI:       0/0/1792 MB DedicatedVideo/DedicatedSystem/SharedSystem, Outputs:0, VendorId:0x8086
[2017.05.18-15.47.59:044][  0]LogD3D11RHI:    2. 'Microsoft Basic Render Driver' (Feature Level 11_0)
[2017.05.18-15.47.59:044][  0]LogD3D11RHI:       0/0/256 MB DedicatedVideo/DedicatedSystem/SharedSystem, Outputs:0, VendorId:0x1414
[2017.05.18-15.47.59:044][  0]LogD3D11RHI: Chosen D3D11 Adapter: 0
[2017.05.18-15.47.59:048][  0]LogD3D11RHI: Creating new Direct3DDevice
[2017.05.18-15.47.59:048][  0]LogD3D11RHI:     GPU DeviceId: 0x1392 (for the marketing name, search the web for "GPU Device Id")
[2017.05.18-15.47.59:048][  0]LogWindows: EnumDisplayDevices:
[2017.05.18-15.47.59:048][  0]LogWindows:    0. 'Intel(R) HD Graphics 4600' (P:1 D:1)
[2017.05.18-15.47.59:048][  0]LogWindows:    1. 'Intel(R) HD Graphics 4600' (P:0 D:0)
[2017.05.18-15.47.59:048][  0]LogWindows:    2. 'Intel(R) HD Graphics 4600' (P:0 D:0)
[2017.05.18-15.47.59:048][  0]LogWindows: DebugString: PrimaryIsNotTheChoosenAdapter PrimaryIsNotTheChoosenAdapter PrimaryIsNotTheChoosenAdapter FoundDriverCount:0 
[2017.05.18-15.47.59:048][  0]LogD3D11RHI:     Adapter Name: NVIDIA GeForce GTX 860M   
[2017.05.18-15.47.59:048][  0]LogD3D11RHI:   Driver Version: Unknown (internal:Unknown, unified:Unknown)
[2017.05.18-15.47.59:048][  0]LogD3D11RHI:      Driver Date: Unknown
[2017.05.18-15.47.59:048][  0]LogRHI: Texture pool is 1361 MB (70% of 1945 MB)
[2017.05.18-15.47.59:060][  0]LogD3D11RHI: Async texture creation enabled
[2017.05.18-15.47.59:515][  0]LogD3D11RHI: GPU Timing Frequency: 1000.000000 (Debug: 2 2)
[2017.05.18-15.47.59:515][  0]LogShaderCompilers: Guid format shader working directory is -13 characters bigger than the processId version (C:/Users/jbethune/Downloads/MasterCamControl/MasterCamControl/Intermediate/Shaders/WorkingDirectory/10956/).
[2017.05.18-15.47.59:515][  0]LogShaderCompilers: Cleaned the shader compiler working directory 'C:/Users/jbethune/AppData/Local/Temp/UnrealShaderWorkingDir/B0E6095A46A6B03C2522288245D1A83A/'.
[2017.05.18-15.47.59:515][  0]LogShaderCompilers:Display: Using Local Shader Compiler.
[2017.05.18-15.48.00:457][  0]LogTemp:Display: Loaded TP AllDesktopTargetPlatform
[2017.05.18-15.48.00:464][  0]LogTemp:Display: Loaded TP WindowsClientTargetPlatform
[2017.05.18-15.48.00:471][  0]LogTemp:Display: Loaded TP WindowsNoEditorTargetPlatform
[2017.05.18-15.48.00:479][  0]LogTemp:Display: Loaded TP WindowsServerTargetPlatform
[2017.05.18-15.48.00:489][  0]LogTemp:Display: Loaded TP WindowsTargetPlatform
[2017.05.18-15.48.00:497][  0]LogTemp:Display: Loaded TP AndroidTargetPlatform
[2017.05.18-15.48.00:506][  0]LogTemp:Display: Loaded TP Android_ASTCTargetPlatform
[2017.05.18-15.48.00:518][  0]LogTemp:Display: Loaded TP Android_ATCTargetPlatform
[2017.05.18-15.48.00:525][  0]LogTemp:Display: Loaded TP Android_DXTTargetPlatform
[2017.05.18-15.48.00:531][  0]LogTemp:Display: Loaded TP Android_ETC1TargetPlatform
[2017.05.18-15.48.00:539][  0]LogTemp:Display: Loaded TP Android_ETC2TargetPlatform
[2017.05.18-15.48.00:553][  0]LogTemp:Display: Loaded TP Android_MultiTargetPlatform
[2017.05.18-15.48.00:553][  0]LogTemp:Display: Loaded TP Android_PVRTCTargetPlatform
[2017.05.18-15.48.00:553][  0]LogTemp:Display: Loaded TP HTML5TargetPlatform
[2017.05.18-15.48.00:572][  0]LogTemp:Display: Loaded TP IOSTargetPlatform
[2017.05.18-15.48.00:579][  0]LogTemp:Display: Loaded TP TVOSTargetPlatform
[2017.05.18-15.48.00:586][  0]LogTemp:Display: Loaded TP LinuxClientTargetPlatform
[2017.05.18-15.48.00:593][  0]LogTemp:Display: Loaded TP LinuxNoEditorTargetPlatform
[2017.05.18-15.48.00:599][  0]LogTemp:Display: Loaded TP LinuxServerTargetPlatform
[2017.05.18-15.48.00:606][  0]LogTemp:Display: Loaded TP LinuxTargetPlatform
[2017.05.18-15.48.00:606][  0]LogTargetPlatformManager:Display: Building Assets For Windows
[2017.05.18-15.48.00:653][  0]LogDerivedDataCache:Display: Max Cache Size: 512 MB
[2017.05.18-15.48.00:756][  0]LogDerivedDataCache: Loaded boot cache 0.10s 87MB C:/Users/jbethune/AppData/Local/UnrealEngine/4.13/DerivedDataCache/Boot.ddc.
[2017.05.18-15.48.00:756][  0]LogDerivedDataCache:Display: Loaded Boot cache: C:/Users/jbethune/AppData/Local/UnrealEngine/4.13/DerivedDataCache/Boot.ddc
[2017.05.18-15.48.00:756][  0]LogDerivedDataCache: FDerivedDataBackendGraph:  Pak pak cache file C:/Users/jbethune/Downloads/MasterCamControl/MasterCamControl/DerivedDataCache/DDC.ddp not found, will not use a pak cache.
[2017.05.18-15.48.00:756][  0]LogDerivedDataCache: Unable to find inner node Pak for hierarchical cache Hierarchy.
[2017.05.18-15.48.00:756][  0]LogDerivedDataCache: FDerivedDataBackendGraph:  CompressedPak pak cache file C:/Users/jbethune/Downloads/MasterCamControl/MasterCamControl/DerivedDataCache/Compressed.ddp not found, will not use a pak cache.
[2017.05.18-15.48.00:756][  0]LogDerivedDataCache: Unable to find inner node CompressedPak for hierarchical cache Hierarchy.
[2017.05.18-15.48.00:773][  0]LogDerivedDataCache:Display: Pak cache opened for reading ../../../Engine/DerivedDataCache/Compressed.ddp.
[2017.05.18-15.48.00:786][  0]LogDerivedDataCache: Using Local data cache path C:/Users/jbethune/AppData/Local/UnrealEngine/Common/DerivedDataCache: Writable
[2017.05.18-15.48.00:974][  0]LogInit: Selected Device Profile: [Windows]
[2017.05.18-15.48.00:976][  0]LogContentStreaming: Texture pool size is 0.00 MB
[2017.05.18-15.48.01:064][  0]LogMeshUtilities: No automatic mesh reduction module available
[2017.05.18-15.48.01:064][  0]LogMeshUtilities: No automatic mesh merging module available
[2017.05.18-15.48.01:064][  0]LogMeshUtilities: No distributed automatic mesh merging module available
[2017.05.18-15.48.01:129][  0]LogMaterial: Uniform references updated for custom material expression Custom.
[2017.05.18-15.48.01:434][  0]LogNetVersion: GetLocalNetworkVersion: CL: 3106830, ProjectName: cameracontrol, ProjectVersion: , EngineNetworkVersion: 1, GameNetworkVersion: 0, NetworkChecksum: 646504735
[2017.05.18-15.48.01:474][  0]LogAssetRegistry: FAssetRegistry took 0.0215 seconds to start up
[2017.05.18-15.48.01:496][  0]LogPackageLocalizationCache: Processed 3 localized package path(s) for 1 prioritized culture(s) in 0.021053 seconds
[2017.05.18-15.48.01:502][  0]LogUObjectArray: 29778 objects as part of root set at end of initial load.
[2017.05.18-15.48.01:502][  0]LogUObjectAllocator: 6125456 out of 0 bytes used by permanent object pool.
[2017.05.18-15.48.01:502][  0]LogUObjectArray: CloseDisregardForGC: 0/0 objects in disregard for GC pool
[2017.05.18-15.48.01:504][  0]LogInit: WinSock: version 1.1 (2.2), MaxSocks=32767, MaxUdp=65467
[2017.05.18-15.48.01:683][  0]LogSlate: SlateFontCache - WITH_FREETYPE: 1, WITH_HARFBUZZ: 1
[2017.05.18-15.48.01:683][  0]LogSlate: SlateFontCache - WITH_FREETYPE: 1, WITH_HARFBUZZ: 1
[2017.05.18-15.48.02:296][  0]LogTcpMessaging: Initializing TcpMessaging bridge
[2017.05.18-15.48.02:312][  0]LogUdpMessaging: Initializing bridge on interface 0.0.0.0:0 to multicast group 230.0.0.1:6666.
[2017.05.18-15.48.02:525][  0]SourceControl: Info Source control is disabled
[2017.05.18-15.48.02:575][  0]SourceControl: Info Source control is disabled
[2017.05.18-15.48.02:580][  0]SourceControl: Info Source control is disabled
[2017.05.18-15.48.02:585][  0]SourceControl: Info Source control is disabled
[2017.05.18-15.48.02:779][  0]LogEngine: Initializing Engine...
[2017.05.18-15.48.02:926][  0]LogAIModule: Creating AISystem for world Untitled
[2017.05.18-15.48.02:932][  0]LogInit: XAudio2 using 'Altavoces (Realtek High Definition Audio)' : 2 channels at 48 kHz using 32 bits per sample (channel mask 0x3)
[2017.05.18-15.48.02:959][  0]LogInit: FAudioDevice initialized.
[2017.05.18-15.48.03:023][  0]LogDerivedDataCache: Saved boot cache 0.06s 87MB C:/Users/jbethune/AppData/Local/UnrealEngine/4.13/DerivedDataCache/Boot.ddc.
[2017.05.18-15.48.03:039][  0]LogInit: Texture streaming: Enabled
[2017.05.18-15.48.03:054][  0]LogInit: Transaction tracking system initialized
[2017.05.18-15.48.03:065][  0]BlueprintLog: New page: Editor Load
[2017.05.18-15.48.03:112][  0]LocalizationService: Info Localization service is disabled
[2017.05.18-15.48.03:746][  0]LogConsoleResponse:Display: 
[2017.05.18-15.48.03:864][  0]LogCook:Display: Max memory allowance for cook 16384mb min free memory 0mb
[2017.05.18-15.48.03:864][  0]LogCook:Display: Mobile HDR setting 1
[2017.05.18-15.48.03:969][  0]LogFileCache: Scanning file cache for directory 'C:/Users/jbethune/Downloads/MasterCamControl/MasterCamControl/Content/' took 0.02s
[2017.05.18-15.48.03:969][  0]SourceControl: Info Source control is disabled
[2017.05.18-15.48.03:969][  0]Cmd: MAP LOAD FILE="C:/Users/jbethune/Downloads/MasterCamControl/MasterCamControl/Content/Lmenu/Lmenu.umap" TEMPLATE=0 SHOWPROGRESS=1 FEATURELEVEL=3
[2017.05.18-15.48.03:970][  0]LightingResults: New page: Lighting Build
[2017.05.18-15.48.03:971][  0]MapCheck: New page: Map Check
[2017.05.18-15.48.03:971][  0]LightingResults: New page: Lighting Build
[2017.05.18-15.48.04:643][  0]LogBlueprint:Warning: [Compiler PersistentLevel.Lmenu] Warning InputAction Event references unknown Action 'changeCamera' for  K2Node_InputAction_151
[2017.05.18-15.48.04:645][  0]LogBlueprint:Warning: [Compiler PersistentLevel.Lmenu] Warning [0007.82] Compile of PersistentLevel.Lmenu successful, but with 1 Warning(s) [in 5 ms] (/Game/Lmenu/Lmenu.Lmenu:PersistentLevel.Lmenu)
[2017.05.18-15.48.04:645][  0]LogBlueprint:Warning: [Compiler PersistentLevel.Lmenu] Warning [0007.82] Compile of PersistentLevel.Lmenu successful, but with 2 Warning(s) [in 0 ms] (/Game/Lmenu/Lmenu.Lmenu:PersistentLevel.Lmenu)
[2017.05.18-15.48.04:645][  0]LogBlueprint:Warning: [Compiler PersistentLevel.Lmenu] Warning [0007.82] Compile of PersistentLevel.Lmenu successful, but with 3 Warning(s) [in 0 ms] (/Game/Lmenu/Lmenu.Lmenu:PersistentLevel.Lmenu)
[2017.05.18-15.48.04:650][  0]LogBlueprint:Warning: [Compiler PersistentLevel.Lmenu] Warning InputAction Event references unknown Action 'changeCamera' for  K2Node_InputAction_151
[2017.05.18-15.48.04:652][  0]LogBlueprint:Warning: [Compiler PersistentLevel.Lmenu] Warning [0007.82] Compile of PersistentLevel.Lmenu successful, but with 1 Warning(s) [in 6 ms] (/Game/Lmenu/Lmenu.Lmenu:PersistentLevel.Lmenu)
[2017.05.18-15.48.04:653][  0]LogBlueprint:Warning: [Compiler PersistentLevel.Lmenu] Warning [0007.82] Compile of PersistentLevel.Lmenu successful, but with 2 Warning(s) [in 0 ms] (/Game/Lmenu/Lmenu.Lmenu:PersistentLevel.Lmenu)
[2017.05.18-15.48.04:653][  0]LogBlueprint:Warning: [Compiler PersistentLevel.Lmenu] Warning [0007.82] Compile of PersistentLevel.Lmenu successful, but with 3 Warning(s) [in 0 ms] (/Game/Lmenu/Lmenu.Lmenu:PersistentLevel.Lmenu)
[2017.05.18-15.48.05:080][  0]LogAIModule: Creating AISystem for world Lmenu
[2017.05.18-15.48.05:099][  0]LogEditorServer: Finished looking for orphan Actors (0.000 secs)
[2017.05.18-15.48.05:100][  0]Cmd: MAP CHECKDEP NOCLEARLOG
[2017.05.18-15.48.05:146][  0]MapCheck: Info Map check complete: 0 Error(s), 0 Warning(s), took 46.78ms to complete.
[2017.05.18-15.48.05:146][  0]LogFileHelpers: Loading map 'Lmenu' took 1.177
[2017.05.18-15.48.05:277][  0]LogCollectionManager: Loaded 0 collections in 0.001505 seconds
[2017.05.18-15.48.05:317][  0]LogFileCache: Scanning file cache for directory 'C:/Users/jbethune/Downloads/MasterCamControl/MasterCamControl/Saved/Collections/' took 0.01s
[2017.05.18-15.48.05:317][  0]LogFileCache: Scanning file cache for directory 'C:/Users/jbethune/Downloads/MasterCamControl/MasterCamControl/Content/Developers/jbethune/Collections/' took 0.01s
[2017.05.18-15.48.05:317][  0]LogFileCache: Scanning file cache for directory 'C:/Users/jbethune/Downloads/MasterCamControl/MasterCamControl/Content/Collections/' took 0.01s
[2017.05.18-15.48.05:317][  0]LogCollectionManager: Rebuilt the GUID cache for 0 collections in 0.000003 seconds
[2017.05.18-15.48.05:325][  0]LogContentBrowser: Native class hierarchy populated in 0.0082 seconds. Added 2139 classes and 412 folders.
[2017.05.18-15.48.05:329][  0]LogStats: UGameplayTagsManager::ConstructGameplayTagTree: Construct from data asset -  0.000 s
[2017.05.18-15.48.05:329][  0]LogStats: UGameplayTagsManager::ConstructGameplayTagTree: GameplayTagTreeChangedEvent.Broadcast -  0.000 s
[2017.05.18-15.48.05:329][  0]LogContentBrowser: Native class hierarchy updated for 'GameplayTags' in 0.0005 seconds. Added 12 classes and 0 folders.
[2017.05.18-15.48.05:332][  0]LogContentBrowser: Native class hierarchy updated for 'WidgetCarousel' in 0.0003 seconds. Added 0 classes and 0 folders.
[2017.05.18-15.48.05:370][  0]LogContentBrowser: Native class hierarchy updated for 'AddContentDialog' in 0.0004 seconds. Added 0 classes and 0 folders.
[2017.05.18-15.48.05:374][  0]LogContentBrowser: Native class hierarchy updated for 'SceneOutliner' in 0.0004 seconds. Added 1 classes and 2 folders.
[2017.05.18-15.48.05:436][  0]LogCrashTracker: Crashtracker disabled due to settings.
[2017.05.18-15.48.05:440][  0]LogUObjectGlobals:Warning: Failed to find object 'Class None.'
[2017.05.18-15.48.05:468][  0]LogContentBrowser: Native class hierarchy updated for 'HierarchicalLODOutliner' in 0.0005 seconds. Added 1 classes and 2 folders.
[2017.05.18-15.48.05:468][  0]LogLoad: (Engine Initialization) Total time: 8.64 seconds
[2017.05.18-15.48.05:468][  0]LogLoad: (Engine Initialization) Total Blueprint compile time: 0.35 seconds
[2017.05.18-15.48.05:468][  0]LogExternalProfiler: Found external profiler: VSPerf
[2017.05.18-15.48.05:468][  0]LogExternalProfiler: Using external profiler: VSPerf
[2017.05.18-15.48.05:485][  0]LogWindowsTextInputMethodSystem:Display: IME system now deactivated.
[2017.05.18-15.48.05:485][  0]LogOcInput: OculusInput pre-init called
[2017.05.18-15.48.05:505][  0]LogContentStreaming: Texture pool size now 400 MB
[2017.05.18-15.48.05:676][  0]LogRenderer: Reallocating scene render targets to support 1416x584 (Frame:2).
[2017.05.18-15.48.05:834][  2]LogAssetRegistry: Asset discovery search completed in 4.3822 seconds
[2017.05.18-15.48.05:834][  2]LogCollectionManager: Rebuilt the object cache for 0 collections in 0.000000 seconds (found 0 objects)
[2017.05.18-15.48.05:834][  2]LogCollectionManager: Fixed up redirectors for 0 collections in 0.000025 seconds (updated 0 objects)
[2017.05.18-15.48.17:306][672]LogBlueprint:Warning: [Compiler NewAnimBlueprint] Warning  AnimStateTransitionNode_3  will never be taken, please connect something to  bCanEnterTransition
[2017.05.18-15.48.17:308][672]LogBlueprint:Warning: [Compiler NewAnimBlueprint] Warning [0020.48] Compile of NewAnimBlueprint successful, but with 1 Warning(s) [in 3 ms] (/Game/Art/Meshes/Characters/CamBot/NewAnimBlueprint.NewAnimBlueprint)
[2017.05.18-15.48.17:308][672]LogBlueprint:Warning: [Compiler NewAnimBlueprint] Warning [0020.48] Compile of NewAnimBlueprint successful, but with 2 Warning(s) [in 0 ms] (/Game/Art/Meshes/Characters/CamBot/NewAnimBlueprint.NewAnimBlueprint)
[2017.05.18-15.48.17:308][672]LogBlueprint:Warning: [Compiler NewAnimBlueprint] Warning [0020.48] Compile of NewAnimBlueprint successful, but with 3 Warning(s) [in 0 ms] (/Game/Art/Meshes/Characters/CamBot/NewAnimBlueprint.NewAnimBlueprint)
[2017.05.18-15.48.17:376][672]LogBlueprint:Warning: [Compiler NewAnimBlueprint] Warning  AnimStateTransitionNode_3  will never be taken, please connect something to  bCanEnterTransition
[2017.05.18-15.48.17:379][672]LogBlueprint:Warning: [Compiler NewAnimBlueprint] Warning [0020.55] Compile of NewAnimBlueprint successful, but with 1 Warning(s) [in 5 ms] (/Game/Art/Meshes/Characters/CamBot/NewAnimBlueprint.NewAnimBlueprint)
[2017.05.18-15.48.17:379][672]LogBlueprint:Warning: [Compiler NewAnimBlueprint] Warning [0020.55] Compile of NewAnimBlueprint successful, but with 2 Warning(s) [in 0 ms] (/Game/Art/Meshes/Characters/CamBot/NewAnimBlueprint.NewAnimBlueprint)
[2017.05.18-15.48.17:379][672]LogBlueprint:Warning: [Compiler NewAnimBlueprint] Warning [0020.55] Compile of NewAnimBlueprint successful, but with 3 Warning(s) [in 0 ms] (/Game/Art/Meshes/Characters/CamBot/NewAnimBlueprint.NewAnimBlueprint)
[2017.05.18-15.48.17:510][672]LogLinker:Warning: Asset 'C:/Users/jbethune/Downloads/MasterCamControl/MasterCamControl/Content/Materials/PP_Outliner_M.uasset' has been saved with empty engine version. The asset will be loaded but may be incompatible.
[2017.05.18-15.48.17:511][672]LogLinker:Warning: Asset 'C:/Users/jbethune/Downloads/MasterCamControl/MasterCamControl/Content/Materials/MF_ConvolveTexture.uasset' has been saved with empty engine version. The asset will be loaded but may be incompatible.
[2017.05.18-15.48.17:514][672]LogLinker:Warning: Asset 'C:/Users/jbethune/Downloads/MasterCamControl/MasterCamControl/Content/Materials/MF_ExtractDepth.uasset' has been saved with empty engine version. The asset will be loaded but may be incompatible.
[2017.05.18-15.48.17:515][672]LogLinker:Warning: Asset 'C:/Users/jbethune/Downloads/MasterCamControl/MasterCamControl/Content/Materials/MF_SampleSceneTextureNeighbourUVs.uasset' has been saved with empty engine version. The asset will be loaded but may be incompatible.
[2017.05.18-15.48.17:519][672]LogLinker:Warning: Can't find file '/Game/L1/Props/estatua01_PhysicsAsset'
[2017.05.18-15.48.17:519][672]LogLinker:Warning: Can't find file for asset '/Game/L1/Props/estatua01_PhysicsAsset' while loading C:/Users/jbethune/Downloads/MasterCamControl/MasterCamControl/Content/L1/Props/estatua01.uasset.
[2017.05.18-15.48.17:519][672]LoadErrors:Error: Error /Game/L1/Props/estatua01 : Can't find file for asset. /Game/L1/Props/estatua01_PhysicsAsset
[2017.05.18-15.48.17:519][672]LogLinker:Warning: Can't find file '/Game/L1/Props/estatua01_Skeleton'
[2017.05.18-15.48.17:519][672]LogLinker:Warning: Can't find file for asset '/Game/L1/Props/estatua01_Skeleton' while loading C:/Users/jbethune/Downloads/MasterCamControl/MasterCamControl/Content/L1/Props/estatua01.uasset.
[2017.05.18-15.48.17:519][672]LoadErrors:Error: Error /Game/L1/Props/estatua01 : Can't find file for asset. /Game/L1/Props/estatua01_Skeleton
[2017.05.18-15.48.17:519][672]LogLinker:Warning: Can't find file '/Game/L1/Props/estatua01_PhysicsAsset'
[2017.05.18-15.48.17:519][672]LogLinker:Warning: Can't find file for asset '/Game/L1/Props/estatua01_PhysicsAsset' while loading C:/Users/jbethune/Downloads/MasterCamControl/MasterCamControl/Content/L1/Props/estatua01.uasset.
[2017.05.18-15.48.17:519][672]LogLinker:Warning: Can't find file '/Game/L1/Props/estatua01_Skeleton'
[2017.05.18-15.48.17:519][672]LogLinker:Warning: Can't find file for asset '/Game/L1/Props/estatua01_Skeleton' while loading C:/Users/jbethune/Downloads/MasterCamControl/MasterCamControl/Content/L1/Props/estatua01.uasset.
[2017.05.18-15.48.17:520][672]LogLinker:Warning: Can't find file '/Game/L1/Props/estatua02_PhysicsAsset'
[2017.05.18-15.48.17:520][672]LogLinker:Warning: Can't find file for asset '/Game/L1/Props/estatua02_PhysicsAsset' while loading C:/Users/jbethune/Downloads/MasterCamControl/MasterCamControl/Content/L1/Props/estatua02.uasset.
[2017.05.18-15.48.17:520][672]LoadErrors:Error: Error /Game/L1/Props/estatua02 : Can't find file for asset. /Game/L1/Props/estatua02_PhysicsAsset
[2017.05.18-15.48.17:520][672]LogLinker:Warning: Can't find file '/Game/L1/Props/estatua02_Skeleton'
[2017.05.18-15.48.17:520][672]LogLinker:Warning: Can't find file for asset '/Game/L1/Props/estatua02_Skeleton' while loading C:/Users/jbethune/Downloads/MasterCamControl/MasterCamControl/Content/L1/Props/estatua02.uasset.
[2017.05.18-15.48.17:520][672]LoadErrors:Error: Error /Game/L1/Props/estatua02 : Can't find file for asset. /Game/L1/Props/estatua02_Skeleton
[2017.05.18-15.48.17:520][672]LogLinker:Warning: Can't find file '/Game/L1/Props/estatua02_PhysicsAsset'
[2017.05.18-15.48.17:520][672]LogLinker:Warning: Can't find file for asset '/Game/L1/Props/estatua02_PhysicsAsset' while loading C:/Users/jbethune/Downloads/MasterCamControl/MasterCamControl/Content/L1/Props/estatua02.uasset.
[2017.05.18-15.48.17:520][672]LogLinker:Warning: Can't find file '/Game/L1/Props/estatua02_Skeleton'
[2017.05.18-15.48.17:520][672]LogLinker:Warning: Can't find file for asset '/Game/L1/Props/estatua02_Skeleton' while loading C:/Users/jbethune/Downloads/MasterCamControl/MasterCamControl/Content/L1/Props/estatua02.uasset.
[2017.05.18-15.48.17:521][672]LogLinker:Warning: Can't find file '/Game/L1/Props/estatua03_PhysicsAsset'
[2017.05.18-15.48.17:521][672]LogLinker:Warning: Can't find file for asset '/Game/L1/Props/estatua03_PhysicsAsset' while loading C:/Users/jbethune/Downloads/MasterCamControl/MasterCamControl/Content/L1/Props/estatua03.uasset.
[2017.05.18-15.48.17:521][672]LoadErrors:Error: Error /Game/L1/Props/estatua03 : Can't find file for asset. /Game/L1/Props/estatua03_PhysicsAsset
[2017.05.18-15.48.17:521][672]LogLinker:Warning: Can't find file '/Game/L1/Props/estatua03_Skeleton'
[2017.05.18-15.48.17:521][672]LogLinker:Warning: Can't find file for asset '/Game/L1/Props/estatua03_Skeleton' while loading C:/Users/jbethune/Downloads/MasterCamControl/MasterCamControl/Content/L1/Props/estatua03.uasset.
[2017.05.18-15.48.17:521][672]LoadErrors:Error: Error /Game/L1/Props/estatua03 : Can't find file for asset. /Game/L1/Props/estatua03_Skeleton
[2017.05.18-15.48.17:521][672]LogLinker:Warning: Can't find file '/Game/L1/Props/estatua03_PhysicsAsset'
[2017.05.18-15.48.17:521][672]LogLinker:Warning: Can't find file for asset '/Game/L1/Props/estatua03_PhysicsAsset' while loading C:/Users/jbethune/Downloads/MasterCamControl/MasterCamControl/Content/L1/Props/estatua03.uasset.
[2017.05.18-15.48.17:522][672]LogLinker:Warning: Can't find file '/Game/L1/Props/estatua03_Skeleton'
[2017.05.18-15.48.17:522][672]LogLinker:Warning: Can't find file for asset '/Game/L1/Props/estatua03_Skeleton' while loading C:/Users/jbethune/Downloads/MasterCamControl/MasterCamControl/Content/L1/Props/estatua03.uasset.
[2017.05.18-15.48.17:636][672]LogLinker:Warning: Can't find file '/Game/L1/Props/estatua03_Skeleton'
[2017.05.18-15.48.17:636][672]LoadErrors: Info Failed to load /Game/L1/Props/estatua03_Skeleton.estatua03_Skeleton Referenced by estatua03
[2017.05.18-15.48.17:636][672]LogLinker:Warning: Can't find file for asset '/Game/L1/Props/estatua03_Skeleton' while loading NULL.
[2017.05.18-15.48.17:636][672]LogLinker:Warning: Can't find file '/Game/L1/Props/estatua03_PhysicsAsset'
[2017.05.18-15.48.17:637][672]LoadErrors: Info Failed to load /Game/L1/Props/estatua03_PhysicsAsset.estatua03_PhysicsAsset Referenced by estatua03
[2017.05.18-15.48.17:637][672]LogLinker:Warning: Can't find file for asset '/Game/L1/Props/estatua03_PhysicsAsset' while loading NULL.
[2017.05.18-15.48.17:638][672]LogLinker:Warning: Can't find file '/Game/L1/Props/estatua02_Skeleton'
[2017.05.18-15.48.17:638][672]LoadErrors: Info Failed to load /Game/L1/Props/estatua02_Skeleton.estatua02_Skeleton Referenced by estatua02
[2017.05.18-15.48.17:638][672]LogLinker:Warning: Can't find file for asset '/Game/L1/Props/estatua02_Skeleton' while loading NULL.
[2017.05.18-15.48.17:638][672]LogLinker:Warning: Can't find file '/Game/L1/Props/estatua02_PhysicsAsset'
[2017.05.18-15.48.17:638][672]LoadErrors: Info Failed to load /Game/L1/Props/estatua02_PhysicsAsset.estatua02_PhysicsAsset Referenced by estatua02
[2017.05.18-15.48.17:638][672]LogLinker:Warning: Can't find file for asset '/Game/L1/Props/estatua02_PhysicsAsset' while loading NULL.
[2017.05.18-15.48.17:639][672]LogLinker:Warning: Can't find file '/Game/L1/Props/estatua01_Skeleton'
[2017.05.18-15.48.17:639][672]LoadErrors: Info Failed to load /Game/L1/Props/estatua01_Skeleton.estatua01_Skeleton Referenced by estatua01
[2017.05.18-15.48.17:639][672]LogLinker:Warning: Can't find file for asset '/Game/L1/Props/estatua01_Skeleton' while loading NULL.
[2017.05.18-15.48.17:640][672]LogLinker:Warning: Can't find file '/Game/L1/Props/estatua01_PhysicsAsset'
[2017.05.18-15.48.17:640][672]LoadErrors: Info Failed to load /Game/L1/Props/estatua01_PhysicsAsset.estatua01_PhysicsAsset Referenced by estatua01
[2017.05.18-15.48.17:640][672]LogLinker:Warning: Can't find file for asset '/Game/L1/Props/estatua01_PhysicsAsset' while loading NULL.
[2017.05.18-15.48.18:158][672]LogAIModule: Creating AISystem for world L1map
[2017.05.18-15.48.18:197][672]LogAnimation:Warning: AnimBP MrBear_a_bp_old_C is incompatible with skeleton girl_Skeleton, removing AnimBP from actor.
[2017.05.18-15.48.18:198][672]LogAnimation:Warning: AnimBP Boy_AnimationBlueprint_C is incompatible with skeleton bear_Skeleton, removing AnimBP from actor.
[2017.05.18-15.48.18:198][672]LogAnimation:Warning: AnimBP Boy_AnimationBlueprint_C is incompatible with skeleton bear_Skeleton, removing AnimBP from actor.
[2017.05.18-15.48.18:199][672]LogAnimation:Warning: AnimBP Girl_anim_bp_C is incompatible with skeleton boy_Skeleton, removing AnimBP from actor.
[2017.05.18-15.48.18:251][672]Cmd: MAP LOAD FILE="C:/Users/jbethune/Downloads/MasterCamControl/MasterCamControl/Content/L1/L1map.umap" TEMPLATE=0 SHOWPROGRESS=1 FEATURELEVEL=3
[2017.05.18-15.48.18:251][672]LightingResults: New page: Lighting Build
[2017.05.18-15.48.18:252][672]LoadErrors: New page: Loading map: L1map.umap
[2017.05.18-15.48.18:253][672]MapCheck: New page: Map Check
[2017.05.18-15.48.18:253][672]LightingResults: New page: Lighting Build
[2017.05.18-15.48.18:309][672]LogAnimation:Warning: AnimBP MrBear_a_bp_old_C is incompatible with skeleton boy_Skeleton, removing AnimBP from actor.
[2017.05.18-15.48.18:310][672]LogAnimation:Warning: AnimBP MrBear_a_bp_old_C is incompatible with skeleton boy_Skeleton, removing AnimBP from actor.
[2017.05.18-15.48.18:377][672]LogEditorServer: Finished looking for orphan Actors (0.000 secs)
[2017.05.18-15.48.18:389][672]Cmd: MAP CHECKDEP NOCLEARLOG
[2017.05.18-15.48.18:475][672]MapCheck: Info Map check complete: 0 Error(s), 0 Warning(s), took 85.594ms to complete.
[2017.05.18-15.48.18:476][672]LogFileHelpers: Loading map 'L1map' took 0.226
[2017.05.18-15.48.19:463][728]LogBlueprintUserMessages: Early PlayInEditor Detection: Level '/Game/L1/L1map.L1map:PersistentLevel' has LevelScriptBlueprint '/Game/L1/L1map.L1map:PersistentLevel.L1map' with GeneratedClass '/Game/L1/L1map.L1map_C' with ClassGeneratedBy '/Game/L1/L1map.L1map:PersistentLevel.L1map'
[2017.05.18-15.48.19:463][728]LogPlayLevel: PlayLevel: No blueprints needed recompiling
[2017.05.18-15.48.19:464][728]PIE: New page: PIE session: L1map (May 18, 2017, 6:48:19 PM)
[2017.05.18-15.48.19:465][728]LogPlayLevel: Creating play world package: /Game/L1/UEDPIE_0_L1map
[2017.05.18-15.48.19:489][728]LogPlayLevel: PIE: StaticDuplicateObject took: (0.023894s)
[2017.05.18-15.48.19:489][728]LogAIModule: Creating AISystem for world L1map
[2017.05.18-15.48.19:489][728]LogPlayLevel: PIE: World Init took: (0.000741s)
[2017.05.18-15.48.19:490][728]LogPlayLevel: PIE: Created PIE world by copying editor world from /Game/L1/L1map.L1map to /Game/L1/UEDPIE_0_L1map.L1map (0.025018s)
[2017.05.18-15.48.19:503][728]LogInit: XAudio2 using 'Altavoces (Realtek High Definition Audio)' : 2 channels at 48 kHz using 32 bits per sample (channel mask 0x3)
[2017.05.18-15.48.19:515][728]LogInit: FAudioDevice initialized.
[2017.05.18-15.48.19:561][728]LogWorld: Game class is 'GameMode'
[2017.05.18-15.48.19:586][728]LogWorld: Bringing World /Game/L1/UEDPIE_0_L1map.L1map up for play (max tick rate 60) at 2017.05.18-17.48.19
[2017.05.18-15.48.19:591][728]LogWorld: Bringing up level for play took: 0.029515
[2017.05.18-15.48.19:592][728]LogGameMode: Warning - PATHS NOT DEFINED or NO PLAYERSTART with positive rating
[2017.05.18-15.48.19:594][728]LogContentBrowser: Native class hierarchy updated for 'MovieSceneCapture' in 0.0005 seconds. Added 11 classes and 0 folders.
[2017.05.18-15.48.19:594][728]LogGameMode:Display: Match State Changed from EnteringMap to WaitingToStart
[2017.05.18-15.48.19:594][728]LogGameState: Match State Changed from EnteringMap to WaitingToStart
[2017.05.18-15.48.19:594][728]LogGameMode:Display: Match State Changed from WaitingToStart to InProgress
[2017.05.18-15.48.19:595][728]LogAnimation:Warning: AnimBP Girl_anim_bp_C is incompatible with skeleton bear_Skeleton, removing AnimBP from actor.
[2017.05.18-15.48.19:595][728]LogBlueprintUserMessages: [NPCS5] NPCS5  Social
[2017.05.18-15.48.19:596][728]LogAnimation:Warning: AnimBP Boy_AnimationBlueprint_C is incompatible with skeleton mrGuau_Skeleton, removing AnimBP from actor.
[2017.05.18-15.48.19:596][728]LogBlueprintUserMessages: [NPCS3_880] NPCS3  Naughty
[2017.05.18-15.48.19:596][728]LogAnimation:Warning: AnimBP Boy_AnimationBlueprint_C is incompatible with skeleton bear_Skeleton, removing AnimBP from actor.
[2017.05.18-15.48.19:597][728]LogBlueprintUserMessages: [NPCS4] NPCS4  Social
[2017.05.18-15.48.19:597][728]LogAnimation:Warning: AnimBP Boy_AnimationBlueprint_C is incompatible with skeleton bear_Skeleton, removing AnimBP from actor.
[2017.05.18-15.48.19:597][728]LogBlueprintUserMessages: [NPCS_206] NPCS  Social
[2017.05.18-15.48.19:597][728]LogPawn:Error: EnableInput can only be specified on a Pawn for its Controller
[2017.05.18-15.48.19:597][728]LogPawn:Error: EnableInput can only be specified on a Pawn for its Controller
[2017.05.18-15.48.19:598][728]LogPawn:Error: EnableInput can only be specified on a Pawn for its Controller
[2017.05.18-15.48.19:598][728]LogPawn:Error: EnableInput can only be specified on a Pawn for its Controller
[2017.05.18-15.48.19:598][728]LogPawn:Error: EnableInput can only be specified on a Pawn for its Controller
[2017.05.18-15.48.19:598][728]LogPawn:Error: EnableInput can only be specified on a Pawn for its Controller
[2017.05.18-15.48.19:598][728]LogPawn:Error: EnableInput can only be specified on a Pawn for its Controller
[2017.05.18-15.48.19:598][728]LogPawn:Error: EnableInput can only be specified on a Pawn for its Controller
[2017.05.18-15.48.19:598][728]LogPawn:Error: EnableInput can only be specified on a Pawn for its Controller
[2017.05.18-15.48.19:598][728]LogPawn:Error: EnableInput can only be specified on a Pawn for its Controller
[2017.05.18-15.48.19:599][728]LogPawn:Error: EnableInput can only be specified on a Pawn for its Controller
[2017.05.18-15.48.19:599][728]LogPawn:Error: EnableInput can only be specified on a Pawn for its Controller
[2017.05.18-15.48.19:599][728]LogPawn:Error: EnableInput can only be specified on a Pawn for its Controller
[2017.05.18-15.48.19:599][728]LogPawn:Error: EnableInput can only be specified on a Pawn for its Controller
[2017.05.18-15.48.19:600][728]LogBlueprintUserMessages: [L1map_C_1] m to Menu
[2017.05.18-15.48.19:600][728]LogGameState: Match State Changed from WaitingToStart to InProgress
[2017.05.18-15.48.19:601][728]PIE: Info Play in editor start time for /Game/L1/UEDPIE_0_L1map 0.706
[2017.05.18-15.48.19:601][728]LogBlueprintUserMessages: Late PlayInEditor Detection: Level '/Game/L1/L1map.L1map:PersistentLevel' has LevelScriptBlueprint '/Game/L1/L1map.L1map:PersistentLevel.L1map' with GeneratedClass '/Game/L1/L1map.L1map_C' with ClassGeneratedBy '/Game/L1/L1map.L1map:PersistentLevel.L1map'
[2017.05.18-15.48.19:643][729]LogRenderer: Reallocating scene render targets to support 1840x756 (Frame:930).
[2017.05.18-15.48.32:414][494]LogBlueprintUserMessages: Early EndPlayMap Detection: Level '/Game/L1/L1map.L1map:PersistentLevel' has LevelScriptBlueprint '/Game/L1/L1map.L1map:PersistentLevel.L1map' with GeneratedClass '/Game/L1/L1map.L1map_C' with ClassGeneratedBy '/Game/L1/L1map.L1map:PersistentLevel.L1map'
[2017.05.18-15.48.32:454][494]LogBlueprintUserMessages: Late EndPlayMap Detection: Level '/Game/L1/L1map.L1map:PersistentLevel' has LevelScriptBlueprint '/Game/L1/L1map.L1map:PersistentLevel.L1map' with GeneratedClass '/Game/L1/L1map.L1map_C' with ClassGeneratedBy '/Game/L1/L1map.L1map:PersistentLevel.L1map'
[2017.05.18-15.48.34:176][595]LogBlueprintUserMessages: Early PlayInEditor Detection: Level '/Game/L1/L1map.L1map:PersistentLevel' has LevelScriptBlueprint '/Game/L1/L1map.L1map:PersistentLevel.L1map' with GeneratedClass '/Game/L1/L1map.L1map_C' with ClassGeneratedBy '/Game/L1/L1map.L1map:PersistentLevel.L1map'
[2017.05.18-15.48.34:176][595]LogPlayLevel: PlayLevel: No blueprints needed recompiling
[2017.05.18-15.48.34:177][595]PIE: New page: PIE session: L1map (May 18, 2017, 6:48:34 PM)
[2017.05.18-15.48.34:178][595]LogPlayLevel: Creating play world package: /Game/L1/UEDPIE_0_L1map
[2017.05.18-15.48.34:205][595]LogPlayLevel: PIE: StaticDuplicateObject took: (0.027303s)
[2017.05.18-15.48.34:205][595]LogAIModule: Creating AISystem for world L1map
[2017.05.18-15.48.34:206][595]LogPlayLevel: PIE: World Init took: (0.000610s)
[2017.05.18-15.48.34:206][595]LogPlayLevel: PIE: Created PIE world by copying editor world from /Game/L1/L1map.L1map to /Game/L1/UEDPIE_0_L1map.L1map (0.028301s)
[2017.05.18-15.48.34:216][595]LogInit: XAudio2 using 'Altavoces (Realtek High Definition Audio)' : 2 channels at 48 kHz using 32 bits per sample (channel mask 0x3)
[2017.05.18-15.48.34:223][595]LogInit: FAudioDevice initialized.
[2017.05.18-15.48.34:252][595]LogWorld: Game class is 'GameMode'
[2017.05.18-15.48.34:277][595]LogWorld: Bringing World /Game/L1/UEDPIE_0_L1map.L1map up for play (max tick rate 60) at 2017.05.18-17.48.34
[2017.05.18-15.48.34:282][595]LogWorld: Bringing up level for play took: 0.029128
[2017.05.18-15.48.34:283][595]LogGameMode: Warning - PATHS NOT DEFINED or NO PLAYERSTART with positive rating
[2017.05.18-15.48.34:283][595]LogGameMode:Display: Match State Changed from EnteringMap to WaitingToStart
[2017.05.18-15.48.34:283][595]LogGameState: Match State Changed from EnteringMap to WaitingToStart
[2017.05.18-15.48.34:283][595]LogGameMode:Display: Match State Changed from WaitingToStart to InProgress
[2017.05.18-15.48.34:284][595]LogBlueprintUserMessages: [NPCS5] NPCS5  Explorer
[2017.05.18-15.48.34:284][595]LogBlueprintUserMessages: [NPCS3_880] NPCS3